1514456858051764226 Houston Rockets
1513720787882102786 Atlanta Hawks
1513322508988166148 Atlanta Hawks
1513308371302158340 Houston Rockets
1513301578408763392 Houston Rockets
1513248352145756168 Milwaukee Bucks
1512863242653159424 Atlanta Hawks
1512454740608794625 Atlanta Hawks
1512267202401030171 Houston Rockets
1512250197535072256 Milwaukee Bucks
1511439217267777544 Houston Rockets
1510462845892411392 Utah Jazz
1514412251180150785 Los Angeles Clippers
1513967182526533639 Houston Rockets
1512874157633163265 Houston Rockets
1511835759103385609 Houston Rockets
1511346706272727041 Houston Rockets
1510228291256569863 Houston Rockets
1504880795026137096 Chicago Bulls
1502835623123636229 Utah Jazz
1500297634241814533 Houston Rockets
1500276765477986306 Houston Rockets
1513674262384713741 Indiana Pacers
1512032737615622144 Los Angeles Clippers
1501764392156811276 Houston Rockets
1495923110146674688 Houston Rockets
1493492622022881282 Toronto Raptors
1490789327256891397 Houston Rockets
1489064824466288644 Houston Rockets
1488173005339508739 Houston Rockets
1485477485441597445 Houston Rockets
1484285316768878598 Houston Rockets
1474797395145891845 Milwaukee Bucks
1473373633749868553 Houston Rockets
1469924646061494273 Houston Rockets
1514434102124068867 Atlanta Hawks
1514380719778316290 Utah Jazz
1513995308027555842 Houston Rockets
1514642250717880326 Houston Rockets
1514480521451130880 Houston Rockets
1514431120548544514 Houston Rockets
1514426921681133574 Houston Rockets
1514425592837455874 Atlanta Hawks
1514425108978454535 Houston Rockets
1514424366045540361 Houston Rockets
1514422495834693634 Charlotte Hornets
1514420128208900096 Houston Rockets
1514418060769345539 Houston Rockets
1514405060486340615 Atlanta Hawks
1513237185373298692 Houston Rockets
1506700207785922569 New York Knicks
1500593523808161807 Denver Nuggets
1499928480946999301 Houston Rockets
1498134595212034052 Houston Rockets
1498134573527539716 Houston Rockets
1496600483464716300 Houston Rockets
1493636193736609801 Houston Rockets
1492286530735460355 Philadelphia 76ers
1491848403487268865 Washington Wizards
1491848295550967810 Houston Rockets
1513316215204331522 Atlanta Hawks
1513289557437001737 Atlanta Hawks
1512948489352851459 Houston Rockets
1512932069210574849 Atlanta Hawks
1512846809906954242 Los Angeles Clippers
1512222492148080643 Atlanta Hawks
1512222029994512387 New York Knicks
1512209380929941518 Atlanta Hawks
1512135099155951623 Atlanta Hawks
1511918282143678475 Atlanta Hawks
1511869767912669187 Los Angeles Clippers
1511858222482829313 Denver Nuggets
1511829277326589967 Houston Rockets
1514406745141039107 Denver Nuggets
1514289744687116298 Houston Rockets
1514285045044940808 Houston Rockets
1513992202514579466 Houston Rockets
1513503848425525250 Houston Rockets
1512706248684232704 Houston Rockets
1512186459574489088 Houston Rockets
1510427803635826693 Houston Rockets
1514589075394768896 Houston Rockets
1514589061700366345 Houston Rockets
1514436114676948993 Houston Rockets
1513744900226961410 Houston Rockets
1512991000439963649 Atlanta Hawks
1511001721597837321 Houston Rockets
1510970574486523907 Philadelphia 76ers
1510827669725843456 Atlanta Hawks
1510485747777871872 Houston Rockets
1514600495125463051 Houston Rockets
1514494108450103298 Milwaukee Bucks
1514490854664245253 Houston Rockets
1514098980875083777 Los Angeles Clippers
1513929810703171587 Houston Rockets
1513929726741602311 Charlotte Hornets
1513929695787724812 Houston Rockets
1513925029389651976 Houston Rockets
1513554935685816324 Houston Rockets
1513553670960463887 San Antonio Spurs
1514261359063715848 Houston Rockets
1514047679952736262 Houston Rockets
1513950590350594051 Houston Rockets
1513950382975762435 Washington Wizards
1513607088718688264 Houston Rockets
1513605230189027332 Los Angeles Lakers
1513566613412397056 Houston Rockets
1512423562325467143 Denver Nuggets
1511463974730186756 Philadelphia 76ers
1511431637518671884 Washington Wizards
1511062361926422534 Houston Rockets
1508481902528901129 Houston Rockets
1508463330410782734 Houston Rockets
1514647760414605312 Houston Rockets
1514647635172663303 Oklahoma City Thunder
1514646875613569026 Houston Rockets
1514645989940146176 Philadelphia 76ers
1514645959548235779 New Orleans Pelicans
1514284168901017614 Houston Rockets
1514283840554307589 Houston Rockets
1514280226322526209 Houston Rockets
1514279429840961537 New York Knicks
1514247267125166083 Houston Rockets
1514246449873453056 Los Angeles Clippers
1514091660178857988 Houston Rockets
1512819973483286528 Houston Rockets
1512789528523780100 New York Knicks
1511379803286519814 Houston Rockets
1509280331874111496 Los Angeles Clippers
1508993762558681090 Houston Rockets
1508283944449589258 Houston Rockets
1508161907865362433 Houston Rockets
1507489648439869441 Houston Rockets
1507373480047783937 Houston Rockets
1507199436568633351 Cleveland Cavaliers
1488975703697674240 Houston Rockets
1477378327488999434 Houston Rockets
1514341338812190729 Houston Rockets
1512953685009178627 Houston Rockets
1510005382059593733 Houston Rockets
1507448997656596513 Houston Rockets
1501201370057166859 Houston Rockets
1497691128044437504 Houston Rockets
1492357814928433157 Houston Rockets
1489967639921315844 Houston Rockets
1470046949772603393 Houston Rockets
1455680404380344321 Houston Rockets
1450604085393121282 Houston Rockets
1441162792539541513 Houston Rockets
1514039137061552133 New York Knicks
1514036637436719117 Houston Rockets
1513956471624581120 Houston Rockets
1512845881829171201 Houston Rockets
1512526105806319619 Utah Jazz
1512522198967328770 Houston Rockets
1512494991054102540 Houston Rockets
1512216231771783170 Houston Rockets
1510672387070734337 Houston Rockets
1510387928559763459 Houston Rockets
1504556923437424643 Houston Rockets
1491621215404011521 Houston Rockets
1491549884243136519 Houston Rockets
1491549695935713282 Houston Rockets
1491501503814770692 Toronto Raptors
1490552789122134017 Houston Rockets
1487270385628372994 Houston Rockets
1483971238347296769 Houston Rockets
1483971158903070722 Denver Nuggets
1483605487971090435 San Antonio Spurs
1483605443880624130 Houston Rockets
1483248278233927680 Houston Rockets
1514289087066300419 Houston Rockets
1512373193310445570 Houston Rockets
1510793870451302401 Washington Wizards
1510791873639723008 Houston Rockets
1510791426661040129 Los Angeles Lakers
1510369427979653122 Houston Rockets
1509908207342391301 Houston Rockets
1509586231373578248 Miami Heat
1509366547952939008 Denver Nuggets
1514637325535481863 Washington Wizards
1514637279188463619 Houston Rockets
1514637061399195652 Denver Nuggets
1514636880251428866 Houston Rockets
1514343089443418117 Phoenix Suns
1513333849933164554 Houston Rockets
1513286661530177548 Houston Rockets
1513170871745142786 Houston Rockets
1514633994364669952 Houston Rockets
1514052044901998595 Houston Rockets
1514050119456501768 Milwaukee Bucks
1514048730776879107 Houston Rockets
1514048714276487168 Houston Rockets
1514048653882806273 Houston Rockets
1514048502086737923 Houston Rockets
1514003921613824014 Houston Rockets
1512442399838158851 Houston Rockets
1512436235159154696 Philadelphia 76ers
1509462098186838022 Houston Rockets
1506288742021091341 New York Knicks
1505663327619399680 Houston Rockets
1504852644724158466 Los Angeles Clippers
1504850998333952001 Houston Rockets
1504850338326716417 New York Knicks
1504850164506374147 Houston Rockets
1504849953457381380 Houston Rockets
1504849130367205385 Houston Rockets
1504849104517619722 Houston Rockets
1504768445187043336 Denver Nuggets
1503677655111151617 Atlanta Hawks
1514635685856419841 Houston Rockets
1514561937094619136 Washington Wizards
1514561368388644875 Utah Jazz
1514560248006471681 Houston Rockets
1514559781679558656 Houston Rockets
1514559698019942406 Houston Rockets
1514559540465143811 Washington Wizards
1514559452313440256 Houston Rockets
1513943202914570240 Philadelphia 76ers
1513013838496493572 New York Knicks
1512343638432522241 Houston Rockets
1511683155010494464 Houston Rockets
1511682884360458244 Atlanta Hawks
1511681511313092610 Atlanta Hawks
1510928449879298066 Houston Rockets
1510927732997337088 Houston Rockets
1510659364041932803 Houston Rockets
1510653566255513601 Houston Rockets
1512642056996356103 Houston Rockets
1482540635190038530 Houston Rockets
1482530812733972482 Houston Rockets
1478945589366689794 Houston Rockets
1475000253560598528 Houston Rockets
1460544329332793347 Atlanta Hawks
1457243059662426113 Houston Rockets
1378553325336035329 Denver Nuggets
1267579649661587457 Atlanta Hawks
1267510829840285702 Philadelphia 76ers
1246873612272971783 Atlanta Hawks
1223484609289244672 Houston Rockets
1208109960426602496 Houston Rockets
1184634733688479748 Houston Rockets
1157682915582599171 Houston Rockets
1157311212641816576 Houston Rockets
1087806072394530816 Houston Rockets
1061446936073510912 Houston Rockets
1003081649859518464 Houston Rockets
996192959266787328 Houston Rockets
945101334461730817 Houston Rockets
1514642602024476676 Houston Rockets
1514618473413955596 Houston Rockets
1514595778253185025 Houston Rockets
1514593494538543106 Denver Nuggets
1514588243563536384 Houston Rockets
1514588048171974657 Houston Rockets
1514587418682347520 Houston Rockets
1514587343591776257 Houston Rockets
1514568412760100866 Washington Wizards
1514567446820179978 Houston Rockets
1509165199865036813 Houston Rockets
1475808882257764352 Houston Rockets
1417411068754907146 Houston Rockets
1407749336755228675 Houston Rockets
1401156191884087296 Houston Rockets
1507126924019216390 Houston Rockets
1507090055914995714 San Antonio Spurs
1501400155425329157 Houston Rockets
1501399928672825347 Houston Rockets
1503922924905975809 Atlanta Hawks
1503922750989160454 Houston Rockets
1514410765058560009 Houston Rockets
1509352765885227011 Charlotte Hornets
1508155979401150464 Houston Rockets
1507470257094545408 Los Angeles Clippers
1503849789250801677 Atlanta Hawks
1499942260770807810 Houston Rockets
1498091545559552000 Houston Rockets
1497993864568885254 Denver Nuggets
1497301700381753355 Houston Rockets
1496926668258410498 Houston Rockets
1496312901967257600 Houston Rockets
1490855470461964289 Houston Rockets
1486158258708619267 Houston Rockets
1482028184988266501 Brooklyn Nets
1514633507485597701 Houston Rockets
1514632632746733571 Houston Rockets
1514632422087790596 Houston Rockets
1514631022368854018 Utah Jazz
1514441959636537347 Minnesota Timberwolves
1514439154678919169 Houston Rockets
1514323209276985344 Houston Rockets
1514323175395377153 Houston Rockets
1514322459591274497 Utah Jazz
1514096175963463683 Houston Rockets
1514079302236577794 Houston Rockets
1514636103969607681 Houston Rockets
1514634013423677450 Houston Rockets
1514633964371206154 Indiana Pacers
1514633951809314832 Houston Rockets
1514633938211418120 Houston Rockets
1514495268464517126 Houston Rockets
1514451136035659778 Houston Rockets
1514451036714549253 Houston Rockets
1514450725199396867 Houston Rockets
1514442230290960387 Houston Rockets
1514442101811040264 Houston Rockets
1514441507624955907 Houston Rockets
1514632514794573830 Houston Rockets
1514632429700583429 Charlotte Hornets
1514632365754265600 Philadelphia 76ers
1514632160053010436 Houston Rockets
1514632133163241479 Houston Rockets
1514631896554221572 Chicago Bulls
1514556725336150016 Houston Rockets
1514556133452693508 Houston Rockets
1514556117543751683 Houston Rockets
1514556056625504257 Houston Rockets
1514555909686841348 Houston Rockets
1514611564443144195 Houston Rockets
1514328675268845568 Houston Rockets
1514328275807617035 Houston Rockets
1514305805302087694 Houston Rockets
1514301515657273352 Houston Rockets
1514272008003100675 Houston Rockets
1514271805426524176 Houston Rockets
1514262766445596677 Houston Rockets
1514262420763590658 Houston Rockets
1514262067083202561 Houston Rockets
1514250570214916102 Milwaukee Bucks
1513967627974107137 Houston Rockets
1513790705701122048 Indiana Pacers
1513782678591582210 Houston Rockets
1513761581112467462 Milwaukee Bucks
1513760870249242625 Houston Rockets
1513552670354821121 Detroit Pistons
1513275113659146241 Houston Rockets
1513266587918381058 Houston Rockets
1514431803280535558 Houston Rockets
1514262756794552321 Houston Rockets
1513858268271202305 Houston Rockets
1512837799120195587 Houston Rockets
1512600893790859264 Houston Rockets
1512070203688947717 Houston Rockets
1509989042590556165 Utah Jazz
1509592498766761997 Los Angeles Clippers
1509269750341419012 Houston Rockets
1509223559054381056 Denver Nuggets
1508134677739102216 Houston Rockets
1502885367569162243 Philadelphia 76ers
1496331380459978755 Denver Nuggets
1494677488080932866 Houston Rockets
1494510123120742403 Charlotte Hornets
1494509341080178702 Houston Rockets
1494507890517889037 Utah Jazz
1494314261992161280 Houston Rockets
1493400447712907269 Boston Celtics
1492709544794939394 Houston Rockets
1490803632807231491 Houston Rockets
1489464499014881281 Houston Rockets
1513612851553968131 Houston Rockets
1509942388520890375 Philadelphia 76ers
1509623694326485001 Indiana Pacers
1509612140008964097 Denver Nuggets
1509607697754345476 Houston Rockets
1509605653521784839 Houston Rockets
1509600989694898186 Houston Rockets
1508427214018289671 Houston Rockets
1500853335947161608 Atlanta Hawks
1500851492072341507 Houston Rockets
1498612648681873411 Houston Rockets
1497368129709776899 Houston Rockets
1514644244547448841 Houston Rockets
1514644104579321860 Chicago Bulls
1514643892565594122 Los Angeles Clippers
1514639180982366208 Milwaukee Bucks
1514639107141611522 Memphis Grizzlies
1514637103409373191 Houston Rockets
1514623568855937024 Houston Rockets
1514623527533662209 Los Angeles Clippers
1514623503391203335 Memphis Grizzlies
1506000809930153987 Houston Rockets
1420954101500702727 Houston Rockets
1392809851567415299 New York Knicks
1390684138919837700 Houston Rockets
1390671191376007169 Houston Rockets
1387768066264682504 Utah Jazz
1369469769930379267 Houston Rockets
1364313913114955776 Milwaukee Bucks
1319465823929569281 Houston Rockets
1296963904116084740 Houston Rockets
1296830686498820101 New York Knicks
1282483856151654400 Houston Rockets
1509280842551603209 Houston Rockets
1504667442194305024 Houston Rockets
1502647978322010119 Houston Rockets
1501941501214953476 Houston Rockets
1500565997086023684 Houston Rockets
1493065250463268867 Atlanta Hawks
1485368692422631427 Houston Rockets
1473115414653812741 Houston Rockets
1462096018758119431 Houston Rockets
1454202506700017680 Atlanta Hawks
1448092838013591560 New York Knicks
1447039589307277319 Houston Rockets
1437359376700870662 Houston Rockets
1514351774299312138 Utah Jazz
1514305955353219073 Houston Rockets
1513359159986638857 Houston Rockets
1513323952826945550 Houston Rockets
1509914838746734600 Houston Rockets
1509696169705943041 Houston Rockets
1509363625957412867 Houston Rockets
1508627094263275521 Houston Rockets
1504589950397915138 Houston Rockets
1504286484706299906 Houston Rockets
1514647221383352324 Los Angeles Clippers
1514626626146942986 Houston Rockets
1514353630178074626 Houston Rockets
1514347852201402368 Houston Rockets
1514306057912344578 Philadelphia 76ers
1514280801374023689 Chicago Bulls
1514277648628862999 Chicago Bulls
1514272775590010887 Houston Rockets
1514257625101352962 Houston Rockets
1514257323040120836 Chicago Bulls
1514078381775671297 Houston Rockets
1514024185902817284 Houston Rockets
1514610588822884363 Chicago Bulls
1514603731353886744 Chicago Bulls
1514163741440585728 Houston Rockets
1514159887508512769 Phoenix Suns
1514159862741098497 Houston Rockets
1514159849537482760 Houston Rockets
1514159832353456128 Houston Rockets
1514159819573415940 Houston Rockets
1514159803819606018 Houston Rockets
1514147391456296963 Houston Rockets
1513678469045051392 Houston Rockets
1510106923193946113 Houston Rockets
1506042752164777988 Houston Rockets
1497053212888629248 Houston Rockets
1496537699276455936 Houston Rockets
1494126102511378433 Chicago Bulls
1488717500875374592 Houston Rockets
1485762499366424576 Houston Rockets
1485147733220417536 Houston Rockets
1484978343309045760 Milwaukee Bucks
1484670412948525057 Milwaukee Bucks
1484370479947259912 Houston Rockets
1484235991019757569 Milwaukee Bucks
1479073089992417280 Houston Rockets
1441690719991721991 Houston Rockets
1440720036063170567 Houston Rockets
1437034482192760835 Denver Nuggets
1418918866844098570 Houston Rockets
1409121594182676481 Houston Rockets
1395141865515667456 Houston Rockets
1381766381776089092 Houston Rockets
1345885430605090817 Houston Rockets
1326997510536171522 Houston Rockets
1326891286834634755 Denver Nuggets
1323990787017900032 Detroit Pistons
1316761025895686147 Houston Rockets
1514542825110740998 Houston Rockets
1514439495873175553 Houston Rockets
1514438446621802499 Cleveland Cavaliers
1514382023804215301 Houston Rockets
1514356850791178240 Utah Jazz
1514356474667020288 Utah Jazz
1514322544077287425 Houston Rockets
1514302592431628298 Utah Jazz
1514302503600504844 Houston Rockets
1514062244585390080 Houston Rockets
1514379766861815811 Houston Rockets
1514263224270704654 Houston Rockets
1514263063423295497 Houston Rockets
1514649091250311175 Houston Rockets
1514648744368783370 Houston Rockets
1514186140970070023 Houston Rockets
1513835332277526529 Houston Rockets
1513473890428858369 Houston Rockets
1513473836129427461 Houston Rockets
1513440634199318529 Washington Wizards
1513345166157008900 Houston Rockets
1513344903878782979 Utah Jazz
1512495848663494663 Houston Rockets
1512495825615794178 Milwaukee Bucks
1514647405215555585 Houston Rockets
1514645540914487301 Houston Rockets
1514270892766990337 Los Angeles Clippers
1514270784851783682 Denver Nuggets
1514270703977222149 Houston Rockets
1514269506058821636 Houston Rockets
1513509901980602380 Houston Rockets
1513508135717281799 Houston Rockets
1513182382937026566 Houston Rockets
1512810991570112512 Houston Rockets
1512809992205832194 Houston Rockets
1512807629441150987 Atlanta Hawks
1512806797605847046 Houston Rockets
1512806520156835842 Houston Rockets
1513726512368799744 Houston Rockets
1513682044630429702 Houston Rockets
1512926546591322114 Houston Rockets
1512915523956215808 Houston Rockets
1511550959830200324 Houston Rockets
1511191705990537219 Milwaukee Bucks
1511111448658780167 Milwaukee Bucks
1510754931774427140 Houston Rockets
1510615260717150214 Houston Rockets
1510461559880835072 Milwaukee Bucks
1510460828499132417 Houston Rockets
1514596204285513729 Indiana Pacers
1514420765684285451 Philadelphia 76ers
1514420492874170373 Cleveland Cavaliers
1514396542089809921 Houston Rockets
1514080789620830210 Cleveland Cavaliers
1514044509830660099 Cleveland Cavaliers
1514033030792462346 Houston Rockets
1514011391329554434 Cleveland Cavaliers
1514008655808630802 Houston Rockets
1514006367513812994 Houston Rockets
1514002471840100353 Houston Rockets
1514001604218966024 Houston Rockets
1513962196027547655 Cleveland Cavaliers
1513916923939115009 Houston Rockets
1514646305146122251 Brooklyn Nets
1514413512235307009 Houston Rockets
1514394738903900162 Indiana Pacers
1514269762897039368 Houston Rockets
1514269232988663810 Houston Rockets
1514055119607930882 Indiana Pacers
1514051416381440013 Houston Rockets
1513718195701661700 Los Angeles Clippers
1513699048359960582 New York Knicks
1513698983398543361 Houston Rockets
1513221322435874816 Houston Rockets
1513158781202538498 Houston Rockets
1512923320181673986 Houston Rockets
1512846491433549828 Denver Nuggets
1514640699576180736 Houston Rockets
1514640470785277964 Dallas Mavericks
1514428082664484869 Houston Rockets
1514374133760630788 Houston Rockets
1514373779102777349 Houston Rockets
1514330304181379075 Houston Rockets
1514251020540551173 Dallas Mavericks
1514077004311711750 Houston Rockets
1514648947343728652 Indiana Pacers
1514648282877902856 Houston Rockets
1514647207001083910 Houston Rockets
1514632326390685696 Houston Rockets
1514631347628822534 Houston Rockets
1514435115342077956 Houston Rockets
1514420324212916224 Houston Rockets
1514404191481081862 Houston Rockets
1514384398858305543 Atlanta Hawks
1514339670204850181 Utah Jazz
1514339206704898053 Houston Rockets
1494741339300372483 Atlanta Hawks
1494740699727675393 Philadelphia 76ers
1462193555691261959 Houston Rockets
1458857352250101760 Houston Rockets
1455636579372998659 Houston Rockets
1448706084135395332 New York Knicks
1431282583170543616 Houston Rockets
1514314387120603145 Houston Rockets
1514313567490777097 Houston Rockets
1514235235881431043 Dallas Mavericks
1514058946612449286 Houston Rockets
1514001883735728129 Houston Rockets
1514000965870960640 Houston Rockets
1513927889107963908 Denver Nuggets
1513927809768566786 Houston Rockets
1513876976922202130 Houston Rockets
1514647536862216204 Houston Rockets
1514533350161240070 Houston Rockets
1514418188217470986 Golden State Warriors
1514351265676935168 Dallas Mavericks
1513203496174161925 Houston Rockets
1512913204233576453 Houston Rockets
1512657799129583622 Denver Nuggets
1512347134523232258 Houston Rockets
1512275050333884416 Houston Rockets
1512139802086461445 Houston Rockets
1511929822859169792 Houston Rockets
1514641644485763088 Cleveland Cavaliers
1514409004000284678 Philadelphia 76ers
1514337775050543107 Houston Rockets
1514335944417189907 Houston Rockets
1514266091111030786 Houston Rockets
1513929696878239751 Houston Rockets
1513927371883167744 Denver Nuggets
1513625379461869571 New York Knicks
1513605469029425157 Houston Rockets
1484942000042516482 Denver Nuggets
1406381919311478785 Chicago Bulls
1391616101117792257 Philadelphia 76ers
1390726956929409024 Atlanta Hawks
1387848346388291584 Houston Rockets
1387244620229353474 Houston Rockets
1387234335326183432 Houston Rockets
1387231702641172483 Houston Rockets
1514648815277641734 Dallas Mavericks
1512827777547972628 Houston Rockets
1510756986866085889 Houston Rockets
1506062159939260417 Houston Rockets
1500995070878752769 Houston Rockets
1483943729673252864 Houston Rockets
1482937970764222476 Houston Rockets
1482112066035068928 Houston Rockets
1469861219867709441 Houston Rockets
1469840856790224900 Houston Rockets
1469840226021519360 Houston Rockets
1514649185634721793 Dallas Mavericks
1512634807653744645 Phoenix Suns
1511889370357370880 Houston Rockets
1509877499936878597 Utah Jazz
1509877361365372938 Houston Rockets
1509877219434369029 Houston Rockets
1509877118968250368 Dallas Mavericks
1509603080593100803 Houston Rockets
1509602654829395975 Houston Rockets
1509471183292538883 Houston Rockets
1508989425262411783 Houston Rockets
1514613669916643328 Houston Rockets
1513972264177438720 Houston Rockets
1513614551530582024 Houston Rockets
1513537881608015874 Houston Rockets
1513521110591102989 Houston Rockets
1514067837370863618 Houston Rockets
1512149668192407552 Denver Nuggets
1503551982379753476 Houston Rockets
1503547426329620480 Denver Nuggets
1501587656060256256 Houston Rockets
1496218441296097280 Houston Rockets
1494838697996345345 Houston Rockets
1494795116237582336 Houston Rockets
1494342681442455554 Milwaukee Bucks
1493779838276046853 Houston Rockets
1493710090196582400 Houston Rockets
1491994464125997057 Denver Nuggets
1491993283773362180 Houston Rockets
1491582291981660160 Houston Rockets
1514596103441854473 Houston Rockets
1514418222547849218 Indiana Pacers
1514073190980587525 Houston Rockets
1514052485450805252 Atlanta Hawks
1513955100527632394 Houston Rockets
1513877135320039427 Houston Rockets
1513528356343582720 Houston Rockets
1513238673327861765 Houston Rockets
1513228795872002051 Houston Rockets
1512598547920732164 Houston Rockets
1512417190573715458 Denver Nuggets
1512408244412723201 Houston Rockets
1512384926485729283 Denver Nuggets
1461538656821280771 Houston Rockets
1402827826789707781 Houston Rockets
1383139153689288704 Houston Rockets
1383138260466028545 Houston Rockets
1344069871332552705 Houston Rockets
1340845420486914050 Houston Rockets
1302234432263221249 Houston Rockets
1300827130637373440 Houston Rockets
1300256710523785218 Houston Rockets
1273391182035460099 Denver Nuggets
1273391131410063361 Denver Nuggets
1227400238962364416 Houston Rockets
1210768593392025601 Houston Rockets
1204826207759372288 Houston Rockets
1163873178642345984 Houston Rockets
1514257134556434439 Philadelphia 76ers
1514257049332469764 Philadelphia 76ers
1514117035160129538 Denver Nuggets
1514099299495333897 Houston Rockets
1513915157436669961 Houston Rockets
1513914576420626436 Houston Rockets
1513914529520005129 Houston Rockets
1513389937671880706 Atlanta Hawks
1513365319489765376 Houston Rockets
1513032728765075461 Houston Rockets
1513031941309620230 Houston Rockets
1512989387608387589 Houston Rockets
1514272639530983424 Charlotte Hornets
1512992166565589005 Houston Rockets
1512420235726376962 Houston Rockets
1512089327995482132 Atlanta Hawks
1511751157894496256 Houston Rockets
1510455849281536005 Houston Rockets
1510278825669799940 Houston Rockets
1510074086919081985 New York Knicks
1509979778568368128 Atlanta Hawks
1509962593930289164 Denver Nuggets
1509958216817553410 Houston Rockets
1509927662101405699 Houston Rockets
1509919084149817348 Houston Rockets
1514450760045457408 Houston Rockets
1513719186945572864 Houston Rockets
1512252720035471364 Houston Rockets
1511733616581218324 Houston Rockets
1511438129265319944 Houston Rockets
1511224198361931779 Houston Rockets
1511207152706277381 Houston Rockets
1511143174781157376 Utah Jazz
1512269781163909122 Houston Rockets
1512148860344406019 Washington Wizards
1510173075202981892 Atlanta Hawks
1507572329496432642 Houston Rockets
1506373999806275584 Houston Rockets
1504867376201928758 Houston Rockets
1503890579930980355 Washington Wizards
1499087833637785601 Atlanta Hawks
1495064984656629762 Denver Nuggets
1485017578325954560 Houston Rockets
1485017303393521665 Milwaukee Bucks
1511104315464761344 Milwaukee Bucks
1510743102486630410 Denver Nuggets
1504545044220428307 Houston Rockets
1502995581316198402 Houston Rockets
1514646735666122755 Detroit Pistons
1514445494725931008 Philadelphia 76ers
1514005804810047490 Houston Rockets
1514005787198119936 Houston Rockets
1514005725907140611 Houston Rockets
1513293603539329030 Detroit Pistons
1512815208812539904 Houston Rockets
1512497787237142528 Houston Rockets
1512497142635524100 Detroit Pistons
1512442636409323521 Detroit Pistons
1512442400068624386 Houston Rockets
1511568864114470913 Philadelphia 76ers
1509180573167673346 Detroit Pistons
1514299056738246660 Houston Rockets
1513891096052518923 Houston Rockets
1514399843707359234 Houston Rockets
1511965977235230720 Detroit Pistons
1514643868733558785 Houston Rockets
1514641698470699018 Utah Jazz
1514641181073883137 Houston Rockets
1514639174594441228 Utah Jazz
1514638981446746114 Houston Rockets
1514345717116067842 Philadelphia 76ers
1514332213143388160 Houston Rockets
1514331371464019976 Washington Wizards
1514331219349094402 Houston Rockets
1514331088457539584 Houston Rockets
1514330010743619590 Houston Rockets
1514284533994115078 Houston Rockets
1202069101151043584 Houston Rockets
1201644125872783360 Houston Rockets
1201637097091715072 Houston Rockets
1196866670284853248 Houston Rockets
1187044772646543360 Houston Rockets
1513342907251535874 Houston Rockets
1512965400547377157 Houston Rockets
1512225004909305856 Houston Rockets
1510083772674617345 Los Angeles Lakers
1509722572430413826 Houston Rockets
1509023323686060040 Houston Rockets
1508335334202904577 Atlanta Hawks
1508333651733278721 Toronto Raptors
1504630558080794627 Los Angeles Clippers
1503743520141889538 Houston Rockets
1499939843195162625 Houston Rockets
1498133227667886094 Houston Rockets
1493785515677876224 Houston Rockets
1513547406511587328 Charlotte Hornets
1513546636085149701 Milwaukee Bucks
1512268021745737731 Detroit Pistons
1512267515057082368 Detroit Pistons
1512265929555595305 Detroit Pistons
1512265888262672411 Detroit Pistons
1508064896075849732 Houston Rockets
1506788193366155280 Houston Rockets
1506660758817492992 Houston Rockets
1513629768725549062 Houston Rockets
1513593740958609418 Utah Jazz
1503544891602780160 Houston Rockets
1478780026485198848 Atlanta Hawks
1434797866627657735 Utah Jazz
1434788379174993921 Houston Rockets
1428187932687577089 Houston Rockets
1423358607677018112 Brooklyn Nets
1417696360413925378 Houston Rockets
1414646769863045121 Oklahoma City Thunder
1512256450306920470 Houston Rockets
1510755842261409798 Dallas Mavericks
1510714508146319363 Utah Jazz
1510070837772263427 Houston Rockets
1509704022806179841 Houston Rockets
1508558346072338436 Golden State Warriors
1508540299815133187 Washington Wizards
1508536530826108934 Utah Jazz
1503422362833891331 Houston Rockets
1503421987988905993 Atlanta Hawks
1502086241457688596 Houston Rockets
1499587954888560654 Houston Rockets
1509004863182712836 Los Angeles Clippers
1508996436322566147 Houston Rockets
1372922785576681481 Houston Rockets
1363234434930081798 Houston Rockets
1361710936818671616 Houston Rockets
1361501206099681280 Milwaukee Bucks
1358465975599984645 Houston Rockets
1356652212588589059 Milwaukee Bucks
1356652129000316928 Houston Rockets
1355730360810823693 Boston Celtics
1342930300175863809 Philadelphia 76ers
1342560003920711680 Houston Rockets
1514312078466723842 Cleveland Cavaliers
1514295610408644619 Houston Rockets
1514292683283574791 Philadelphia 76ers
1513997212363235333 Houston Rockets
1513745347469840386 New York Knicks
1513745243551813634 Atlanta Hawks
1513572471403859972 Utah Jazz
1513231148792619024 Houston Rockets
1512912257956655106 Houston Rockets
1514650588373721089 Houston Rockets
1514649598287302657 San Antonio Spurs
1514649557535424512 Chicago Bulls
1514649530574471169 Houston Rockets
1514649440459816960 Houston Rockets
1514649390891560962 Denver Nuggets
1482383988727500803 Houston Rockets
1467940736561647619 Houston Rockets
1466865604090941445 Indiana Pacers
1448551586154749952 Houston Rockets
1437060269465759751 Houston Rockets
1437036463338627080 Houston Rockets
1433139279706816516 Houston Rockets
1426892615962697729 Denver Nuggets
1424335282476703745 Houston Rockets
1424326477525389318 Houston Rockets
1422904054229782528 Utah Jazz
1418914523617054726 Houston Rockets
1418541349230419974 Houston Rockets
1417696444224401409 Houston Rockets
1514648737636917249 Houston Rockets
1514648223645937675 Los Angeles Lakers
1514641808269221894 Los Angeles Lakers
1514641133514723329 Cleveland Cavaliers
1514641070717612041 Houston Rockets
1514640563013832705 Houston Rockets
1514639785083777026 Milwaukee Bucks
1514639245050269699 Houston Rockets
1514635535310012424 Utah Jazz
1514626688860270593 Houston Rockets
1514626637106761734 Utah Jazz
1514626393665155075 Houston Rockets
1514521104378994696 Houston Rockets
1514444719056732166 Houston Rockets
1514066484577853444 Houston Rockets
1513743446414180357 Houston Rockets
1513737988869603329 Houston Rockets
1512648586680586244 Houston Rockets
1508812912038748161 Houston Rockets
1508807252093906946 Houston Rockets
1508806189345349648 Houston Rockets
1507417713618075665 Houston Rockets
1506871703477104644 Houston Rockets
1506869158658641921 Houston Rockets
1484613121750847496 Los Angeles Lakers
1468219117912133640 Houston Rockets
1432195701346344963 Houston Rockets
1429331946753204228 Houston Rockets
1381979115293655047 Oklahoma City Thunder
1514647817687646211 Chicago Bulls
1510800853950738434 Charlotte Hornets
1500315769225232387 Houston Rockets
1514635177745686539 Houston Rockets
1514196520840699910 Houston Rockets
1513277286052675585 Houston Rockets
1512842082972581890 Houston Rockets
1511615886817472513 Houston Rockets
1512749059521622019 Atlanta Hawks
1512570335488577541 Houston Rockets
1503487938449055750 Houston Rockets
1503372827524837379 Houston Rockets
1503297599931092996 Houston Rockets
1502577242941136899 Houston Rockets
1502576568509640704 Atlanta Hawks
1502576542823690244 Los Angeles Clippers
1500970561207509001 Houston Rockets
1499907861383720963 Houston Rockets
1495851392921124871 Houston Rockets
1511197334813609988 Houston Rockets
1507537698621464582 Houston Rockets
1503516671297871872 Oklahoma City Thunder
1500502393745727488 Houston Rockets
1495837483086786560 Houston Rockets
1483493399831490567 Houston Rockets
1477336680021569536 Houston Rockets
1471854284287397896 Houston Rockets
1468667383606882304 Charlotte Hornets
1468212438457856002 Houston Rockets
1465381952760987656 Houston Rockets
1462601227779330059 Houston Rockets
1514649879447945217 Philadelphia 76ers
1514563585430769668 Houston Rockets
1514562327080845314 Houston Rockets
1514489400738074626 Houston Rockets
1514488327948636163 Houston Rockets
1514367472857669635 Houston Rockets
1513987547046760454 Denver Nuggets
1513937638285316098 Houston Rockets
1513937080807796736 Houston Rockets
1513901341537714185 Houston Rockets
1513743379661824000 Houston Rockets
1513679739747188736 Houston Rockets
1513679509760970752 Houston Rockets
1514649825899393028 Houston Rockets
1514649377306034179 Houston Rockets
1514396047841415168 Houston Rockets
1512418434407178240 Houston Rockets
1512185484671344640 Houston Rockets
1512174781235355648 Houston Rockets
1512056422992863239 Houston Rockets
1512055469052993543 Atlanta Hawks
1512053252996612096 Milwaukee Bucks
1512051728874672134 Utah Jazz
1512050683637338118 Houston Rockets
1512050373086916613 Houston Rockets
1512047914058752144 Houston Rockets
1512039275096952836 Houston Rockets
1514647125774114834 Houston Rockets
1513616573218508800 Houston Rockets
1513596803526012930 Houston Rockets
1512183025987055618 Houston Rockets
1511623984084783106 Utah Jazz
1511445110717775873 Houston Rockets
1514621856669745153 Houston Rockets
1514619156682797059 Houston Rockets
1514558498192900099 Atlanta Hawks
1514556798862254081 Atlanta Hawks
1514556191153795072 Houston Rockets
1513873859568717831 Houston Rockets
1513602656027168774 Denver Nuggets
1513601741467660295 Indiana Pacers
1513600204427173893 Philadelphia 76ers
1513558596826673160 Houston Rockets
1513528470722252806 Houston Rockets
1513526144682938372 Houston Rockets
1514349986812674057 Los Angeles Lakers
1514142965769416707 Los Angeles Clippers
1513814102992465922 New York Knicks
1513810654783844355 Houston Rockets
1479823812724207620 Houston Rockets
1479053921075318791 Houston Rockets
1478891405942661123 Milwaukee Bucks
1514648787985346564 Houston Rockets
1514648046918901761 Houston Rockets
1514634040166518790 Houston Rockets
1514632219893059587 Utah Jazz
1514628506524827651 Los Angeles Lakers
1514624641922387977 Houston Rockets
1514624554609610752 Atlanta Hawks
1514624123317760007 New Orleans Pelicans
1514648291673260045 Houston Rockets
1514646861356937227 Houston Rockets
1514638628072443910 Houston Rockets
1514613315917414409 Houston Rockets
1514437431327707136 Atlanta Hawks
1514408650449858567 Houston Rockets
1514267996159680514 Houston Rockets
1514240559279398927 Houston Rockets
1514240306736254976 Houston Rockets
1514237063222157312 Phoenix Suns
1514108012084011009 Philadelphia 76ers
1514103078433300480 Houston Rockets
1514097232437563397 Houston Rockets
1514299671031783424 Houston Rockets
1514025626071560192 Houston Rockets
1513893240935755779 Houston Rockets
1513892730887458823 Houston Rockets
1513604300387221508 Denver Nuggets
1513583845467172870 Houston Rockets
1513366524727369734 Houston Rockets
1513365767508701188 Houston Rockets
1513299615461818369 Houston Rockets
1513292019489284100 Houston Rockets
1513284503455866889 Houston Rockets
1513283557048950792 Houston Rockets
1513277668120317960 Houston Rockets
1513275175927750661 Houston Rockets
1513257829330825223 Los Angeles Clippers
1514629075553427460 Houston Rockets
1514355215239192579 Philadelphia 76ers
1514316868865208324 Los Angeles Lakers
1514651243213656065 Houston Rockets
1514651176872349696 Houston Rockets
1514648185100468226 Houston Rockets
1514647888802254849 Houston Rockets
1514647528243101702 Houston Rockets
1514647181852278785 Houston Rockets
1514646901274329089 New York Knicks
1514626526762909697 Houston Rockets
1514599394775027712 Houston Rockets
1514592435594268685 Charlotte Hornets
1514585364429783041 Houston Rockets
1514475809213489153 Indiana Pacers
1514475797867896833 Houston Rockets
1514475787860254721 Indiana Pacers
1514475623250595841 Indiana Pacers
1514475540845113344 Indiana Pacers
1514475527926689795 Houston Rockets
1514475386926731264 Indiana Pacers
1514475370413703177 Indiana Pacers
1514475347693158402 Indiana Pacers
1514475321881419776 Indiana Pacers
1514475291585957889 Indiana Pacers
1514621963829882882 Houston Rockets
1514613219402256391 Houston Rockets
1514580149387202561 Houston Rockets
1514578078315401219 Houston Rockets
1514521400903540737 San Antonio Spurs
1514519493799677957 Utah Jazz
1514518707485085698 Houston Rockets
1514358808327294978 Houston Rockets
1514617510460485653 Utah Jazz
1514617163939606533 Houston Rockets
1514617129542201345 Houston Rockets
1514596212506255360 Houston Rockets
1514443268142112775 Houston Rockets
1514427387563458564 Houston Rockets
1514404523053363202 Houston Rockets
1514374280896729091 Houston Rockets
1514338434248327168 New York Knicks
1514336643964096520 Houston Rockets
1514335890147008522 Utah Jazz
1514334847078395904 Houston Rockets
1514333496776527879 Houston Rockets
1514333368934187020 Houston Rockets
1514332002148925447 Houston Rockets
1513451511313059847 Houston Rockets
1512955409757351939 Atlanta Hawks
1512489581005914115 Houston Rockets
1512421537990774787 Houston Rockets
1512122881714671616 New York Knicks
1512094187944128519 Atlanta Hawks
1512077582115610647 Atlanta Hawks
1512075091055587328 Houston Rockets
1511771134156587016 Utah Jazz
1414034305836277772 Houston Rockets
1409279362550140932 Houston Rockets
1409165742075940870 Houston Rockets
1514596107543879683 Houston Rockets
1514593959124901892 Houston Rockets
1514585159076622345 Houston Rockets
1514240247995027458 Houston Rockets
1513860196178800646 New York Knicks
1513676274115485705 Houston Rockets
1513171934640545794 Houston Rockets
1513171678020444176 Houston Rockets
1513171270912946178 Houston Rockets
1513170999910490119 Houston Rockets
1513169718873579532 Indiana Pacers
1512561980078493701 Houston Rockets
1514376435154173956 Houston Rockets
1513897617352241159 Houston Rockets
1513335161211047939 Atlanta Hawks
1512497298852438029 Houston Rockets
1510772956120690692 Houston Rockets
1510652641923244042 Houston Rockets
1510475163137191936 Houston Rockets
1510280256866947079 Utah Jazz
1508942679928979457 Indiana Pacers
1507060194060259341 Indiana Pacers
1506816654449205252 Indiana Pacers
1505401421612695554 Houston Rockets
1505258363508117516 Phoenix Suns
1514427308211322889 Houston Rockets
1514407777048932353 Houston Rockets
1514365685694148613 Houston Rockets
1514045807288324097 Houston Rockets
1513988216076054536 Utah Jazz
1513974869482000396 Houston Rockets
1513958265075507201 Houston Rockets
1513957772899110921 New York Knicks
1514440251896483841 Houston Rockets
1514004571030437890 Houston Rockets
1512779545144877061 Utah Jazz
1512777475067199490 Houston Rockets
1510637945849585668 Houston Rockets
1510090221777469441 Houston Rockets
1510082627440713729 Houston Rockets
1509431620452896768 Houston Rockets
1508280199904964608 Houston Rockets
1506430100300083210 Houston Rockets
1505203031368945669 Houston Rockets
1507631848704589827 Houston Rockets
1497949127225004039 Houston Rockets
1514137960836317184 Houston Rockets
1513095900234596352 Los Angeles Lakers
1509067155731468292 Houston Rockets
1509067077121765376 Houston Rockets
1507944781732753411 Houston Rockets
1507662654071980032 Atlanta Hawks
1504114446632845315 Atlanta Hawks
1501788875743645701 Houston Rockets
1501566335603539968 Houston Rockets
1501554649165295616 Houston Rockets
1498949661071007746 Denver Nuggets
1514442466073657346 Los Angeles Clippers
1514377288799989766 Houston Rockets
1514331003036352515 Los Angeles Clippers
1514259306362851328 Houston Rockets
1514230418257719301 Washington Wizards
1514055801777840132 Cleveland Cavaliers
1514029010573053962 Houston Rockets
1513967869859618830 Denver Nuggets
1513378482549506050 Houston Rockets
1510214110952099841 Houston Rockets
1509978830554890243 Houston Rockets
1509044718373466117 Los Angeles Clippers
1509029568539111428 Houston Rockets
1507972012823629825 Houston Rockets
1506344579980677121 Houston Rockets
1505185134969974785 Houston Rockets
1504979280689729541 Atlanta Hawks
1511950118924300291 Houston Rockets
1509030276475015168 Los Angeles Clippers
1508985376849145857 Houston Rockets
1507434989671297029 Houston Rockets
1507434965323366400 Atlanta Hawks
1507434910038265858 Houston Rockets
1507434883832246272 Houston Rockets
1507434824642232325 Houston Rockets
1507434740311543809 Los Angeles Clippers
1507434539739918336 Houston Rockets
1505455834943598593 Houston Rockets
1509149228651720709 Houston Rockets
1507544481268219914 Houston Rockets
1506755905580412932 Houston Rockets
1357432366676013060 Los Angeles Clippers
1355603493764157441 San Antonio Spurs
1355579968319795206 San Antonio Spurs
1352417464810958849 Houston Rockets
1513082742036209664 Houston Rockets
1512890882516824067 Los Angeles Clippers
1512564848105861127 Houston Rockets
1501372195162890246 Houston Rockets
1495126937458536448 Houston Rockets
1410846484329746435 Houston Rockets
1337300773542105088 Houston Rockets
1337192080460812289 Houston Rockets
1279724373440524288 Denver Nuggets
1264328941491220481 Houston Rockets
1264327542007140353 Houston Rockets
1260535972220923904 Utah Jazz
1260535161575190528 Houston Rockets
1253533557093314561 Houston Rockets
1253265353284542464 Minnesota Timberwolves
1251069854666223616 Charlotte Hornets
1514533131113545730 Los Angeles Clippers
1514152188750155778 Houston Rockets
1514099082482003969 Houston Rockets
1514099071107010560 Houston Rockets
1514089425759657990 Los Angeles Clippers
1514061939906793472 Houston Rockets
1514061925126082560 Houston Rockets
1514051980963942401 Houston Rockets
1513753500974415877 Houston Rockets
1513294379913383942 Houston Rockets
1513294361458401284 Houston Rockets
1513012960095993860 Los Angeles Clippers
1514533027581345792 Los Angeles Clippers
1514152017559654403 Houston Rockets
1514099171598344192 Houston Rockets
1377175983036399616 Houston Rockets
1513204510834974737 Los Angeles Clippers
1513599675185700874 Los Angeles Lakers
1508208894061027332 Los Angeles Lakers
1507082020303818758 Los Angeles Lakers
1505986088753676290 Houston Rockets
1503867695388839944 Los Angeles Lakers
1502554726537248770 Los Angeles Lakers
1498087226613264385 Los Angeles Lakers
1494870302236594182 Los Angeles Lakers
1493742313398579200 Los Angeles Lakers
1490460134698594311 Los Angeles Lakers
1488281458171158531 Los Angeles Lakers
1487222057855299584 Los Angeles Lakers
1486143472713228295 Los Angeles Lakers
1485068225847209989 Los Angeles Lakers
1483970075782750208 Los Angeles Lakers
1511843983743348739 Atlanta Hawks
1511843242911756291 Houston Rockets
1510061708114419712 Houston Rockets
1508247561919860739 Houston Rockets
1508227573322432515 Houston Rockets
1507629178379661316 Atlanta Hawks
1506151265247457280 Houston Rockets
1506150339652710400 Houston Rockets
1506084751928553475 Houston Rockets
1514574200660537346 Houston Rockets
1514279763191476225 Houston Rockets
1514189163758772226 Denver Nuggets
1514181616440074240 Los Angeles Lakers
1514158964010803201 Denver Nuggets
1514045718494859273 Houston Rockets
1513992871401111559 Houston Rockets
1513955122753191938 New York Knicks
1513902276234129413 Houston Rockets
1513705979711533057 Houston Rockets
1513403992046514176 Sacramento Kings
1513358693471031298 Houston Rockets
1513336042673344517 Houston Rockets
1513215249012383744 Houston Rockets
1512935906319163398 Houston Rockets
754756584719409153 Houston Rockets
754708645930237952 Houston Rockets
754708221483507712 Houston Rockets
1514598661358960646 Houston Rockets
1514598623056592898 Houston Rockets
1514464447741399043 Houston Rockets
1514464405659914243 Houston Rockets
1514464312420716545 Atlanta Hawks
1514453536100081670 Toronto Raptors
1514453527107579904 Houston Rockets
1514453518156853248 Houston Rockets
1514438048440020992 Houston Rockets
1514437920253390848 Houston Rockets
1514437863772856322 Los Angeles Lakers
1514435134782464000 Houston Rockets
1514632355411271683 Houston Rockets
1505904550091554817 Milwaukee Bucks
1489496952706592771 Houston Rockets
1488518273725771778 Los Angeles Lakers
1486297906345017345 Los Angeles Lakers
1485935577564610560 Los Angeles Lakers
1485197261428584448 Houston Rockets
1485196851900911616 Los Angeles Lakers
1484933987365789696 Milwaukee Bucks
1514002027713544192 Milwaukee Bucks
1512384060433260546 Houston Rockets
1512113226716225537 Utah Jazz
1512094781589139459 Houston Rockets
1511376658602811406 Utah Jazz
1510441520150818818 Houston Rockets
1510396572747587586 Houston Rockets
1509982465032654849 Houston Rockets
1509868150917054472 Charlotte Hornets
1509190393061117958 Brooklyn Nets
1509166130690244620 Houston Rockets
1509156451650052101 Houston Rockets
1514244702274560007 Houston Rockets
1514244669936439299 Houston Rockets
1514244655919116290 Houston Rockets
1514242432287842306 Washington Wizards
1514242418182393870 Los Angeles Lakers
1514212835055779840 Houston Rockets
1514212603156905987 Los Angeles Lakers
1513864355871404034 Houston Rockets
1510473069428678658 Denver Nuggets
1510472155506655234 Houston Rockets
1510472081581948928 Houston Rockets
1510122233653563395 Houston Rockets
1510121885757059072 Houston Rockets
1514651953518817280 Houston Rockets
1514651797226496004 Indiana Pacers
1514474172927385611 Houston Rockets
1514474076827533314 Houston Rockets
1514473890826883076 Memphis Grizzlies
1514473818533896194 Atlanta Hawks
1514473765589168129 Houston Rockets
1514473709217665025 Houston Rockets
1514473681728196608 Atlanta Hawks
1514473544952029187 Atlanta Hawks
1514473474676465666 Houston Rockets
1514473349329661956 Houston Rockets
1514473277367984129 Houston Rockets
1514443031084163076 Houston Rockets
1514442574181941252 Houston Rockets
1514651846773723138 Houston Rockets
1514651743501565963 Houston Rockets
1514399653290299393 Orlando Magic
1514063070620004356 Atlanta Hawks
1513142036643430409 Houston Rockets
1512997110458814467 Houston Rockets
1512892298413199370 Houston Rockets
1512588603192451076 Houston Rockets
1511855072145199111 Houston Rockets
1514652070497955841 Houston Rockets
1514612835237519387 Oklahoma City Thunder
1514349064485318660 Charlotte Hornets
1514290633971843088 Houston Rockets
1514290184635961358 Houston Rockets
1514289151159513091 Houston Rockets
1514286112042332160 Houston Rockets
1514274365692694534 Houston Rockets
1514245724338368514 Minnesota Timberwolves
1514245139342008321 Houston Rockets
1513989108707717121 Houston Rockets
1512454772468563970 Houston Rockets
1514099806599368707 Utah Jazz
1513570146664730632 Houston Rockets
1510089636940750853 Atlanta Hawks
1509364829835997186 Houston Rockets
1509362287748042756 Houston Rockets
1509361724452913153 Atlanta Hawks
1514648564902862850 Houston Rockets
1514610268537438211 Indiana Pacers
1513741113496064003 Houston Rockets
1513740548993077253 Houston Rockets
1513740250430025732 Houston Rockets
1513649961426108423 Houston Rockets
1513649836226224134 Philadelphia 76ers
1513321836406317059 Atlanta Hawks
1513298755948363784 Houston Rockets
1514610314607620104 Houston Rockets
1512353818994003969 Houston Rockets
1512000211211669505 Houston Rockets
1511452340355801088 Utah Jazz
1511442444990259205 Houston Rockets
1511335361158565892 Houston Rockets
1511295286924267521 Atlanta Hawks
1510637192439382019 Houston Rockets
1510636436109905923 Houston Rockets
1510615620437651465 Oklahoma City Thunder
1508290474045497345 New York Knicks
1507482205408350215 Dallas Mavericks
1506544537660973056 Houston Rockets
1514626653334511624 Houston Rockets
1514617141919592462 Houston Rockets
1514403672351989763 Boston Celtics
1514375239379169288 Houston Rockets
1514375222794854401 Houston Rockets
1514375155266510855 Houston Rockets
1514255564674584585 Houston Rockets
1514254465037180930 Houston Rockets
1514254450789076995 Houston Rockets
1514207199647739914 Philadelphia 76ers
1514043083578658820 Houston Rockets
1514039153066975250 Houston Rockets
1514038801529720840 Houston Rockets
1513969224871460870 Houston Rockets
1506815168298340352 Houston Rockets
1505397750904627204 Milwaukee Bucks
1505374292481085440 Atlanta Hawks
1504102239274778634 New York Knicks
1403132311382773761 Denver Nuggets
1374145846611214345 Houston Rockets
1353878007765757952 Houston Rockets
1348793349398999040 Houston Rockets
1348075523851890689 Houston Rockets
1340726527374274566 Utah Jazz
1340715875175981058 Denver Nuggets
1320152064954163210 Houston Rockets
1514652504499310594 Houston Rockets
1514652437788954635 Houston Rockets
1514652360466960386 Houston Rockets
1514652248915288064 Houston Rockets
1514652184478208003 New York Knicks
1514652106820624388 Houston Rockets
1514652076919373840 Indiana Pacers
1514652022787686404 Houston Rockets
1514651541118070788 Houston Rockets
1514055863266430977 Houston Rockets
1513332971599806467 Houston Rockets
1512620714024706049 Atlanta Hawks
1512265065445085227 Houston Rockets
1511523208280825856 Houston Rockets
1511523123367186443 Miami Heat
1511493101340221441 Houston Rockets
1511492540448575501 Houston Rockets
1511453275018702857 Houston Rockets
1510795156148080641 Houston Rockets
1510795094244438021 Chicago Bulls
1510793733788344328 Houston Rockets
1512334359172460544 Houston Rockets
1510807907289518085 Houston Rockets
1506673936263696388 Milwaukee Bucks
1505346614260551681 Denver Nuggets
1504865043124477952 Houston Rockets
1504580682785435653 Houston Rockets
1499595915123961857 Houston Rockets
1499582209535135773 Houston Rockets
1497779389639106563 Houston Rockets
1492328714352349194 Atlanta Hawks
1492244447253479425 Houston Rockets
1481464244784799744 Houston Rockets
1478234507430055943 Houston Rockets
1514314460068032513 New York Knicks
1510718463303688192 Miami Heat
1505577223734059013 Oklahoma City Thunder
1504862414399016960 Houston Rockets
1504799516624568325 Houston Rockets
1502789290010583043 Houston Rockets
1485633033659109377 Houston Rockets
1456284206514966536 Houston Rockets
1338125671118336000 Houston Rockets
1315008640768765953 Houston Rockets
1314125876607541248 Miami Heat
1312364880914251776 New York Knicks
1311396294645239813 Houston Rockets
1310924786424479744 Houston Rockets
1306185129027608578 Houston Rockets
1305587814617280516 New York Knicks
1514350242119966728 Houston Rockets
1514059673326043142 Houston Rockets
1512280563977175040 Houston Rockets
1511890531097403392 New York Knicks
1509888854425280513 Houston Rockets
1509687307808432130 Houston Rockets
1508479587398914048 Houston Rockets
1507578408066330627 New York Knicks
1506662681666899971 Houston Rockets
1506287859493490693 Houston Rockets
1506097574540947463 Houston Rockets
1492955252194168839 Utah Jazz
1483197123046879235 Houston Rockets
1467439976866533377 Houston Rockets
1467211338728488964 Philadelphia 76ers
1445486526444441603 Houston Rockets
1379524193537130500 Houston Rockets
1513339706876076034 Houston Rockets
1511185802834984962 Houston Rockets
1509721602384085001 Houston Rockets
1509563104925040642 Houston Rockets
1508998660796952578 Houston Rockets
1506782193141653506 Houston Rockets
1506385445323743235 Houston Rockets
1506264770504278021 Houston Rockets
1506009658339000325 Milwaukee Bucks
1505671586027913219 Houston Rockets
1505644241309032453 Houston Rockets
1514651988709019656 Houston Rockets
1507542434967916548 Houston Rockets
1503154161797541892 Houston Rockets
1499609983343861761 Houston Rockets
1499567387737305102 Miami Heat
1494508135486308353 Houston Rockets
1484024689521532936 Milwaukee Bucks
1483451115937144834 Houston Rockets
1514651457311625225 Los Angeles Lakers
1514445765661405184 Houston Rockets
1514419403596701698 New York Knicks
1514418939094355971 Houston Rockets
1514567134936018953 Utah Jazz
1514563485249814532 Houston Rockets
1514563275752710147 Houston Rockets
1514541500457173001 Houston Rockets
1514540971723218944 Los Angeles Lakers
1514528025513189380 Houston Rockets
1514481844879773698 Los Angeles Clippers
1514432806176370697 Houston Rockets
1514270388116762630 Houston Rockets
1514270303840579584 Houston Rockets
1514203118011047938 Houston Rockets
1514165383531532288 San Antonio Spurs
1514080731927965702 Houston Rockets
1514352725181571074 Houston Rockets
1514266012039974927 Houston Rockets
1514129307219734534 Utah Jazz
1513989312165122051 Los Angeles Lakers
1513988461828714498 Houston Rockets
1513984053954977796 Houston Rockets
1513982556198289418 Houston Rockets
1513976296992350209 Houston Rockets
1513952919057584134 Houston Rockets
1513951817109065729 Utah Jazz
1513693334337998854 Houston Rockets
1514600620640010255 Houston Rockets
1514558970463236101 Houston Rockets
1514207934095540225 Houston Rockets
1512530272692338688 Denver Nuggets
1510246151676731401 Houston Rockets
1507713693659938825 Houston Rockets
1505458297817739267 Houston Rockets
1503272409633275904 Houston Rockets
1497922590245109764 Houston Rockets
1497775020801765376 Utah Jazz
1496696331099856897 Cleveland Cavaliers
1493070189608554502 Houston Rockets
1491147002373341184 Houston Rockets
1489771921696858116 Washington Wizards
1513328304916369409 Los Angeles Lakers
1511740195288195076 Houston Rockets
1511309632634966018 Houston Rockets
1510872670480470019 Washington Wizards
1514625618964586500 Houston Rockets
1514409916961808389 Houston Rockets
1514409463972872198 Houston Rockets
1514406622617128961 Houston Rockets
1514402945407799305 Houston Rockets
1514401452508258314 Houston Rockets
1514388190806822914 Houston Rockets
1514351553028800521 Houston Rockets
1438230275687862275 Houston Rockets
1159505795794526208 Denver Nuggets
1135651017675161600 Houston Rockets
1135644736931401733 Houston Rockets
1121441257342021632 Houston Rockets
1074409018033090567 Houston Rockets
1074408542667456518 Philadelphia 76ers
1074401471293206538 Houston Rockets
1066585275026030593 Houston Rockets
1066584536727908352 Houston Rockets
1066584302832533505 Houston Rockets
1514641564311691266 Los Angeles Lakers
1514057699792605186 Houston Rockets
1513351088987987969 Houston Rockets
1511736006659252230 Houston Rockets
1511190849144573954 Houston Rockets
1511190556017266692 Houston Rockets
1511190323573100545 Houston Rockets
1509650103925059584 Houston Rockets
1507086212573671426 Dallas Mavericks
1510335450245910530 Houston Rockets
1503098517807636482 Houston Rockets
1514646974502420480 Houston Rockets
1514646926020554760 Houston Rockets
1510629218744479744 Houston Rockets
1510344580595597331 Houston Rockets
1501681232329031680 Houston Rockets
1485089502301458442 Milwaukee Bucks
1484657753037627395 Houston Rockets
1484379582681677827 Chicago Bulls
1484379502482395136 Chicago Bulls
1484294673036460033 Houston Rockets
1484294648701104131 Houston Rockets
1514644549867655168 Houston Rockets
1512851931340886019 Houston Rockets
1512851800050839562 Houston Rockets
1510381749112614912 Houston Rockets
1509568389198532609 Philadelphia 76ers
1507196966312292352 Milwaukee Bucks
1506810400607715333 Houston Rockets
1514653180977885184 Houston Rockets
1514635992611057665 Houston Rockets
1514634594796343296 Houston Rockets
1514634469453733888 Houston Rockets
1514632364923977734 Houston Rockets
1514631974228754439 Houston Rockets
1514629726471847936 Houston Rockets
1514614231718854658 Houston Rockets
1514614006417625090 Philadelphia 76ers
1514509366460035073 Houston Rockets
1514508975987130379 Houston Rockets
1495230472418480131 Houston Rockets
1487513138975158273 Houston Rockets
1476075534446518273 Houston Rockets
1475951263984631810 Milwaukee Bucks
1463707795614625793 Houston Rockets
1460838243541434369 Houston Rockets
1424115319765966853 Houston Rockets
1423625772854661122 Houston Rockets
1419051889187069955 Oklahoma City Thunder
1381031701997105162 Houston Rockets
1370019139864190984 Houston Rockets
1339235046109155331 Houston Rockets
1337920823290720263 Los Angeles Clippers
1315495750671966208 Cleveland Cavaliers
1514539558783832066 Houston Rockets
1514510414591180802 Houston Rockets
1513194170139226116 Houston Rockets
1344460818126168071 Houston Rockets
1340365149920739328 New York Knicks
1331417890424229889 Denver Nuggets
1235957772174397440 Houston Rockets
1235957635888877570 Dallas Mavericks
1235005869504557061 Houston Rockets
1189207989124763653 Brooklyn Nets
1188182428000620549 Atlanta Hawks
1514435229024460804 Houston Rockets
1514434938619445248 Houston Rockets
1514349677222764564 Minnesota Timberwolves
1514334011220451333 Houston Rockets
1514131604335210496 Minnesota Timberwolves
1514131492510867456 Houston Rockets
1514124926864838658 Minnesota Timberwolves
1514120712319033353 Utah Jazz
1514117677094256643 Minnesota Timberwolves
1514109274087116801 Minnesota Timberwolves
1514652330959855616 Houston Rockets
1514408791970054145 Washington Wizards
1514125553737281542 Houston Rockets
1514124747503992837 Minnesota Timberwolves
1514374906871439360 Houston Rockets
1514374672229486600 Houston Rockets
1514212886322761743 Houston Rockets
1514103513294516230 Houston Rockets
1514088087298756616 Houston Rockets
1514087648205455365 Houston Rockets
1514086792986861569 Houston Rockets
1514084263729278979 Houston Rockets
1514084024758816768 Houston Rockets
1514027912219013124 Minnesota Timberwolves
1513980242725060629 Houston Rockets
1513897819433848837 Houston Rockets
1513590812835258371 Houston Rockets
1512821388456964099 Milwaukee Bucks
1512455407301713929 Houston Rockets
1514331791871873024 Houston Rockets
1514100411372023809 Minnesota Timberwolves
1514055791447523330 Houston Rockets
1514054535639343105 Houston Rockets
1514054025033191425 Houston Rockets
1513540727720280068 Houston Rockets
1514638163934859276 Houston Rockets
1507184308032872452 Houston Rockets
1505594197365116928 Houston Rockets
1504958177120563203 Atlanta Hawks
1504499859214241796 Houston Rockets
1501069818010779648 Houston Rockets
1500992607794741250 Houston Rockets
1491486673368227844 Houston Rockets
1488006106773430272 New York Knicks
1482948328639893506 Houston Rockets
1460640211071819778 Houston Rockets
1460639856049201163 Houston Rockets
1440456699467292680 Houston Rockets
1438927222866391049 Houston Rockets
1514312793075621888 Minnesota Timberwolves
1489506368524812288 Houston Rockets
1514359927749459968 Utah Jazz
1514356015436808197 Utah Jazz
1514352084128350212 Boston Celtics
1514637650266894336 Houston Rockets
1514626375856144388 New Orleans Pelicans
1514475300700184580 Houston Rockets
1514471937023614978 Houston Rockets
1514465359348346880 Houston Rockets
1514455140048244740 Houston Rockets
1514441676575719426 Houston Rockets
1514441557163790340 Philadelphia 76ers
1514440229964468226 Houston Rockets
1514426141997678598 New Orleans Pelicans
1514415628127551491 Charlotte Hornets
1514405460052430855 Houston Rockets
1514653688958099466 Houston Rockets
1514653609379569669 Utah Jazz
1514652794254336020 Atlanta Hawks
1514496281393065988 Houston Rockets
1514479103813902337 Houston Rockets
1514479074126692353 Milwaukee Bucks
1514477594598465536 Houston Rockets
1514475215652225026 Houston Rockets
1514466676166651905 Houston Rockets
1514466637067415560 Houston Rockets
1514460488137994244 Houston Rockets
1514457759835586560 Philadelphia 76ers
1514456802376572929 Houston Rockets
1514644782445993990 Houston Rockets
1514643609664245760 Philadelphia 76ers
1514628756773683211 Milwaukee Bucks
1514621977708965894 Atlanta Hawks
1514621734334443520 New Orleans Pelicans
1514621434483679232 Houston Rockets
1514582638975242247 Houston Rockets
1514475822417072131 New Orleans Pelicans
1514464310038347779 Houston Rockets
1514464225695043587 Philadelphia 76ers
1514457142304116736 New Orleans Pelicans
1514622901290508290 Houston Rockets
1514619355849494529 Houston Rockets
1514615714086219780 Milwaukee Bucks
1514595402045177860 Houston Rockets
1514581639673921541 Houston Rockets
1514454252441198603 Washington Wizards
1514441672825974805 Houston Rockets
1514434598784188428 Indiana Pacers
1514620621145231361 Houston Rockets
1514620082873413637 Houston Rockets
1514453702945431555 Houston Rockets
1514450903474053120 Houston Rockets
1514449024522280963 Houston Rockets
1514442409500884992 Houston Rockets
1514440966849052680 Houston Rockets
1514440669850480640 Utah Jazz
1514439588873486339 Houston Rockets
1514439322514116620 Atlanta Hawks
1514438293097697286 Houston Rockets
1514438109030715403 Atlanta Hawks
1514653515783749633 Houston Rockets
1514651647993077768 Houston Rockets
1514217923547746305 New York Knicks
1513704631402172421 Houston Rockets
1513314606004977669 Los Angeles Clippers
1513314201938415616 Houston Rockets
1513236412598046721 Houston Rockets
1513235954848485390 Houston Rockets
1512944566755897348 Indiana Pacers
1514653697522950152 Houston Rockets
1514512775669854212 Dallas Mavericks
1514428248461041664 Houston Rockets
1513980280750620675 Houston Rockets
1513575276550176777 Houston Rockets
1512832603841343492 Houston Rockets
1512807983817932802 Houston Rockets
1512770495636295690 Utah Jazz
1512732374123130883 Houston Rockets
1512686160342040576 Utah Jazz
1512334850690277376 Houston Rockets
1514591168507621387 Houston Rockets
1514590735412215812 Indiana Pacers
1514589637666299907 Houston Rockets
1514462144997306368 Houston Rockets
1514458933536387076 Houston Rockets
1514456068369301506 Houston Rockets
1514356676014526469 Houston Rockets
1514353668149108739 Houston Rockets
1512586649087139842 Houston Rockets
1512586228725600257 Houston Rockets
1512572603961167880 Houston Rockets
1512571752194453508 Houston Rockets
1514653487577329665 Houston Rockets
1514597269152342017 Washington Wizards
1514124878537969665 Houston Rockets
1514124676041265157 Houston Rockets
1512800737314713606 Houston Rockets
1512800356660568065 Houston Rockets
1512793886418219022 Houston Rockets
1514583579216515072 Houston Rockets
1514456756184915968 Houston Rockets
1514418401481039872 Houston Rockets
1514404620327608331 Houston Rockets
1514394992487370764 Houston Rockets
1514394796584054789 Houston Rockets
1514336089837875211 Houston Rockets
1514335801840185351 Houston Rockets
1514334578676314117 Houston Rockets
1514069111369834503 Houston Rockets
1513954950556131338 Milwaukee Bucks
1513887310366052363 Houston Rockets
1513880857236451343 New York Knicks
1513880831483338762 Houston Rockets
1513880802634965001 New York Knicks
1514632650178367493 Houston Rockets
1514632243540598795 Houston Rockets
1514597652666671104 Houston Rockets
1514597134091399169 Houston Rockets
1514592933525303298 Houston Rockets
1514577499472154624 Indiana Pacers
1514567963185192970 Houston Rockets
1514402104588353546 Houston Rockets
1514400890739990533 Houston Rockets
1514378437632352257 Atlanta Hawks
1514367286320189445 Houston Rockets
1513883782495244294 Denver Nuggets
1510954548474511362 Houston Rockets
1514510112458620931 Houston Rockets
1514508362058141697 Houston Rockets
1513344036207271942 New York Knicks
1513343910374002688 Houston Rockets
1513343842904330241 Houston Rockets
1512831431759867907 Indiana Pacers
1512393776618221574 Utah Jazz
1512040773948256257 Houston Rockets
1511689258284761094 Houston Rockets
1511345404088045580 Houston Rockets
1510776271076265984 Atlanta Hawks
1510776246858362882 New York Knicks
1514475626530439170 Houston Rockets
1514455843281928192 Houston Rockets
1514451741814648833 Houston Rockets
1514448060432101381 Houston Rockets
1514445533821038595 Houston Rockets
1514438987045228547 New York Knicks
1514437612999565317 Denver Nuggets
1514377345137750016 Houston Rockets
1514376955092684800 Houston Rockets
1514364932543852545 Houston Rockets
1514364573771395073 Houston Rockets
1514364326462689280 San Antonio Spurs
1207043763274731520 New York Knicks
1178115064156622848 Houston Rockets
1160222644559589377 Houston Rockets
1094787235940061186 Houston Rockets
1093341201623932928 Houston Rockets
1091522701687222277 Houston Rockets
1083542875571453952 Houston Rockets
1075196728226299904 Houston Rockets
1073386526401282049 Houston Rockets
1073343644990652422 Houston Rockets
1070459026134179840 Houston Rockets
1067213098581413888 Houston Rockets
1067202353865113600 Houston Rockets
1067202253986193411 Houston Rockets
1067193100282617856 Houston Rockets
1514643332970037248 New York Knicks
1514116594485628936 Houston Rockets
1514115943659622402 Houston Rockets
1512955046975217672 Denver Nuggets
1512899878724194311 Houston Rockets
1512899695282167822 Houston Rockets
1512899257375891463 Houston Rockets
1512899202157887493 Houston Rockets
1514477491758706696 Houston Rockets
1513418817506263044 Houston Rockets
1513370744595824640 Houston Rockets
1513369354242785282 New York Knicks
1513367739540586502 Houston Rockets
1511952481240387588 Memphis Grizzlies
1511347657914081285 Houston Rockets
1514611542750203905 Houston Rockets
1514611086430900235 San Antonio Spurs
1514611036728410117 Houston Rockets
1499510598668886016 Houston Rockets
1499510407358291971 Denver Nuggets
1496602736296665093 Houston Rockets
1495732136107823109 Houston Rockets
1494793437970944006 Houston Rockets
1494790325155643395 Houston Rockets
1483512299491053568 Houston Rockets
1514624286841090050 Houston Rockets
1514505926748819459 Houston Rockets
1514493961003581448 New York Knicks
1514394717768847365 Los Angeles Lakers
1514358582753611786 Houston Rockets
1514357714838765568 Utah Jazz
1514355100877262854 Houston Rockets
1514352852843601921 Houston Rockets
1514352116667723782 Houston Rockets
1514256557562814476 New York Knicks
1514255511398535179 Philadelphia 76ers
1514250757234733065 Houston Rockets
1514280065231691779 Utah Jazz
1511090799773200393 Houston Rockets
1510953165985923074 Houston Rockets
1510109248851791872 Houston Rockets
1509899887856525318 Houston Rockets
1514571491635040256 Houston Rockets
1514447399007268870 Houston Rockets
1514433214294609922 Milwaukee Bucks
1514390936775757825 Houston Rockets
1514351556866543621 Houston Rockets
1514342294610186244 Utah Jazz
1514326530176032780 Houston Rockets
1514326001861500928 Houston Rockets
1514325850832912385 Houston Rockets
1514325741483220992 Phoenix Suns
1514325322862313483 Houston Rockets
1514325232810659847 Denver Nuggets
1514325041940471814 Houston Rockets
1514606872594042884 Atlanta Hawks
1514289396199002114 Houston Rockets
1514030448422232070 Milwaukee Bucks
1513932385242341378 Houston Rockets
1513738166284419082 Utah Jazz
1513645729520050176 Houston Rockets
1513006736382173186 Houston Rockets
1513001784423292931 Houston Rockets
1512854576436695040 Houston Rockets
1512813753628200960 Denver Nuggets
1512556636316962819 Utah Jazz
1512236304053923844 Houston Rockets
1514242015927619585 New York Knicks
1511959201643319304 Houston Rockets
1504578923123904518 Washington Wizards
1500118944610455553 Houston Rockets
1499182490719825922 Houston Rockets
1488019361680039937 Houston Rockets
1487516073410838532 Houston Rockets
1485609808699006985 Houston Rockets
1482469267488616456 Denver Nuggets
1481858742455050242 Houston Rockets
1480515359841136640 Houston Rockets
1514101036109250561 Houston Rockets
1514100153422131203 Philadelphia 76ers
1514099969292226560 Toronto Raptors
1514052713067208708 Houston Rockets
1512959782864535555 Houston Rockets
1510826422344077316 Los Angeles Clippers
1510057547222372357 Houston Rockets
1510041023224983553 Houston Rockets
1509734763053080577 Houston Rockets
1509347263658745859 Atlanta Hawks
1508830874070142983 Houston Rockets
1508638368317464583 Houston Rockets
1508449666828058626 Houston Rockets
1508223003158622215 Houston Rockets
1508199194129010697 Houston Rockets
1514340690720960527 Houston Rockets
1514333832727736496 Chicago Bulls
1514005993931354112 New York Knicks
1514005782194495492 Atlanta Hawks
1513640928661192710 Houston Rockets
1513337376365584388 Houston Rockets
1513330469458358273 Atlanta Hawks
1513220494329274372 Houston Rockets
1512063445365051392 Houston Rockets
1509885187538268164 Houston Rockets
1509880956202672129 Houston Rockets
1509215476643213316 Houston Rockets
1508773319046316039 Houston Rockets
1508771913514033156 Houston Rockets
1506716479789666316 Indiana Pacers
1504473562152767503 Houston Rockets
1502719534221848578 Houston Rockets
1491326864631418882 Los Angeles Clippers
1486864197136752642 Los Angeles Clippers
1486423356576464899 Houston Rockets
1483620359354023936 Houston Rockets
1480955664138747904 Houston Rockets
1465787961148985351 Houston Rockets
1407140073582194689 Golden State Warriors
1402690772017635328 Atlanta Hawks
1402690289630732289 Houston Rockets
1503149066858991621 Houston Rockets
1503123035884294155 Houston Rockets
1488532317891186688 Houston Rockets
1482177693802274817 Houston Rockets
1464754976006230017 Denver Nuggets
1459238400280649730 Milwaukee Bucks
1439654720755404805 Houston Rockets
1425997718317674503 Houston Rockets
1420954354912215045 Houston Rockets
1420949408603119620 Houston Rockets
1375133571132850181 Houston Rockets
1044772462179897351 Houston Rockets
1035182064402944001 Houston Rockets
956098796668235776 Houston Rockets
923135961910956033 Houston Rockets
923135716548366337 Houston Rockets
923134201247010816 Houston Rockets
898979457935044608 Houston Rockets
1514628023735267328 Houston Rockets
1514627788795428872 Houston Rockets
1514627706553569281 Milwaukee Bucks
1514627588383293448 Houston Rockets
1514627463732772866 Houston Rockets
1514627404651765764 Los Angeles Clippers
1514626805583556608 Houston Rockets
1514626428591120394 Houston Rockets
1514626062810071042 Houston Rockets
1514625992953839618 Houston Rockets
1514625936246951944 Houston Rockets
1514625815069265926 Orlando Magic
1514625705488830474 Orlando Magic
1514625515142979589 Houston Rockets
1514638717679554560 New York Knicks
1514638177713405953 Houston Rockets
1514636454118539264 Houston Rockets
1514620281255391232 Boston Celtics
1514610134370045961 Houston Rockets
1514607176215457808 Houston Rockets
1514276386378338304 Houston Rockets
1514255430947647493 Houston Rockets
1514254159461163010 Philadelphia 76ers
1514250570751782924 Houston Rockets
1514235323122794497 Utah Jazz
1514234833278484489 Houston Rockets
1514232375336656905 Minnesota Timberwolves
1514228310393380869 Houston Rockets
1514642690184556552 Houston Rockets
1514590367684993032 Houston Rockets
1514586310706618370 Houston Rockets
1514563749801304077 Los Angeles Lakers
1514355308189130754 Orlando Magic
1514339072080334855 Houston Rockets
1514335121251389449 Denver Nuggets
1514335058135601174 Charlotte Hornets
1514316348939198477 Atlanta Hawks
1514316322259230721 Houston Rockets
1514265761107296260 Houston Rockets
1497032781368541186 Houston Rockets
1410085834645200904 Houston Rockets
1391529577034493954 Houston Rockets
1389376224233938949 Houston Rockets
1378612156141289473 Houston Rockets
1378197847905026051 Houston Rockets
1378033528642924549 Indiana Pacers
1378031788665286656 Houston Rockets
1326670637134458882 Milwaukee Bucks
1326668694961991680 Milwaukee Bucks
1223536816072142848 Houston Rockets
1222723973156429825 Houston Rockets
1222311280444354563 Houston Rockets
1514353903751639044 Houston Rockets
1514100244019040261 Houston Rockets
1514098635205754880 Houston Rockets
1512838930655293444 Houston Rockets
1511750047389700101 Houston Rockets
1511531675880148995 Houston Rockets
1509684318465110018 Houston Rockets
1508303113018617856 Houston Rockets
1505904683759677440 Houston Rockets
1514654673399164928 Houston Rockets
1514654300391231491 Minnesota Timberwolves
1514646396414087170 Houston Rockets
1514369557418414084 Houston Rockets
1514369354556657666 Houston Rockets
1514320288309301249 Los Angeles Clippers
1514245521451499524 Houston Rockets
1514039191256154114 Houston Rockets
1514039054182064128 Milwaukee Bucks
1514012123545935873 Houston Rockets
1514011620258766850 Houston Rockets
1514007469508411398 Houston Rockets
1514007295599988742 Atlanta Hawks
1513939103473192970 Houston Rockets
1514654862247702530 Houston Rockets
1514621912021966858 Houston Rockets
1514621727866773511 Houston Rockets
1514598440172404742 Houston Rockets
1514597836440154112 Houston Rockets
1514597582982496260 Houston Rockets
1514597524061011970 Houston Rockets
1514595897203740672 Houston Rockets
1514595775141007365 Houston Rockets
1513912943666253833 Philadelphia 76ers
1513912284963295238 Houston Rockets
1513891284670369796 Houston Rockets
1513874102548938767 Houston Rockets
1513873889885102093 Houston Rockets
1513873719705456650 Denver Nuggets
1510373652495228932 Houston Rockets
1503884551579439111 Los Angeles Clippers
1498097223040749570 Houston Rockets
1482829831163326465 Houston Rockets
1512656134460608514 Houston Rockets
1510839670749515781 Los Angeles Clippers
1510131975675420673 Houston Rockets
1509314019676626959 Houston Rockets
1507566568808583169 Houston Rockets
1507565125514977280 Houston Rockets
1505413488516206601 Philadelphia 76ers
1505255739887128576 Houston Rockets
1505004432366395393 Houston Rockets
1504656475385475072 Houston Rockets
1504648339756920856 Philadelphia 76ers
1503958041170960385 Houston Rockets
1503524785363558410 Houston Rockets
1503522478689341456 Houston Rockets
1502904176908685313 Houston Rockets
1514514448475697154 Houston Rockets
1514413543680061448 Houston Rockets
1514407635134685191 Philadelphia 76ers
1514379657721921539 Brooklyn Nets
1514244791302819842 Houston Rockets
1514105453617242112 Denver Nuggets
1514101646913150978 Houston Rockets
1514100021536428036 Houston Rockets
1514093311379845126 Houston Rockets
1514092123016019969 Houston Rockets
1514088928537624578 Houston Rockets
1514070557087735816 Houston Rockets
1514607581334974469 Houston Rockets
1514603658264002562 Philadelphia 76ers
1514601947852013585 Houston Rockets
1514597134905102336 Houston Rockets
1514453811070439430 Utah Jazz
1514390401234386948 Atlanta Hawks
1514377754959044609 Houston Rockets
1514377453833228289 Brooklyn Nets
1514352685780287493 Houston Rockets
1514654280065593344 Philadelphia 76ers
1514654259286974475 Houston Rockets
1514654246192357378 Houston Rockets
1514654183265214483 Denver Nuggets
1514654171219173393 Houston Rockets
1514654132606410752 Houston Rockets
1514654066978136077 Houston Rockets
1514654056429461507 Houston Rockets
1514654038725304325 Houston Rockets
1514654003077869568 Philadelphia 76ers
1514653986799820801 Philadelphia 76ers
1511669330261553156 Houston Rockets
1510798888269238274 Houston Rockets
1504640761282936836 Houston Rockets
1502428879532736514 Philadelphia 76ers
1501602670557212681 Houston Rockets
1496695950043234309 Houston Rockets
1494707009198952456 Atlanta Hawks
1493060712930942976 Philadelphia 76ers
1493029882720362498 Houston Rockets
1492674403229908996 Houston Rockets
1514009159565467649 Houston Rockets
1513850187114033158 Houston Rockets
1512901255471026185 Houston Rockets
1512262901482016770 Houston Rockets
1511791698086662147 Phoenix Suns
1511788937265795075 Houston Rockets
1511179632485277705 Houston Rockets
1511120047435091973 Houston Rockets
1509652205376315396 Oklahoma City Thunder
1507932643199012866 Houston Rockets
1507309427107549188 Houston Rockets
1507193920039620612 Houston Rockets
1494302132677320708 Oklahoma City Thunder
1487269178079944711 Houston Rockets
1487267674853810200 Atlanta Hawks
1486379454729531393 Houston Rockets
1486307294556176388 Charlotte Hornets
1481101819514437636 Houston Rockets
1480380037710979075 Houston Rockets
1477011100117999624 Houston Rockets
1472989867755941895 Houston Rockets
1470886743129968641 Houston Rockets
1461299818526031875 Houston Rockets
1460674703274749961 Houston Rockets
1460674685205717003 Houston Rockets
1514654529966383117 Denver Nuggets
1514407335036219392 New York Knicks
1514390410952540166 Houston Rockets
1514357599080120320 Dallas Mavericks
1514345071277010944 Houston Rockets
1514338734245920768 Houston Rockets
1513671422198964226 Houston Rockets
1513671320319406082 Houston Rockets
1513220757706326016 Houston Rockets
1513185596444844032 Houston Rockets
1512917279205257218 Houston Rockets
1512572457776943104 Houston Rockets
1512251466341240834 Atlanta Hawks
1512153496111370268 Philadelphia 76ers
1512033468695265282 Los Angeles Lakers
1511803448030740483 Houston Rockets
1511803177003204608 Houston Rockets
1511747367782924288 Houston Rockets
1511726053231714306 Los Angeles Clippers
1511724934086627337 Houston Rockets
1510485060830392320 Houston Rockets
1510468613819445256 Houston Rockets
1510035535925952514 Houston Rockets
1514578810833936388 Houston Rockets
1514436839733669890 Houston Rockets
1514327352913940483 Los Angeles Lakers
1514038204000833549 Houston Rockets
1514023585244930055 Houston Rockets
1514021485781868547 Houston Rockets
1513605320538562571 Chicago Bulls
1513381482257166341 Houston Rockets
1512900428006051841 Houston Rockets
1512325733040930816 Milwaukee Bucks
1512200866945773572 Houston Rockets
1511804356638785539 Houston Rockets
1511757288431927306 Houston Rockets
1514648035657064474 Utah Jazz
1514642615945236482 Houston Rockets
1514640537017458699 Houston Rockets
1514448635429228544 Los Angeles Clippers
1514423145200979970 Los Angeles Lakers
1514414854437703680 Houston Rockets
1514357678805446658 Houston Rockets
1514356287412178946 Houston Rockets
1514333758547116032 Houston Rockets
1514312337028644869 Houston Rockets
1514267733818441728 Houston Rockets
1514238962667204609 Houston Rockets
1514215840027095040 Houston Rockets
1514215706543329285 Houston Rockets
1514215557788172290 Denver Nuggets
1514653390210408449 Houston Rockets
1514652339180740611 Houston Rockets
1514652223686385668 Houston Rockets
1514645372898975762 Houston Rockets
1513521959274889216 Houston Rockets
1512414114588463110 Houston Rockets
1511590521587712003 Houston Rockets
1509400700932935681 Houston Rockets
1508760872524476417 Houston Rockets
1508535696880926721 Houston Rockets
1507464451519234052 Houston Rockets
1507217434855428097 Houston Rockets
1506432736159961088 Houston Rockets
1506405189896445954 Houston Rockets
1514647492016627714 Houston Rockets
1514428230396227588 Houston Rockets
1514427348766101506 Utah Jazz
1514415164275269632 Utah Jazz
1514414691656871945 Atlanta Hawks
1514645076852416513 Houston Rockets
1514644809234849793 Milwaukee Bucks
1514644290852450308 Houston Rockets
1514643914556203008 Dallas Mavericks
1514643792984371200 Houston Rockets
1514350690100867075 Houston Rockets
1514350521070469121 Houston Rockets
1514309790855417856 Houston Rockets
1514309775328100352 Houston Rockets
1514309753937096710 Milwaukee Bucks
1514309716482015232 Houston Rockets
1514309640523161606 Houston Rockets
1514307941976838145 Houston Rockets
1514307875836874756 Houston Rockets
1514603309516034053 San Antonio Spurs
1514349942587883520 Houston Rockets
1514309037667479553 Milwaukee Bucks
1514299522930802689 Houston Rockets
1514250267373432832 Minnesota Timberwolves
1513941209802149888 Houston Rockets
1513937681335521281 Houston Rockets
1513937484194856964 Houston Rockets
1513935104329990150 Houston Rockets
1513934235551223812 Denver Nuggets
1513920812637515778 Houston Rockets
1513918205785374722 Houston Rockets
1513710579139026946 Houston Rockets
1513641490328653824 Houston Rockets
1514628043108761602 Houston Rockets
1514627908521930753 Houston Rockets
1514627451548319749 Charlotte Hornets
1514627399496962053 Atlanta Hawks
1514627391821340679 Houston Rockets
1514627311668281347 Atlanta Hawks
1514547920099581952 Houston Rockets
1514547869902061569 Houston Rockets
1514547830966439939 Houston Rockets
1514547809852219395 Houston Rockets
1514547583607357442 Houston Rockets
1513018594015080448 Houston Rockets
1512885787422978050 Houston Rockets
1511863474581741568 Houston Rockets
1508947662371840001 Houston Rockets
1508449383620120576 Houston Rockets
1506816588766334976 Houston Rockets
1488270539114221574 Houston Rockets
1487933379962044417 Houston Rockets
1487140321657978880 Houston Rockets
1487131750136713216 Houston Rockets
1485735278211842049 Houston Rockets
1485734909792514051 Houston Rockets
1478589463018147841 Atlanta Hawks
1465535814385868808 Houston Rockets
1492378133353295872 Houston Rockets
1491665148502708226 Houston Rockets
1489914760543961088 Houston Rockets
1484872134895669250 Houston Rockets
1484120450443534338 Houston Rockets
1509895239103885330 Houston Rockets
1482575353512140802 Houston Rockets
1482480246867832834 Houston Rockets
1473407960378482694 Houston Rockets
1467938792564736007 Houston Rockets
1462540902027591689 Houston Rockets
1461884608790859780 Houston Rockets
1461427570965041158 Milwaukee Bucks
1461207400581525511 Utah Jazz
1461157443656945666 Houston Rockets
1460394713123598336 Houston Rockets
1458994910267273217 Golden State Warriors
1458621590145576963 Houston Rockets
1512952251567902720 Houston Rockets
1512951403802619905 Charlotte Hornets
1511304655929704449 Houston Rockets
1507338380111409155 Philadelphia 76ers
1500826949559545856 Milwaukee Bucks
1499723007425540098 Houston Rockets
1499658777087275010 Houston Rockets
1499556642387480582 Houston Rockets
1499556396798738433 Houston Rockets
1499009458369748994 Portland Trail Blazers
1497921350207369217 Houston Rockets
1497489637207470085 Houston Rockets
1496652065912750080 Houston Rockets
1513155052013293574 Houston Rockets
1514456896811454466 Houston Rockets
1514275818993815554 Houston Rockets
1514274630495879170 Atlanta Hawks
1514265678018191360 Houston Rockets
1514265515258171394 Houston Rockets
1514056970516549641 Sacramento Kings
1514040448762978312 Houston Rockets
1513738067659558913 Houston Rockets
1511574329091186693 Houston Rockets
1506384205940330496 Houston Rockets
1504905428404121603 Houston Rockets
1504823481157922816 Houston Rockets
1504640896708489219 Houston Rockets
1503875551144022017 Houston Rockets
1503455389492252672 Houston Rockets
1503403456664539136 Houston Rockets
1503390355479138305 Houston Rockets
1503208037107965953 Houston Rockets
1503148746984419330 Houston Rockets
1502709206616469508 Houston Rockets
1514638076748120064 Atlanta Hawks
1514637919071653893 Houston Rockets
1514628544047230976 New York Knicks
1514624386581798912 Houston Rockets
1514623919302787072 Houston Rockets
1514623182971740162 Houston Rockets
1514622019845128193 Houston Rockets
1514619805974036482 New York Knicks
1514619669671727109 New York Knicks
1514620552878575617 Sacramento Kings
1514620456539607056 Sacramento Kings
1513035393876209664 Houston Rockets
1513034980833718274 Houston Rockets
1513034043872276480 Oklahoma City Thunder
1513033443696787457 Houston Rockets
1513033305590882307 Houston Rockets
1513522599816433665 Houston Rockets
1509855499935649801 Houston Rockets
1509422004046163968 Houston Rockets
1506996450240000000 Houston Rockets
1506051021985832961 Houston Rockets
1505538194938335234 Houston Rockets
1514601727085129730 Houston Rockets
1514577224439316483 Houston Rockets
1514549053262303232 New York Knicks
1514537301627396098 Houston Rockets
1514526845458612228 Houston Rockets
1514454902659239938 Denver Nuggets
1514435630776074240 Houston Rockets
1514226160636690439 Houston Rockets
1514192564525568004 Sacramento Kings
1514192067366334464 New Orleans Pelicans
1514158704652079113 Houston Rockets
1514597646811475971 New York Knicks
1514273241602400256 Sacramento Kings
1514272957870321665 Sacramento Kings
1514026608331472898 Houston Rockets
1513933973839298566 Houston Rockets
1513885157610110984 Houston Rockets
1513670813400150021 Houston Rockets
1513642398982750222 Milwaukee Bucks
1513505633336709127 Houston Rockets
1513324443996762112 Houston Rockets
1513255046598770698 Houston Rockets
1512935596091707403 Utah Jazz
1512898382607618067 Houston Rockets
1514223993678544900 Houston Rockets
1514107576257982465 Houston Rockets
1514104266239070210 Houston Rockets
1514103542759374851 Houston Rockets
1514098610946056192 Philadelphia 76ers
1513886758538260491 Houston Rockets
1513658267880210436 Houston Rockets
1513511106110664704 Houston Rockets
1513324767847149568 Atlanta Hawks
1513286527492624387 Houston Rockets
1513148763027607554 Houston Rockets
1512062047348875264 Houston Rockets
1514591092293136386 Houston Rockets
1514457284448907271 Houston Rockets
1514224028344410112 Houston Rockets
1514198698875502593 Houston Rockets
1514198615173963778 Los Angeles Clippers
1513833253295509507 Houston Rockets
1513821435911110662 Sacramento Kings
1513780219538477057 Houston Rockets
1513779928508268546 Sacramento Kings
1512475418766544900 Utah Jazz
1512238276547162125 Indiana Pacers
1512126254258008073 Houston Rockets
1485835404385427456 Charlotte Hornets
1485097391049125889 Houston Rockets
1485063745512558596 Houston Rockets
1485063698947391489 Houston Rockets
1484969462839365634 Toronto Raptors
1484969389879222274 Chicago Bulls
1484969369960648708 San Antonio Spurs
1484712193610366978 Houston Rockets
1484712163881201664 Houston Rockets
1484708586911674380 Houston Rockets
1484708479227121668 Milwaukee Bucks
1512220845481078787 Houston Rockets
1512156441100132359 Charlotte Hornets
1511814485513846786 Houston Rockets
1511545411139522563 Philadelphia 76ers
1511527093863165956 Houston Rockets
1507562807570702339 New York Knicks
1506037315978002432 Houston Rockets
1502062899656896528 Houston Rockets
1500309980431405060 Houston Rockets
1493021151198654467 Houston Rockets
1492708694219448322 Houston Rockets
1490858009014448129 Houston Rockets
1489741938744037382 Houston Rockets
1484265133048270851 Milwaukee Bucks
1483261835113635842 Houston Rockets
1514654669163098114 Houston Rockets
1514654594126970882 Houston Rockets
1514654418842824705 Houston Rockets
1514654261300592640 Atlanta Hawks
1514653827932495874 Houston Rockets
1514653378986782724 Houston Rockets
1514652392356454401 Houston Rockets
1514651992878108678 Houston Rockets
1514654391592173571 Houston Rockets
1514464708748840960 Houston Rockets
1514463586797723648 Houston Rockets
1514459737512984576 Los Angeles Clippers
1514322086017257476 Houston Rockets
1514306971880636417 Houston Rockets
1514102303816654856 Houston Rockets
1514101937154707462 Houston Rockets
1513307129620406275 Houston Rockets
1514654121046982662 Houston Rockets
1514651826053955590 Denver Nuggets
1508630842100301824 Houston Rockets
1508601591175299079 Houston Rockets
1508595480892256263 Houston Rockets
1508443656579072003 Houston Rockets
1508279401875714050 Houston Rockets
1508276770423853060 Houston Rockets
1508276147204808708 Houston Rockets
1500642337222971396 Indiana Pacers
1499465701094039559 Houston Rockets
1499464629571010568 San Antonio Spurs
1513626982470373397 Houston Rockets
1511190216907837442 Houston Rockets
1510410420850462724 Houston Rockets
1509696346831339524 Sacramento Kings
1505245237370929157 Houston Rockets
1505243742227374086 Houston Rockets
1503777860040994825 Memphis Grizzlies
1503201713150472193 Atlanta Hawks
1514654227729199106 Houston Rockets
1508621017035513857 Houston Rockets
1508616864607387652 Houston Rockets
1485450785513250818 Houston Rockets
1485448688751325184 Philadelphia 76ers
1484600634552852484 Milwaukee Bucks
1482883782243930115 San Antonio Spurs
1482863762453508097 Houston Rockets
1481493019073392640 Houston Rockets
1481252549210607619 Washington Wizards
1479547160970543123 Houston Rockets
1479546916186771456 Denver Nuggets
1478792408846544909 San Antonio Spurs
1471219265638477828 San Antonio Spurs
1471219059219959819 San Antonio Spurs
1471218996884160524 San Antonio Spurs
1468645929800675331 Houston Rockets
1484260609197756421 San Antonio Spurs
1484009858135474180 Milwaukee Bucks
1461554171279249408 Denver Nuggets
1436407375095910403 Houston Rockets
1435654125421748224 Milwaukee Bucks
1399115753513799680 Houston Rockets
1365127401466777605 Houston Rockets
1360727491145576454 Milwaukee Bucks
1509955253613088770 Houston Rockets
1509350954491158537 Oklahoma City Thunder
1509350832629813248 Houston Rockets
1507752924264509449 Houston Rockets
1506592705610412042 Milwaukee Bucks
1503511146761895937 Houston Rockets
1503371866941100033 Houston Rockets
1503223709095579650 Houston Rockets
1503220297289318401 Houston Rockets
1512632046744702981 Houston Rockets
1511668842401087492 Houston Rockets
1508413977897979912 Denver Nuggets
1506922071393280002 Houston Rockets
1504586581067407366 Houston Rockets
1504544353745780738 Houston Rockets
1503783600206012418 Houston Rockets
1500163004133953541 Houston Rockets
1498642025805230085 Atlanta Hawks
1497432054363041795 Houston Rockets
1514625306950311938 Houston Rockets
1491067399247998978 Houston Rockets
1488334366690492418 Houston Rockets
1484209463242498066 Milwaukee Bucks
1480629081326727176 Toronto Raptors
1479551936718327815 Houston Rockets
1479508198818291712 Houston Rockets
1477379849765498881 Houston Rockets
1462670899992309763 Houston Rockets
1456664010288402446 Houston Rockets
1455225565003272197 Houston Rockets
1452511746732838917 Houston Rockets
1451393655709782024 Houston Rockets
1514653134685196296 Houston Rockets
1514652195010011142 Utah Jazz
1514651868655464452 Houston Rockets
1514651845075308545 Washington Wizards
1514650763376664587 Houston Rockets
1514650609915465728 Houston Rockets
1514650340049698817 Houston Rockets
1514642625630019586 Houston Rockets
1514367007243784199 Houston Rockets
1514366690741698561 Utah Jazz
1514366341121294341 Houston Rockets
1514366239094808584 Utah Jazz
1514628050671091721 Houston Rockets
1514082391006056453 Houston Rockets
1513839186574467073 Houston Rockets
1513679180470366208 Houston Rockets
1513589269348167682 New York Knicks
1513211346472558594 Houston Rockets
1512974743057666058 Houston Rockets
1512974030416007177 Houston Rockets
1512973911163613192 Houston Rockets
1512934162331844613 Houston Rockets
1512024990606053379 Washington Wizards
1511446760249602060 Houston Rockets
1508369092331327489 Houston Rockets
1508367716595515393 Houston Rockets
1508331438906785792 Houston Rockets
1506042279529754630 Houston Rockets
1505834952587460611 Houston Rockets
1504706743275864101 Houston Rockets
1504696281897517058 Atlanta Hawks
1503793040229548033 Houston Rockets
1501086268607893506 Houston Rockets
1514266188175613954 Atlanta Hawks
1514261698143784960 Houston Rockets
1514025219173797888 Philadelphia 76ers
1513706796229275649 Houston Rockets
1513704559973183495 Houston Rockets
1513699171089453058 Houston Rockets
1513697666840018944 Houston Rockets
1513697196658634757 Houston Rockets
1513661394360676352 Houston Rockets
1513654662196563972 Houston Rockets
1513607784620769282 Los Angeles Lakers
1513567346362916864 Houston Rockets
1484539610202001412 Toronto Raptors
1484519666370420737 Houston Rockets
1484518590258814976 Houston Rockets
1484518462034694159 Toronto Raptors
1484239982709641221 Houston Rockets
1483907742158962692 Houston Rockets
1483866381611319296 Houston Rockets
1483444452370886659 Houston Rockets
1483444395059949578 Milwaukee Bucks
1483444379008307204 Washington Wizards
1483431314384908290 Toronto Raptors
1482094708524474368 Houston Rockets
1482063243086647297 Milwaukee Bucks
1514653895892557833 Houston Rockets
1514395268556414976 Houston Rockets
1514395127925682176 Houston Rockets
1514394172324732930 Houston Rockets
1513974629643309059 Houston Rockets
1513974542607151107 Houston Rockets
1513972082983510019 Houston Rockets
1513653714480996354 Milwaukee Bucks
1513653685909442562 Minnesota Timberwolves
1513266238738386945 Houston Rockets
1513207894371622924 Houston Rockets
1513207296851066880 Houston Rockets
1508416960530460677 Houston Rockets
1350308043863502848 Houston Rockets
1340697912888717313 Detroit Pistons
1287100612031713280 Denver Nuggets
1286888856818716672 Houston Rockets
1259870210238152707 Houston Rockets
1162001868186357760 Houston Rockets
1161981007232491520 Utah Jazz
1143027042654543874 Utah Jazz
700703928510496769 Utah Jazz
648968703737004032 Houston Rockets
602510809307160577 Houston Rockets
579302955498790913 Houston Rockets
577645576436613120 Houston Rockets
576420957881044992 Houston Rockets
1514279059043147777 Houston Rockets
1513947733005987840 Utah Jazz
1512126584576041041 Houston Rockets
1511723447902035970 Houston Rockets
1511378780199268359 Houston Rockets
1511122566789828615 Houston Rockets
1509904181150171146 Houston Rockets
1509692645139910665 Houston Rockets
1509373404251574274 Houston Rockets
1508542683089817600 Houston Rockets
1508519783532150785 Houston Rockets
1508504043378798594 Houston Rockets
1510704521969745921 Oklahoma City Thunder
1483994237964533760 Milwaukee Bucks
1483184728001765376 Houston Rockets
1481781887748083713 Houston Rockets
1481722391814291456 Milwaukee Bucks
1481722375959760898 Milwaukee Bucks
1481404662506950657 Houston Rockets
1514356490441617410 Cleveland Cavaliers
1514364570478948354 Los Angeles Clippers
1514303430986149891 Houston Rockets
1513218319620354056 Houston Rockets
1511936180501168131 Houston Rockets
1511821235340021763 Los Angeles Lakers
1511716866003066880 Houston Rockets
1510659172844523520 Houston Rockets
1509814159604518913 Houston Rockets
1509051148228997122 Houston Rockets
1507046128184958982 Houston Rockets
1506082572656254978 Houston Rockets
1505574903403098112 Houston Rockets
1505008022598291460 Houston Rockets
1504115177414807560 New York Knicks
1514354278617411584 Houston Rockets
1509722134066700288 Atlanta Hawks
1509719795477921796 Utah Jazz
1501080806894096384 Utah Jazz
1491263935366201346 Houston Rockets
1491263713885966338 Utah Jazz
1420498579110514692 Houston Rockets
1403861705692614656 Houston Rockets
1393375491713765376 Houston Rockets
1381486295973720065 Houston Rockets
1377708948527046659 Houston Rockets
1377704563193483265 Philadelphia 76ers
1377658339799146496 Houston Rockets
1370189050343157762 Houston Rockets
1513680818752741383 Houston Rockets
1513331206749753344 Houston Rockets
1512643044679376901 Houston Rockets
1512141121194905609 Houston Rockets
1506633058203672580 Chicago Bulls
1509900050947878918 Houston Rockets
1506398686170939397 Houston Rockets
1514621316363554822 Houston Rockets
1514435977179136003 Houston Rockets
1514083804549242884 Houston Rockets
1513990372812201984 Houston Rockets
1513990152384770049 Houston Rockets
1513989736230121472 Milwaukee Bucks
1513928529133539329 New York Knicks
1513730327834882051 Houston Rockets
1514497402551648256 Houston Rockets
1513955563603906567 Houston Rockets
1511834909740044291 Houston Rockets
1511690620036956165 Houston Rockets
1507373955769896969 Utah Jazz
1507010444015284226 Houston Rockets
1506928577123700744 Houston Rockets
1506288639340429332 Philadelphia 76ers
1500805131058794499 Houston Rockets
1496411768427585536 Milwaukee Bucks
1494621152232280064 Houston Rockets
1514657276757430279 Houston Rockets
1514656966102208523 Houston Rockets
1514656859063742466 Houston Rockets
1514000335483908104 Houston Rockets
1513576656874704901 Houston Rockets
1511834275578007554 Los Angeles Lakers
1514654521250795527 Denver Nuggets
1514654258406305794 Houston Rockets
1514654086536253443 Houston Rockets
1514646557328609286 Chicago Bulls
1514644499452018697 Houston Rockets
1514644456062033921 Houston Rockets
1514644394766483463 Houston Rockets
1514644362340282380 Houston Rockets
1514644332061593604 Houston Rockets
1514643096578965511 Houston Rockets
1514643058658357255 Houston Rockets
1514643048076042246 Houston Rockets
1514180891492466693 Minnesota Timberwolves
1514180211046236161 Houston Rockets
1514180071690588162 Houston Rockets
1514180054913327109 Houston Rockets
1513987326057361419 Dallas Mavericks
1513987302342770697 Denver Nuggets
1513824196899528704 Houston Rockets
1513824130772180992 Washington Wizards
1513795476990177285 Houston Rockets
1513795461349613570 Houston Rockets
1513795447663513600 Houston Rockets
1513795422686429185 Houston Rockets
1514567321221668865 Houston Rockets
1514437414642716673 Washington Wizards
1514410165667307528 Houston Rockets
1514409574912114696 Houston Rockets
1514381393073221632 Houston Rockets
1514207692923064325 Houston Rockets
1514207439331147776 Washington Wizards
1514101602755481602 Houston Rockets
1514093566930341888 Houston Rockets
1514038683334332424 Utah Jazz
1512078639336022027 Houston Rockets
1511391066678874113 Milwaukee Bucks
1511162801984884751 Houston Rockets
1509557658495377417 Houston Rockets
1507394560422551554 Houston Rockets
1485052487233163268 Toronto Raptors
1485052457193512971 Houston Rockets
1485050979846438919 Houston Rockets
1476621395241152520 Houston Rockets
1457935483598786560 Houston Rockets
1454581776446377985 New York Knicks
1454167034124804103 Houston Rockets
1449761603851849730 Houston Rockets
1438689758486614019 Houston Rockets
1434696586886623232 Houston Rockets
1429853300351021059 Houston Rockets
1426928025384390656 Indiana Pacers
1426918551462588417 Indiana Pacers
1426917817056698378 Houston Rockets
1425842987481935875 Houston Rockets
1514454859789094920 Houston Rockets
1514434076433915905 Boston Celtics
1514377164770193410 Houston Rockets
1514256658494631944 Washington Wizards
1514235559560032267 Los Angeles Clippers
1513964792414883853 Boston Celtics
1513964749951746060 Houston Rockets
1513877250382483461 Houston Rockets
1513876982601297924 Philadelphia 76ers
1513680259455012864 Washington Wizards
1513612576298516483 Houston Rockets
1513581680426160132 Houston Rockets
1513556469165314057 Houston Rockets
1513551422025048072 Houston Rockets
1513550927365607425 Indiana Pacers
1513529778539798530 Houston Rockets
1513524370718797828 Houston Rockets
1493969534356709376 Houston Rockets
1493057898427174912 Houston Rockets
