1514456858051764226 Charlotte Hornets
1513720787882102786 Atlanta Hawks
1513322508988166148 Atlanta Hawks
1513308371302158340 Indiana Pacers
1513301578408763392 Philadelphia 76ers
1513248352145756168 Orlando Magic
1512863242653159424 Atlanta Hawks
1512454740608794625 Atlanta Hawks
1512267202401030171 Portland Trail Blazers
1512250197535072256 Minnesota Timberwolves
1511439217267777544 Miami Heat
1510462845892411392 Minnesota Timberwolves
1514412251180150785 Denver Nuggets
1513967182526533639 Washington Wizards
1512874157633163265 Houston Rockets
1511835759103385609 Orlando Magic
1511346706272727041 Phoenix Suns
1510228291256569863 Denver Nuggets
1504880795026137096 Minnesota Timberwolves
1502835623123636229 Miami Heat
1500297634241814533 Houston Rockets
1500276765477986306 Memphis Grizzlies
1513674262384713741 Atlanta Hawks
1512032737615622144 Philadelphia 76ers
1501764392156811276 Orlando Magic
1495923110146674688 Milwaukee Bucks
1493492622022881282 Washington Wizards
1490789327256891397 San Antonio Spurs
1489064824466288644 Houston Rockets
1488173005339508739 Golden State Warriors
1485477485441597445 Sacramento Kings
1484285316768878598 Los Angeles Clippers
1474797395145891845 Utah Jazz
1473373633749868553 Orlando Magic
1469924646061494273 San Antonio Spurs
1514434102124068867 Indiana Pacers
1514380719778316290 Los Angeles Clippers
1513995308027555842 Houston Rockets
1514642250717880326 Dallas Mavericks
1514480521451130880 Minnesota Timberwolves
1514431120548544514 Philadelphia 76ers
1514426921681133574 Denver Nuggets
1514425592837455874 Atlanta Hawks
1514425108978454535 Utah Jazz
1514424366045540361 Houston Rockets
1514422495834693634 Philadelphia 76ers
1514420128208900096 Utah Jazz
1514418060769345539 Houston Rockets
1514405060486340615 New York Knicks
1513237185373298692 Denver Nuggets
1506700207785922569 Houston Rockets
1500593523808161807 Dallas Mavericks
1499928480946999301 Houston Rockets
1498134595212034052 Portland Trail Blazers
1498134573527539716 Atlanta Hawks
1496600483464716300 Washington Wizards
1493636193736609801 Utah Jazz
1492286530735460355 Oklahoma City Thunder
1491848403487268865 Washington Wizards
1491848295550967810 Cleveland Cavaliers
1513316215204331522 Orlando Magic
1513289557437001737 Atlanta Hawks
1512948489352851459 Indiana Pacers
1512932069210574849 Atlanta Hawks
1512846809906954242 Atlanta Hawks
1512222492148080643 Los Angeles Clippers
1512222029994512387 Chicago Bulls
1512209380929941518 Atlanta Hawks
1512135099155951623 Atlanta Hawks
1511918282143678475 Denver Nuggets
1511869767912669187 Utah Jazz
1511858222482829313 Atlanta Hawks
1511829277326589967 Dallas Mavericks
1514406745141039107 Minnesota Timberwolves
1514289744687116298 Houston Rockets
1514285045044940808 New Orleans Pelicans
1513992202514579466 Dallas Mavericks
1513503848425525250 Minnesota Timberwolves
1512706248684232704 Cleveland Cavaliers
1512186459574489088 Houston Rockets
1510427803635826693 Cleveland Cavaliers
1514589075394768896 Indiana Pacers
1514589061700366345 Atlanta Hawks
1514436114676948993 San Antonio Spurs
1513744900226961410 Philadelphia 76ers
1512991000439963649 Indiana Pacers
1511001721597837321 Chicago Bulls
1510970574486523907 Denver Nuggets
1510827669725843456 Chicago Bulls
1510485747777871872 Chicago Bulls
1514600495125463051 Denver Nuggets
1514494108450103298 Philadelphia 76ers
1514490854664245253 Portland Trail Blazers
1514098980875083777 Los Angeles Clippers
1513929810703171587 Atlanta Hawks
1513929726741602311 Washington Wizards
1513929695787724812 Minnesota Timberwolves
1513925029389651976 Washington Wizards
1513554935685816324 Houston Rockets
1513553670960463887 San Antonio Spurs
1514261359063715848 Atlanta Hawks
1514047679952736262 Brooklyn Nets
1513950590350594051 Los Angeles Lakers
1513950382975762435 Denver Nuggets
1513607088718688264 Phoenix Suns
1513605230189027332 Orlando Magic
1513566613412397056 New York Knicks
1512423562325467143 Los Angeles Clippers
1511463974730186756 Denver Nuggets
1511431637518671884 Utah Jazz
1511062361926422534 Minnesota Timberwolves
1508481902528901129 Phoenix Suns
1508463330410782734 Toronto Raptors
1514647760414605312 Chicago Bulls
1514647635172663303 Minnesota Timberwolves
1514646875613569026 Orlando Magic
1514645989940146176 Cleveland Cavaliers
1514645959548235779 Chicago Bulls
1514284168901017614 Chicago Bulls
1514283840554307589 Utah Jazz
1514280226322526209 Minnesota Timberwolves
1514279429840961537 Chicago Bulls
1514247267125166083 Dallas Mavericks
1514246449873453056 Chicago Bulls
1514091660178857988 Denver Nuggets
1512819973483286528 New York Knicks
1512789528523780100 Phoenix Suns
1511379803286519814 Houston Rockets
1509280331874111496 Phoenix Suns
1508993762558681090 Houston Rockets
1508283944449589258 Utah Jazz
1508161907865362433 Denver Nuggets
1507489648439869441 Los Angeles Lakers
1507373480047783937 Phoenix Suns
1507199436568633351 Minnesota Timberwolves
1488975703697674240 Orlando Magic
1477378327488999434 Utah Jazz
1514341338812190729 Sacramento Kings
1512953685009178627 New York Knicks
1510005382059593733 Los Angeles Lakers
1507448997656596513 Milwaukee Bucks
1501201370057166859 Denver Nuggets
1497691128044437504 Cleveland Cavaliers
1492357814928433157 Philadelphia 76ers
1489967639921315844 Minnesota Timberwolves
1470046949772603393 Washington Wizards
1455680404380344321 Houston Rockets
1450604085393121282 Oklahoma City Thunder
1441162792539541513 Charlotte Hornets
1514039137061552133 Phoenix Suns
1514036637436719117 Houston Rockets
1513956471624581120 Minnesota Timberwolves
1512845881829171201 Houston Rockets
1512526105806319619 Houston Rockets
1512522198967328770 Portland Trail Blazers
1512494991054102540 New Orleans Pelicans
1512216231771783170 Chicago Bulls
1510672387070734337 Houston Rockets
1510387928559763459 Orlando Magic
1504556923437424643 Cleveland Cavaliers
1491621215404011521 Chicago Bulls
1491549884243136519 Minnesota Timberwolves
1491549695935713282 New York Knicks
1491501503814770692 Los Angeles Lakers
1490552789122134017 Sacramento Kings
1487270385628372994 Chicago Bulls
1483971238347296769 Utah Jazz
1483971158903070722 Orlando Magic
1483605487971090435 San Antonio Spurs
1483605443880624130 San Antonio Spurs
1483248278233927680 San Antonio Spurs
1514289087066300419 Portland Trail Blazers
1512373193310445570 Houston Rockets
1510793870451302401 Oklahoma City Thunder
1510791873639723008 New York Knicks
1510791426661040129 Houston Rockets
1510369427979653122 Houston Rockets
1509908207342391301 Houston Rockets
1509586231373578248 Miami Heat
1509366547952939008 Houston Rockets
1514637325535481863 Denver Nuggets
1514637279188463619 Brooklyn Nets
1514637061399195652 Orlando Magic
1514636880251428866 Los Angeles Lakers
1514343089443418117 Miami Heat
1513333849933164554 Washington Wizards
1513286661530177548 New Orleans Pelicans
1513170871745142786 Miami Heat
1514633994364669952 San Antonio Spurs
1514052044901998595 Charlotte Hornets
1514050119456501768 Detroit Pistons
1514048730776879107 New Orleans Pelicans
1514048714276487168 Cleveland Cavaliers
1514048653882806273 Detroit Pistons
1514048502086737923 Memphis Grizzlies
1514003921613824014 Denver Nuggets
1512442399838158851 Chicago Bulls
1512436235159154696 Detroit Pistons
1509462098186838022 Minnesota Timberwolves
1506288742021091341 New York Knicks
1505663327619399680 Utah Jazz
1504852644724158466 Los Angeles Clippers
1504850998333952001 New York Knicks
1504850338326716417 Utah Jazz
1504850164506374147 Denver Nuggets
1504849953457381380 Minnesota Timberwolves
1504849130367205385 Minnesota Timberwolves
1504849104517619722 Houston Rockets
1504768445187043336 Oklahoma City Thunder
1503677655111151617 Denver Nuggets
1514635685856419841 Oklahoma City Thunder
1514561937094619136 Washington Wizards
1514561368388644875 New York Knicks
1514560248006471681 Miami Heat
1514559781679558656 Brooklyn Nets
1514559698019942406 Golden State Warriors
1514559540465143811 Washington Wizards
1514559452313440256 Sacramento Kings
1513943202914570240 Minnesota Timberwolves
1513013838496493572 Sacramento Kings
1512343638432522241 Utah Jazz
1511683155010494464 Chicago Bulls
1511682884360458244 San Antonio Spurs
1511681511313092610 Sacramento Kings
1510928449879298066 New Orleans Pelicans
1510927732997337088 Minnesota Timberwolves
1510659364041932803 Los Angeles Lakers
1510653566255513601 Houston Rockets
1512642056996356103 Atlanta Hawks
1482540635190038530 Brooklyn Nets
1482530812733972482 Brooklyn Nets
1478945589366689794 Los Angeles Lakers
1475000253560598528 San Antonio Spurs
1460544329332793347 Minnesota Timberwolves
1457243059662426113 New York Knicks
1378553325336035329 Denver Nuggets
1267579649661587457 Houston Rockets
1267510829840285702 Sacramento Kings
1246873612272971783 Houston Rockets
1223484609289244672 Sacramento Kings
1208109960426602496 Portland Trail Blazers
1184634733688479748 Chicago Bulls
1157682915582599171 Utah Jazz
1157311212641816576 Utah Jazz
1087806072394530816 Sacramento Kings
1061446936073510912 Sacramento Kings
1003081649859518464 Cleveland Cavaliers
996192959266787328 Orlando Magic
945101334461730817 Utah Jazz
1514642602024476676 Denver Nuggets
1514618473413955596 Philadelphia 76ers
1514595778253185025 Dallas Mavericks
1514593494538543106 Phoenix Suns
1514588243563536384 Dallas Mavericks
1514588048171974657 Los Angeles Lakers
1514587418682347520 Houston Rockets
1514587343591776257 Houston Rockets
1514568412760100866 Washington Wizards
1514567446820179978 Minnesota Timberwolves
1509165199865036813 Chicago Bulls
1475808882257764352 Dallas Mavericks
1417411068754907146 Dallas Mavericks
1407749336755228675 Miami Heat
1401156191884087296 Miami Heat
1507126924019216390 New Orleans Pelicans
1507090055914995714 Memphis Grizzlies
1501400155425329157 Orlando Magic
1501399928672825347 Los Angeles Clippers
1503922924905975809 Atlanta Hawks
1503922750989160454 Houston Rockets
1514410765058560009 Houston Rockets
1509352765885227011 Charlotte Hornets
1508155979401150464 New York Knicks
1507470257094545408 Boston Celtics
1503849789250801677 Orlando Magic
1499942260770807810 Utah Jazz
1498091545559552000 Golden State Warriors
1497993864568885254 Utah Jazz
1497301700381753355 Los Angeles Clippers
1496926668258410498 Charlotte Hornets
1496312901967257600 Oklahoma City Thunder
1490855470461964289 Toronto Raptors
1486158258708619267 Denver Nuggets
1482028184988266501 Detroit Pistons
1514633507485597701 Milwaukee Bucks
1514632632746733571 Cleveland Cavaliers
1514632422087790596 Houston Rockets
1514631022368854018 Sacramento Kings
1514441959636537347 Minnesota Timberwolves
1514439154678919169 Los Angeles Clippers
1514323209276985344 Minnesota Timberwolves
1514323175395377153 Dallas Mavericks
1514322459591274497 Utah Jazz
1514096175963463683 Phoenix Suns
1514079302236577794 Denver Nuggets
1514636103969607681 Minnesota Timberwolves
1514634013423677450 Memphis Grizzlies
1514633964371206154 Indiana Pacers
1514633951809314832 Milwaukee Bucks
1514633938211418120 Detroit Pistons
1514495268464517126 Houston Rockets
1514451136035659778 Atlanta Hawks
1514451036714549253 Dallas Mavericks
1514450725199396867 Cleveland Cavaliers
1514442230290960387 Houston Rockets
1514442101811040264 Charlotte Hornets
1514441507624955907 Brooklyn Nets
1514632514794573830 Charlotte Hornets
1514632429700583429 Philadelphia 76ers
1514632365754265600 Denver Nuggets
1514632160053010436 Dallas Mavericks
1514632133163241479 Memphis Grizzlies
1514631896554221572 Sacramento Kings
1514556725336150016 Minnesota Timberwolves
1514556133452693508 Washington Wizards
1514556117543751683 Cleveland Cavaliers
1514556056625504257 Minnesota Timberwolves
1514555909686841348 Chicago Bulls
1514611564443144195 Charlotte Hornets
1514328675268845568 Houston Rockets
1514328275807617035 Houston Rockets
1514305805302087694 Utah Jazz
1514301515657273352 Phoenix Suns
1514272008003100675 Cleveland Cavaliers
1514271805426524176 Utah Jazz
1514262766445596677 Utah Jazz
1514262420763590658 Orlando Magic
1514262067083202561 New York Knicks
1514250570214916102 Denver Nuggets
1513967627974107137 New Orleans Pelicans
1513790705701122048 New York Knicks
1513782678591582210 Denver Nuggets
1513761581112467462 New York Knicks
1513760870249242625 Utah Jazz
1513552670354821121 Minnesota Timberwolves
1513275113659146241 Minnesota Timberwolves
1513266587918381058 Los Angeles Clippers
1514431803280535558 Utah Jazz
1514262756794552321 Charlotte Hornets
1513858268271202305 Denver Nuggets
1512837799120195587 Sacramento Kings
1512600893790859264 Brooklyn Nets
1512070203688947717 Minnesota Timberwolves
1509989042590556165 Utah Jazz
1509592498766761997 Phoenix Suns
1509269750341419012 New York Knicks
1509223559054381056 Denver Nuggets
1508134677739102216 Houston Rockets
1502885367569162243 Phoenix Suns
1496331380459978755 Miami Heat
1494677488080932866 Houston Rockets
1494510123120742403 Boston Celtics
1494509341080178702 Los Angeles Clippers
1494507890517889037 Minnesota Timberwolves
1494314261992161280 New Orleans Pelicans
1493400447712907269 New Orleans Pelicans
1492709544794939394 Philadelphia 76ers
1490803632807231491 Sacramento Kings
1489464499014881281 Oklahoma City Thunder
1513612851553968131 Cleveland Cavaliers
1509942388520890375 Orlando Magic
1509623694326485001 Chicago Bulls
1509612140008964097 Chicago Bulls
1509607697754345476 Houston Rockets
1509605653521784839 Chicago Bulls
1509600989694898186 Chicago Bulls
1508427214018289671 Houston Rockets
1500853335947161608 Denver Nuggets
1500851492072341507 Memphis Grizzlies
1498612648681873411 San Antonio Spurs
1497368129709776899 Phoenix Suns
1514644244547448841 Toronto Raptors
1514644104579321860 Chicago Bulls
1514643892565594122 Milwaukee Bucks
1514639180982366208 Orlando Magic
1514639107141611522 Memphis Grizzlies
1514637103409373191 Houston Rockets
1514623568855937024 Oklahoma City Thunder
1514623527533662209 Phoenix Suns
1514623503391203335 Memphis Grizzlies
1506000809930153987 Minnesota Timberwolves
1420954101500702727 Chicago Bulls
1392809851567415299 Orlando Magic
1390684138919837700 Houston Rockets
1390671191376007169 Chicago Bulls
1387768066264682504 Denver Nuggets
1369469769930379267 Houston Rockets
1364313913114955776 Chicago Bulls
1319465823929569281 Cleveland Cavaliers
1296963904116084740 Chicago Bulls
1296830686498820101 Chicago Bulls
1282483856151654400 New York Knicks
1509280842551603209 New York Knicks
1504667442194305024 Atlanta Hawks
1502647978322010119 Houston Rockets
1501941501214953476 Houston Rockets
1500565997086023684 Houston Rockets
1493065250463268867 Brooklyn Nets
1485368692422631427 Orlando Magic
1473115414653812741 Houston Rockets
1462096018758119431 Portland Trail Blazers
1454202506700017680 Utah Jazz
1448092838013591560 Portland Trail Blazers
1447039589307277319 Sacramento Kings
1437359376700870662 Denver Nuggets
1514351774299312138 New Orleans Pelicans
1514305955353219073 Chicago Bulls
1513359159986638857 Miami Heat
1513323952826945550 Phoenix Suns
1509914838746734600 Minnesota Timberwolves
1509696169705943041 Minnesota Timberwolves
1509363625957412867 Phoenix Suns
1508627094263275521 Houston Rockets
1504589950397915138 Miami Heat
1504286484706299906 New Orleans Pelicans
1514647221383352324 Washington Wizards
1514626626146942986 Utah Jazz
1514353630178074626 Dallas Mavericks
1514347852201402368 Phoenix Suns
1514306057912344578 Orlando Magic
1514280801374023689 Chicago Bulls
1514277648628862999 Chicago Bulls
1514272775590010887 Chicago Bulls
1514257625101352962 Los Angeles Lakers
1514257323040120836 Chicago Bulls
1514078381775671297 Dallas Mavericks
1514024185902817284 Chicago Bulls
1514610588822884363 Chicago Bulls
1514603731353886744 Chicago Bulls
1514163741440585728 Chicago Bulls
1514159887508512769 Phoenix Suns
1514159862741098497 Portland Trail Blazers
1514159849537482760 Chicago Bulls
1514159832353456128 Milwaukee Bucks
1514159819573415940 Golden State Warriors
1514159803819606018 Chicago Bulls
1514147391456296963 Chicago Bulls
1513678469045051392 Phoenix Suns
1510106923193946113 Minnesota Timberwolves
1506042752164777988 Chicago Bulls
1497053212888629248 Oklahoma City Thunder
1496537699276455936 Dallas Mavericks
1494126102511378433 Chicago Bulls
1488717500875374592 Chicago Bulls
1485762499366424576 Charlotte Hornets
1485147733220417536 San Antonio Spurs
1484978343309045760 San Antonio Spurs
1484670412948525057 San Antonio Spurs
1484370479947259912 San Antonio Spurs
1484235991019757569 San Antonio Spurs
1479073089992417280 Memphis Grizzlies
1441690719991721991 Phoenix Suns
1440720036063170567 Houston Rockets
1437034482192760835 Minnesota Timberwolves
1418918866844098570 Denver Nuggets
1409121594182676481 Cleveland Cavaliers
1395141865515667456 Miami Heat
1381766381776089092 Portland Trail Blazers
1345885430605090817 Chicago Bulls
1326997510536171522 Portland Trail Blazers
1326891286834634755 Dallas Mavericks
1323990787017900032 Chicago Bulls
1316761025895686147 Brooklyn Nets
1514542825110740998 Cleveland Cavaliers
1514439495873175553 Detroit Pistons
1514438446621802499 Cleveland Cavaliers
1514382023804215301 Atlanta Hawks
1514356850791178240 Utah Jazz
1514356474667020288 Oklahoma City Thunder
1514322544077287425 Cleveland Cavaliers
1514302592431628298 Utah Jazz
1514302503600504844 New York Knicks
1514062244585390080 Denver Nuggets
1514379766861815811 Washington Wizards
1514263224270704654 Cleveland Cavaliers
1514263063423295497 Cleveland Cavaliers
1514649091250311175 Houston Rockets
1514648744368783370 Minnesota Timberwolves
1514186140970070023 Denver Nuggets
1513835332277526529 Dallas Mavericks
1513473890428858369 Utah Jazz
1513473836129427461 Minnesota Timberwolves
1513440634199318529 Denver Nuggets
1513345166157008900 Houston Rockets
1513344903878782979 Milwaukee Bucks
1512495848663494663 Minnesota Timberwolves
1512495825615794178 San Antonio Spurs
1514647405215555585 Sacramento Kings
1514645540914487301 Cleveland Cavaliers
1514270892766990337 Portland Trail Blazers
1514270784851783682 Denver Nuggets
1514270703977222149 Portland Trail Blazers
1514269506058821636 Houston Rockets
1513509901980602380 New York Knicks
1513508135717281799 Miami Heat
1513182382937026566 Cleveland Cavaliers
1512810991570112512 Cleveland Cavaliers
1512809992205832194 Minnesota Timberwolves
1512807629441150987 New York Knicks
1512806797605847046 Cleveland Cavaliers
1512806520156835842 Denver Nuggets
1513726512368799744 Los Angeles Clippers
1513682044630429702 Toronto Raptors
1512926546591322114 New Orleans Pelicans
1512915523956215808 Minnesota Timberwolves
1511550959830200324 New York Knicks
1511191705990537219 Utah Jazz
1511111448658780167 Cleveland Cavaliers
1510754931774427140 New York Knicks
1510615260717150214 Houston Rockets
1510461559880835072 Houston Rockets
1510460828499132417 Phoenix Suns
1514596204285513729 Cleveland Cavaliers
1514420765684285451 Denver Nuggets
1514420492874170373 Cleveland Cavaliers
1514396542089809921 Cleveland Cavaliers
1514080789620830210 Cleveland Cavaliers
1514044509830660099 Cleveland Cavaliers
1514033030792462346 Denver Nuggets
1514011391329554434 Cleveland Cavaliers
1514008655808630802 Cleveland Cavaliers
1514006367513812994 Cleveland Cavaliers
1514002471840100353 Cleveland Cavaliers
1514001604218966024 Denver Nuggets
1513962196027547655 Cleveland Cavaliers
1513916923939115009 Cleveland Cavaliers
1514646305146122251 Utah Jazz
1514413512235307009 Phoenix Suns
1514394738903900162 Brooklyn Nets
1514269762897039368 Houston Rockets
1514269232988663810 Utah Jazz
1514055119607930882 Memphis Grizzlies
1514051416381440013 Denver Nuggets
1513718195701661700 Los Angeles Clippers
1513699048359960582 Chicago Bulls
1513698983398543361 Orlando Magic
1513221322435874816 Houston Rockets
1513158781202538498 Miami Heat
1512923320181673986 Cleveland Cavaliers
1512846491433549828 Denver Nuggets
1514640699576180736 Dallas Mavericks
1514640470785277964 Dallas Mavericks
1514428082664484869 Dallas Mavericks
1514374133760630788 Dallas Mavericks
1514373779102777349 Dallas Mavericks
1514330304181379075 Dallas Mavericks
1514251020540551173 Dallas Mavericks
1514077004311711750 Washington Wizards
1514648947343728652 New York Knicks
1514648282877902856 Detroit Pistons
1514647207001083910 Phoenix Suns
1514632326390685696 Utah Jazz
1514631347628822534 Utah Jazz
1514435115342077956 Houston Rockets
1514420324212916224 Dallas Mavericks
1514404191481081862 Philadelphia 76ers
1514384398858305543 Atlanta Hawks
1514339670204850181 Utah Jazz
1514339206704898053 Minnesota Timberwolves
1494741339300372483 Phoenix Suns
1494740699727675393 Los Angeles Clippers
1462193555691261959 Houston Rockets
1458857352250101760 Denver Nuggets
1455636579372998659 Portland Trail Blazers
1448706084135395332 Milwaukee Bucks
1431282583170543616 Houston Rockets
1514314387120603145 Houston Rockets
1514313567490777097 Houston Rockets
1514235235881431043 Dallas Mavericks
1514058946612449286 Chicago Bulls
1514001883735728129 Washington Wizards
1514000965870960640 Dallas Mavericks
1513927889107963908 Dallas Mavericks
1513927809768566786 Dallas Mavericks
1513876976922202130 New York Knicks
1514647536862216204 Houston Rockets
1514533350161240070 Portland Trail Blazers
1514418188217470986 Utah Jazz
1514351265676935168 Dallas Mavericks
1513203496174161925 Detroit Pistons
1512913204233576453 Denver Nuggets
1512657799129583622 Dallas Mavericks
1512347134523232258 Memphis Grizzlies
1512275050333884416 Memphis Grizzlies
1512139802086461445 Denver Nuggets
1511929822859169792 Sacramento Kings
1514641644485763088 Minnesota Timberwolves
1514409004000284678 Dallas Mavericks
1514337775050543107 Dallas Mavericks
1514335944417189907 Minnesota Timberwolves
1514266091111030786 Oklahoma City Thunder
1513929696878239751 Minnesota Timberwolves
1513927371883167744 Dallas Mavericks
1513625379461869571 Dallas Mavericks
1513605469029425157 Dallas Mavericks
1484942000042516482 San Antonio Spurs
1406381919311478785 San Antonio Spurs
1391616101117792257 Minnesota Timberwolves
1390726956929409024 New Orleans Pelicans
1387848346388291584 Denver Nuggets
1387244620229353474 San Antonio Spurs
1387234335326183432 Minnesota Timberwolves
1387231702641172483 Milwaukee Bucks
1514648815277641734 Dallas Mavericks
1512827777547972628 Dallas Mavericks
1510756986866085889 Atlanta Hawks
1506062159939260417 Phoenix Suns
1500995070878752769 Charlotte Hornets
1483943729673252864 Toronto Raptors
1482937970764222476 Minnesota Timberwolves
1482112066035068928 San Antonio Spurs
1469861219867709441 Dallas Mavericks
1469840856790224900 Boston Celtics
1469840226021519360 Milwaukee Bucks
1514649185634721793 Dallas Mavericks
1512634807653744645 Dallas Mavericks
1511889370357370880 Portland Trail Blazers
1509877499936878597 Houston Rockets
1509877361365372938 Dallas Mavericks
1509877219434369029 Denver Nuggets
1509877118968250368 Dallas Mavericks
1509603080593100803 Houston Rockets
1509602654829395975 Utah Jazz
1509471183292538883 Houston Rockets
1508989425262411783 New Orleans Pelicans
1514613669916643328 Portland Trail Blazers
1513972264177438720 New Orleans Pelicans
1513614551530582024 Los Angeles Clippers
1513537881608015874 Denver Nuggets
1513521110591102989 Oklahoma City Thunder
1514067837370863618 Boston Celtics
1512149668192407552 Denver Nuggets
1503551982379753476 Toronto Raptors
1503547426329620480 Phoenix Suns
1501587656060256256 Boston Celtics
1496218441296097280 Houston Rockets
1494838697996345345 New Orleans Pelicans
1494795116237582336 Houston Rockets
1494342681442455554 Denver Nuggets
1493779838276046853 New York Knicks
1493710090196582400 Memphis Grizzlies
1491994464125997057 Denver Nuggets
1491993283773362180 Cleveland Cavaliers
1491582291981660160 Utah Jazz
1514596103441854473 New York Knicks
1514418222547849218 Chicago Bulls
1514073190980587525 Denver Nuggets
1514052485450805252 Miami Heat
1513955100527632394 Utah Jazz
1513877135320039427 Portland Trail Blazers
1513528356343582720 Minnesota Timberwolves
1513238673327861765 Phoenix Suns
1513228795872002051 Sacramento Kings
1512598547920732164 Houston Rockets
1512417190573715458 Orlando Magic
1512408244412723201 Los Angeles Lakers
1512384926485729283 Denver Nuggets
1461538656821280771 Minnesota Timberwolves
1402827826789707781 Toronto Raptors
1383139153689288704 Denver Nuggets
1383138260466028545 Houston Rockets
1344069871332552705 Houston Rockets
1340845420486914050 Houston Rockets
1302234432263221249 Denver Nuggets
1300827130637373440 Houston Rockets
1300256710523785218 Utah Jazz
1273391182035460099 Denver Nuggets
1273391131410063361 Denver Nuggets
1227400238962364416 Denver Nuggets
1210768593392025601 Houston Rockets
1204826207759372288 Milwaukee Bucks
1163873178642345984 Houston Rockets
1514257134556434439 Minnesota Timberwolves
1514257049332469764 Minnesota Timberwolves
1514117035160129538 Phoenix Suns
1514099299495333897 Orlando Magic
1513915157436669961 Houston Rockets
1513914576420626436 Phoenix Suns
1513914529520005129 Denver Nuggets
1513389937671880706 Houston Rockets
1513365319489765376 Charlotte Hornets
1513032728765075461 San Antonio Spurs
1513031941309620230 Milwaukee Bucks
1512989387608387589 Cleveland Cavaliers
1514272639530983424 Utah Jazz
1512992166565589005 Utah Jazz
1512420235726376962 Orlando Magic
1512089327995482132 Atlanta Hawks
1511751157894496256 Utah Jazz
1510455849281536005 Cleveland Cavaliers
1510278825669799940 Philadelphia 76ers
1510074086919081985 Portland Trail Blazers
1509979778568368128 Portland Trail Blazers
1509962593930289164 Sacramento Kings
1509958216817553410 Minnesota Timberwolves
1509927662101405699 Utah Jazz
1509919084149817348 New York Knicks
1514450760045457408 Sacramento Kings
1513719186945572864 Houston Rockets
1512252720035471364 Houston Rockets
1511733616581218324 Sacramento Kings
1511438129265319944 Minnesota Timberwolves
1511224198361931779 New York Knicks
1511207152706277381 Denver Nuggets
1511143174781157376 Utah Jazz
1512269781163909122 Utah Jazz
1512148860344406019 Houston Rockets
1510173075202981892 Houston Rockets
1507572329496432642 San Antonio Spurs
1506373999806275584 Minnesota Timberwolves
1504867376201928758 Houston Rockets
1503890579930980355 Brooklyn Nets
1499087833637785601 Minnesota Timberwolves
1495064984656629762 Minnesota Timberwolves
1485017578325954560 Minnesota Timberwolves
1485017303393521665 San Antonio Spurs
1511104315464761344 Houston Rockets
1510743102486630410 Houston Rockets
1504545044220428307 Portland Trail Blazers
1502995581316198402 Denver Nuggets
1514646735666122755 Detroit Pistons
1514445494725931008 Minnesota Timberwolves
1514005804810047490 Houston Rockets
1514005787198119936 Houston Rockets
1514005725907140611 Detroit Pistons
1513293603539329030 Miami Heat
1512815208812539904 Miami Heat
1512497787237142528 Houston Rockets
1512497142635524100 Detroit Pistons
1512442636409323521 Detroit Pistons
1512442400068624386 Houston Rockets
1511568864114470913 Denver Nuggets
1509180573167673346 Houston Rockets
1514299056738246660 Toronto Raptors
1513891096052518923 Minnesota Timberwolves
1514399843707359234 Washington Wizards
1511965977235230720 Detroit Pistons
1514643868733558785 Detroit Pistons
1514641698470699018 Orlando Magic
1514641181073883137 Toronto Raptors
1514639174594441228 Chicago Bulls
1514638981446746114 Atlanta Hawks
1514345717116067842 Philadelphia 76ers
1514332213143388160 Cleveland Cavaliers
1514331371464019976 Washington Wizards
1514331219349094402 Utah Jazz
1514331088457539584 Dallas Mavericks
1514330010743619590 Atlanta Hawks
1514284533994115078 Miami Heat
1202069101151043584 New Orleans Pelicans
1201644125872783360 Charlotte Hornets
1201637097091715072 Detroit Pistons
1196866670284853248 Detroit Pistons
1187044772646543360 Minnesota Timberwolves
1513342907251535874 Sacramento Kings
1512965400547377157 Houston Rockets
1512225004909305856 Washington Wizards
1510083772674617345 Detroit Pistons
1509722572430413826 Philadelphia 76ers
1509023323686060040 Detroit Pistons
1508335334202904577 Phoenix Suns
1508333651733278721 Utah Jazz
1504630558080794627 Detroit Pistons
1503743520141889538 Detroit Pistons
1499939843195162625 Boston Celtics
1498133227667886094 Portland Trail Blazers
1493785515677876224 Oklahoma City Thunder
1513547406511587328 Charlotte Hornets
1513546636085149701 Utah Jazz
1512268021745737731 Detroit Pistons
1512267515057082368 Detroit Pistons
1512265929555595305 Detroit Pistons
1512265888262672411 Detroit Pistons
1508064896075849732 Chicago Bulls
1506788193366155280 Philadelphia 76ers
1506660758817492992 Phoenix Suns
1513629768725549062 Oklahoma City Thunder
1513593740958609418 Detroit Pistons
1503544891602780160 Sacramento Kings
1478780026485198848 San Antonio Spurs
1434797866627657735 Detroit Pistons
1434788379174993921 Los Angeles Lakers
1428187932687577089 New York Knicks
1423358607677018112 Memphis Grizzlies
1417696360413925378 Atlanta Hawks
1414646769863045121 Oklahoma City Thunder
1512256450306920470 Miami Heat
1510755842261409798 Utah Jazz
1510714508146319363 Utah Jazz
1510070837772263427 Atlanta Hawks
1509704022806179841 Utah Jazz
1508558346072338436 Utah Jazz
1508540299815133187 Memphis Grizzlies
1508536530826108934 Utah Jazz
1503422362833891331 Chicago Bulls
1503421987988905993 Denver Nuggets
1502086241457688596 Minnesota Timberwolves
1499587954888560654 Memphis Grizzlies
1509004863182712836 Detroit Pistons
1508996436322566147 Atlanta Hawks
1372922785576681481 Memphis Grizzlies
1363234434930081798 Sacramento Kings
1361710936818671616 San Antonio Spurs
1361501206099681280 Toronto Raptors
1358465975599984645 Charlotte Hornets
1356652212588589059 Philadelphia 76ers
1356652129000316928 Milwaukee Bucks
1355730360810823693 Houston Rockets
1342930300175863809 Detroit Pistons
1342560003920711680 Minnesota Timberwolves
1514312078466723842 San Antonio Spurs
1514295610408644619 Orlando Magic
1514292683283574791 Toronto Raptors
1513997212363235333 Houston Rockets
1513745347469840386 Portland Trail Blazers
1513745243551813634 Denver Nuggets
1513572471403859972 Utah Jazz
1513231148792619024 Utah Jazz
1512912257956655106 Minnesota Timberwolves
1514650588373721089 Memphis Grizzlies
1514649598287302657 Denver Nuggets
1514649557535424512 Chicago Bulls
1514649530574471169 Atlanta Hawks
1514649440459816960 New York Knicks
1514649390891560962 Denver Nuggets
1482383988727500803 Houston Rockets
1467940736561647619 Minnesota Timberwolves
1466865604090941445 Charlotte Hornets
1448551586154749952 Oklahoma City Thunder
1437060269465759751 Golden State Warriors
1437036463338627080 Golden State Warriors
1433139279706816516 Sacramento Kings
1426892615962697729 Charlotte Hornets
1424335282476703745 Sacramento Kings
1424326477525389318 Toronto Raptors
1422904054229782528 Houston Rockets
1418914523617054726 Utah Jazz
1418541349230419974 Houston Rockets
1417696444224401409 Phoenix Suns
1514648737636917249 Sacramento Kings
1514648223645937675 Houston Rockets
1514641808269221894 Milwaukee Bucks
1514641133514723329 Dallas Mavericks
1514641070717612041 Utah Jazz
1514640563013832705 Houston Rockets
1514639785083777026 Orlando Magic
1514639245050269699 Cleveland Cavaliers
1514635535310012424 Minnesota Timberwolves
1514626688860270593 Chicago Bulls
1514626637106761734 Houston Rockets
1514626393665155075 Chicago Bulls
1514521104378994696 Minnesota Timberwolves
1514444719056732166 Houston Rockets
1514066484577853444 Orlando Magic
1513743446414180357 Milwaukee Bucks
1513737988869603329 Denver Nuggets
1512648586680586244 Charlotte Hornets
1508812912038748161 Brooklyn Nets
1508807252093906946 Miami Heat
1508806189345349648 Denver Nuggets
1507417713618075665 Chicago Bulls
1506871703477104644 Sacramento Kings
1506869158658641921 Washington Wizards
1484613121750847496 Golden State Warriors
1468219117912133640 Minnesota Timberwolves
1432195701346344963 Los Angeles Clippers
1429331946753204228 Houston Rockets
1381979115293655047 Oklahoma City Thunder
1514647817687646211 Chicago Bulls
1510800853950738434 Dallas Mavericks
1500315769225232387 Toronto Raptors
1514635177745686539 Minnesota Timberwolves
1514196520840699910 Portland Trail Blazers
1513277286052675585 Phoenix Suns
1512842082972581890 Cleveland Cavaliers
1511615886817472513 Philadelphia 76ers
1512749059521622019 Utah Jazz
1512570335488577541 Houston Rockets
1503487938449055750 Cleveland Cavaliers
1503372827524837379 Denver Nuggets
1503297599931092996 Detroit Pistons
1502577242941136899 Miami Heat
1502576568509640704 Philadelphia 76ers
1502576542823690244 Los Angeles Clippers
1500970561207509001 Portland Trail Blazers
1499907861383720963 Phoenix Suns
1495851392921124871 Washington Wizards
1511197334813609988 Milwaukee Bucks
1507537698621464582 Brooklyn Nets
1503516671297871872 Oklahoma City Thunder
1500502393745727488 Houston Rockets
1495837483086786560 Minnesota Timberwolves
1483493399831490567 Minnesota Timberwolves
1477336680021569536 Utah Jazz
1471854284287397896 Cleveland Cavaliers
1468667383606882304 Minnesota Timberwolves
1468212438457856002 Cleveland Cavaliers
1465381952760987656 Utah Jazz
1462601227779330059 Toronto Raptors
1514649879447945217 Minnesota Timberwolves
1514563585430769668 Houston Rockets
1514562327080845314 Charlotte Hornets
1514489400738074626 Utah Jazz
1514488327948636163 Milwaukee Bucks
1514367472857669635 Toronto Raptors
1513987547046760454 Utah Jazz
1513937638285316098 Chicago Bulls
1513937080807796736 Dallas Mavericks
1513901341537714185 Phoenix Suns
1513743379661824000 Denver Nuggets
1513679739747188736 Cleveland Cavaliers
1513679509760970752 Houston Rockets
1514649825899393028 Denver Nuggets
1514649377306034179 Houston Rockets
1514396047841415168 Houston Rockets
1512418434407178240 Houston Rockets
1512185484671344640 Denver Nuggets
1512174781235355648 Houston Rockets
1512056422992863239 New York Knicks
1512055469052993543 Cleveland Cavaliers
1512053252996612096 Houston Rockets
1512051728874672134 Minnesota Timberwolves
1512050683637338118 Detroit Pistons
1512050373086916613 Toronto Raptors
1512047914058752144 Chicago Bulls
1512039275096952836 Houston Rockets
1514647125774114834 Phoenix Suns
1513616573218508800 Utah Jazz
1513596803526012930 New Orleans Pelicans
1512183025987055618 Minnesota Timberwolves
1511623984084783106 Portland Trail Blazers
1511445110717775873 Denver Nuggets
1514621856669745153 Utah Jazz
1514619156682797059 Houston Rockets
1514558498192900099 Houston Rockets
1514556798862254081 Denver Nuggets
1514556191153795072 Houston Rockets
1513873859568717831 Denver Nuggets
1513602656027168774 Houston Rockets
1513601741467660295 Cleveland Cavaliers
1513600204427173893 Houston Rockets
1513558596826673160 Houston Rockets
1513528470722252806 Houston Rockets
1513526144682938372 Memphis Grizzlies
1514349986812674057 Sacramento Kings
1514142965769416707 Houston Rockets
1513814102992465922 Chicago Bulls
1513810654783844355 Houston Rockets
1479823812724207620 Dallas Mavericks
1479053921075318791 Los Angeles Clippers
1478891405942661123 Houston Rockets
1514648787985346564 Portland Trail Blazers
1514648046918901761 Denver Nuggets
1514634040166518790 Minnesota Timberwolves
1514632219893059587 Utah Jazz
1514628506524827651 Minnesota Timberwolves
1514624641922387977 Oklahoma City Thunder
1514624554609610752 Memphis Grizzlies
1514624123317760007 New Orleans Pelicans
1514648291673260045 Houston Rockets
1514646861356937227 Utah Jazz
1514638628072443910 Cleveland Cavaliers
1514613315917414409 Houston Rockets
1514437431327707136 Denver Nuggets
1514408650449858567 Minnesota Timberwolves
1514267996159680514 Phoenix Suns
1514240559279398927 Phoenix Suns
1514240306736254976 Houston Rockets
1514237063222157312 Phoenix Suns
1514108012084011009 Cleveland Cavaliers
1514103078433300480 Utah Jazz
1514097232437563397 Phoenix Suns
1514299671031783424 Houston Rockets
1514025626071560192 Houston Rockets
1513893240935755779 Utah Jazz
1513892730887458823 Houston Rockets
1513604300387221508 Houston Rockets
1513583845467172870 Houston Rockets
1513366524727369734 Philadelphia 76ers
1513365767508701188 Chicago Bulls
1513299615461818369 Charlotte Hornets
1513292019489284100 Houston Rockets
1513284503455866889 Houston Rockets
1513283557048950792 Minnesota Timberwolves
1513277668120317960 Detroit Pistons
1513275175927750661 Houston Rockets
1513257829330825223 Los Angeles Clippers
1514629075553427460 Houston Rockets
1514355215239192579 Houston Rockets
1514316868865208324 Houston Rockets
1514651243213656065 Cleveland Cavaliers
1514651176872349696 Minnesota Timberwolves
1514648185100468226 New York Knicks
1514647888802254849 Portland Trail Blazers
1514647528243101702 San Antonio Spurs
1514647181852278785 Washington Wizards
1514646901274329089 New Orleans Pelicans
1514626526762909697 Portland Trail Blazers
1514599394775027712 Washington Wizards
1514592435594268685 Indiana Pacers
1514585364429783041 Charlotte Hornets
1514475809213489153 Indiana Pacers
1514475797867896833 Indiana Pacers
1514475787860254721 Indiana Pacers
1514475623250595841 Indiana Pacers
1514475540845113344 Indiana Pacers
1514475527926689795 Indiana Pacers
1514475386926731264 Indiana Pacers
1514475370413703177 Indiana Pacers
1514475347693158402 Indiana Pacers
1514475321881419776 Indiana Pacers
1514475291585957889 Indiana Pacers
1514621963829882882 Chicago Bulls
1514613219402256391 Houston Rockets
1514580149387202561 Cleveland Cavaliers
1514578078315401219 New Orleans Pelicans
1514521400903540737 Houston Rockets
1514519493799677957 Denver Nuggets
1514518707485085698 New York Knicks
1514358808327294978 Chicago Bulls
1514617510460485653 Toronto Raptors
1514617163939606533 Houston Rockets
1514617129542201345 Utah Jazz
1514596212506255360 Detroit Pistons
1514443268142112775 Philadelphia 76ers
1514427387563458564 Houston Rockets
1514404523053363202 Memphis Grizzlies
1514374280896729091 Indiana Pacers
1514338434248327168 Utah Jazz
1514336643964096520 Houston Rockets
1514335890147008522 Utah Jazz
1514334847078395904 Dallas Mavericks
1514333496776527879 Sacramento Kings
1514333368934187020 Minnesota Timberwolves
1514332002148925447 Minnesota Timberwolves
1513451511313059847 Houston Rockets
1512955409757351939 Atlanta Hawks
1512489581005914115 Houston Rockets
1512421537990774787 Orlando Magic
1512122881714671616 Cleveland Cavaliers
1512094187944128519 Indiana Pacers
1512077582115610647 Atlanta Hawks
1512075091055587328 Houston Rockets
1511771134156587016 Los Angeles Clippers
1414034305836277772 San Antonio Spurs
1409279362550140932 Indiana Pacers
1409165742075940870 Indiana Pacers
1514596107543879683 New Orleans Pelicans
1514593959124901892 Chicago Bulls
1514585159076622345 Sacramento Kings
1514240247995027458 Orlando Magic
1513860196178800646 Portland Trail Blazers
1513676274115485705 Houston Rockets
1513171934640545794 Houston Rockets
1513171678020444176 Phoenix Suns
1513171270912946178 New Orleans Pelicans
1513170999910490119 Denver Nuggets
1513169718873579532 New York Knicks
1512561980078493701 New Orleans Pelicans
1514376435154173956 Phoenix Suns
1513897617352241159 Minnesota Timberwolves
1513335161211047939 Atlanta Hawks
1512497298852438029 Minnesota Timberwolves
1510772956120690692 Detroit Pistons
1510652641923244042 Portland Trail Blazers
1510475163137191936 Indiana Pacers
1510280256866947079 Utah Jazz
1508942679928979457 Memphis Grizzlies
1507060194060259341 Memphis Grizzlies
1506816654449205252 Memphis Grizzlies
1505401421612695554 Brooklyn Nets
1505258363508117516 San Antonio Spurs
1514427308211322889 New York Knicks
1514407777048932353 Utah Jazz
1514365685694148613 San Antonio Spurs
1514045807288324097 Indiana Pacers
1513988216076054536 Houston Rockets
1513974869482000396 Brooklyn Nets
1513958265075507201 Los Angeles Lakers
1513957772899110921 Cleveland Cavaliers
1514440251896483841 Orlando Magic
1514004571030437890 Denver Nuggets
1512779545144877061 Utah Jazz
1512777475067199490 Minnesota Timberwolves
1510637945849585668 New York Knicks
1510090221777469441 Dallas Mavericks
1510082627440713729 Utah Jazz
1509431620452896768 Minnesota Timberwolves
1508280199904964608 Toronto Raptors
1506430100300083210 Utah Jazz
1505203031368945669 New York Knicks
1507631848704589827 New Orleans Pelicans
1497949127225004039 Cleveland Cavaliers
1514137960836317184 Toronto Raptors
1513095900234596352 Utah Jazz
1509067155731468292 Los Angeles Clippers
1509067077121765376 Los Angeles Clippers
1507944781732753411 Los Angeles Clippers
1507662654071980032 Los Angeles Clippers
1504114446632845315 Los Angeles Clippers
1501788875743645701 Los Angeles Clippers
1501566335603539968 Los Angeles Clippers
1501554649165295616 Los Angeles Clippers
1498949661071007746 Los Angeles Clippers
1514442466073657346 Los Angeles Clippers
1514377288799989766 Boston Celtics
1514331003036352515 Los Angeles Clippers
1514259306362851328 Boston Celtics
1514230418257719301 Washington Wizards
1514055801777840132 Minnesota Timberwolves
1514029010573053962 Cleveland Cavaliers
1513967869859618830 Minnesota Timberwolves
1513378482549506050 Los Angeles Clippers
1510214110952099841 Sacramento Kings
1509978830554890243 Minnesota Timberwolves
1509044718373466117 Atlanta Hawks
1509029568539111428 Phoenix Suns
1507972012823629825 Washington Wizards
1506344579980677121 Utah Jazz
1505185134969974785 Oklahoma City Thunder
1504979280689729541 Oklahoma City Thunder
1511950118924300291 New Orleans Pelicans
1509030276475015168 Miami Heat
1508985376849145857 Houston Rockets
1507434989671297029 Phoenix Suns
1507434965323366400 Phoenix Suns
1507434910038265858 Los Angeles Lakers
1507434883832246272 Sacramento Kings
1507434824642232325 Los Angeles Clippers
1507434740311543809 Atlanta Hawks
1507434539739918336 Phoenix Suns
1505455834943598593 Orlando Magic
1509149228651720709 Minnesota Timberwolves
1507544481268219914 Utah Jazz
1506755905580412932 Sacramento Kings
1357432366676013060 San Antonio Spurs
1355603493764157441 San Antonio Spurs
1355579968319795206 San Antonio Spurs
1352417464810958849 Denver Nuggets
1513082742036209664 Brooklyn Nets
1512890882516824067 Atlanta Hawks
1512564848105861127 San Antonio Spurs
1501372195162890246 Detroit Pistons
1495126937458536448 Boston Celtics
1410846484329746435 Phoenix Suns
1337300773542105088 New Orleans Pelicans
1337192080460812289 Minnesota Timberwolves
1279724373440524288 Portland Trail Blazers
1264328941491220481 New Orleans Pelicans
1264327542007140353 Boston Celtics
1260535972220923904 Minnesota Timberwolves
1260535161575190528 Chicago Bulls
1253533557093314561 Minnesota Timberwolves
1253265353284542464 Minnesota Timberwolves
1251069854666223616 Chicago Bulls
1514533131113545730 Los Angeles Clippers
1514152188750155778 Los Angeles Clippers
1514099082482003969 Boston Celtics
1514099071107010560 Portland Trail Blazers
1514089425759657990 Los Angeles Clippers
1514061939906793472 Los Angeles Clippers
1514061925126082560 Philadelphia 76ers
1514051980963942401 Los Angeles Lakers
1513753500974415877 Sacramento Kings
1513294379913383942 Oklahoma City Thunder
1513294361458401284 New Orleans Pelicans
1513012960095993860 Los Angeles Clippers
1514533027581345792 Los Angeles Clippers
1514152017559654403 Los Angeles Clippers
1514099171598344192 Boston Celtics
1377175983036399616 Memphis Grizzlies
1513204510834974737 Orlando Magic
1513599675185700874 Los Angeles Lakers
1508208894061027332 Los Angeles Lakers
1507082020303818758 Los Angeles Lakers
1505986088753676290 Orlando Magic
1503867695388839944 Los Angeles Lakers
1502554726537248770 Los Angeles Lakers
1498087226613264385 Los Angeles Lakers
1494870302236594182 Los Angeles Lakers
1493742313398579200 Los Angeles Lakers
1490460134698594311 Los Angeles Lakers
1488281458171158531 Los Angeles Lakers
1487222057855299584 Los Angeles Lakers
1486143472713228295 Los Angeles Lakers
1485068225847209989 Los Angeles Lakers
1483970075782750208 Los Angeles Lakers
1511843983743348739 New Orleans Pelicans
1511843242911756291 Utah Jazz
1510061708114419712 Orlando Magic
1508247561919860739 Miami Heat
1508227573322432515 Indiana Pacers
1507629178379661316 Cleveland Cavaliers
1506151265247457280 Minnesota Timberwolves
1506150339652710400 Houston Rockets
1506084751928553475 Sacramento Kings
1514574200660537346 New York Knicks
1514279763191476225 Portland Trail Blazers
1514189163758772226 Memphis Grizzlies
1514181616440074240 Los Angeles Lakers
1514158964010803201 Denver Nuggets
1514045718494859273 San Antonio Spurs
1513992871401111559 New York Knicks
1513955122753191938 New York Knicks
1513902276234129413 Phoenix Suns
1513705979711533057 San Antonio Spurs
1513403992046514176 New York Knicks
1513358693471031298 Washington Wizards
1513336042673344517 Orlando Magic
1513215249012383744 Orlando Magic
1512935906319163398 Houston Rockets
754756584719409153 Utah Jazz
754708645930237952 Dallas Mavericks
754708221483507712 Minnesota Timberwolves
1514598661358960646 Houston Rockets
1514598623056592898 Chicago Bulls
1514464447741399043 Milwaukee Bucks
1514464405659914243 Milwaukee Bucks
1514464312420716545 Utah Jazz
1514453536100081670 Houston Rockets
1514453527107579904 Golden State Warriors
1514453518156853248 Portland Trail Blazers
1514438048440020992 Utah Jazz
1514437920253390848 Utah Jazz
1514437863772856322 Indiana Pacers
1514435134782464000 Milwaukee Bucks
1514632355411271683 Minnesota Timberwolves
1505904550091554817 Milwaukee Bucks
1489496952706592771 Portland Trail Blazers
1488518273725771778 Los Angeles Lakers
1486297906345017345 Los Angeles Lakers
1485935577564610560 Los Angeles Lakers
1485197261428584448 San Antonio Spurs
1485196851900911616 Los Angeles Lakers
1484933987365789696 San Antonio Spurs
1514002027713544192 Denver Nuggets
1512384060433260546 Orlando Magic
1512113226716225537 Minnesota Timberwolves
1512094781589139459 Houston Rockets
1511376658602811406 Utah Jazz
1510441520150818818 Houston Rockets
1510396572747587586 Utah Jazz
1509982465032654849 Philadelphia 76ers
1509868150917054472 Denver Nuggets
1509190393061117958 Memphis Grizzlies
1509166130690244620 Minnesota Timberwolves
1509156451650052101 Houston Rockets
1514244702274560007 New Orleans Pelicans
1514244669936439299 Phoenix Suns
1514244655919116290 Charlotte Hornets
1514242432287842306 Houston Rockets
1514242418182393870 Los Angeles Lakers
1514212835055779840 Orlando Magic
1514212603156905987 Los Angeles Lakers
1513864355871404034 New Orleans Pelicans
1510473069428678658 Denver Nuggets
1510472155506655234 New York Knicks
1510472081581948928 Minnesota Timberwolves
1510122233653563395 Boston Celtics
1510121885757059072 Minnesota Timberwolves
1514651953518817280 New York Knicks
1514651797226496004 Indiana Pacers
1514474172927385611 Memphis Grizzlies
1514474076827533314 Sacramento Kings
1514473890826883076 Memphis Grizzlies
1514473818533896194 Memphis Grizzlies
1514473765589168129 New York Knicks
1514473709217665025 Minnesota Timberwolves
1514473681728196608 Memphis Grizzlies
1514473544952029187 Atlanta Hawks
1514473474676465666 Memphis Grizzlies
1514473349329661956 Orlando Magic
1514473277367984129 Chicago Bulls
1514443031084163076 Minnesota Timberwolves
1514442574181941252 Chicago Bulls
1514651846773723138 Memphis Grizzlies
1514651743501565963 Phoenix Suns
1514399653290299393 Orlando Magic
1514063070620004356 New Orleans Pelicans
1513142036643430409 Cleveland Cavaliers
1512997110458814467 Los Angeles Clippers
1512892298413199370 Denver Nuggets
1512588603192451076 Oklahoma City Thunder
1511855072145199111 Cleveland Cavaliers
1514652070497955841 Miami Heat
1514612835237519387 Utah Jazz
1514349064485318660 Denver Nuggets
1514290633971843088 Atlanta Hawks
1514290184635961358 Minnesota Timberwolves
1514289151159513091 Phoenix Suns
1514286112042332160 Phoenix Suns
1514274365692694534 Cleveland Cavaliers
1514245724338368514 Minnesota Timberwolves
1514245139342008321 New York Knicks
1513989108707717121 Orlando Magic
1512454772468563970 Minnesota Timberwolves
1514099806599368707 Minnesota Timberwolves
1513570146664730632 Portland Trail Blazers
1510089636940750853 Los Angeles Clippers
1509364829835997186 Milwaukee Bucks
1509362287748042756 Charlotte Hornets
1509361724452913153 Phoenix Suns
1514648564902862850 Houston Rockets
1514610268537438211 Indiana Pacers
1513741113496064003 Charlotte Hornets
1513740548993077253 New Orleans Pelicans
1513740250430025732 Brooklyn Nets
1513649961426108423 San Antonio Spurs
1513649836226224134 Milwaukee Bucks
1513321836406317059 Cleveland Cavaliers
1513298755948363784 Sacramento Kings
1514610314607620104 Sacramento Kings
1512353818994003969 Memphis Grizzlies
1512000211211669505 Memphis Grizzlies
1511452340355801088 Utah Jazz
1511442444990259205 Memphis Grizzlies
1511335361158565892 Utah Jazz
1511295286924267521 Memphis Grizzlies
1510637192439382019 Memphis Grizzlies
1510636436109905923 New York Knicks
1510615620437651465 Utah Jazz
1508290474045497345 Indiana Pacers
1507482205408350215 Memphis Grizzlies
1506544537660973056 Memphis Grizzlies
1514626653334511624 Chicago Bulls
1514617141919592462 Houston Rockets
1514403672351989763 Denver Nuggets
1514375239379169288 New York Knicks
1514375222794854401 Memphis Grizzlies
1514375155266510855 Phoenix Suns
1514255564674584585 Memphis Grizzlies
1514254465037180930 Minnesota Timberwolves
1514254450789076995 Memphis Grizzlies
1514207199647739914 Memphis Grizzlies
1514043083578658820 Utah Jazz
1514039153066975250 Orlando Magic
1514038801529720840 Memphis Grizzlies
1513969224871460870 Memphis Grizzlies
1506815168298340352 Minnesota Timberwolves
1505397750904627204 Houston Rockets
1505374292481085440 Cleveland Cavaliers
1504102239274778634 Chicago Bulls
1403132311382773761 Denver Nuggets
1374145846611214345 Memphis Grizzlies
1353878007765757952 Cleveland Cavaliers
1348793349398999040 Minnesota Timberwolves
1348075523851890689 Memphis Grizzlies
1340726527374274566 San Antonio Spurs
1340715875175981058 Minnesota Timberwolves
1320152064954163210 Denver Nuggets
1514652504499310594 Minnesota Timberwolves
1514652437788954635 Portland Trail Blazers
1514652360466960386 Miami Heat
1514652248915288064 Dallas Mavericks
1514652184478208003 Miami Heat
1514652106820624388 Miami Heat
1514652076919373840 Miami Heat
1514652022787686404 Cleveland Cavaliers
1514651541118070788 Portland Trail Blazers
1514055863266430977 Miami Heat
1513332971599806467 Chicago Bulls
1512620714024706049 Detroit Pistons
1512265065445085227 Miami Heat
1511523208280825856 New Orleans Pelicans
1511523123367186443 Miami Heat
1511493101340221441 Miami Heat
1511492540448575501 Houston Rockets
1511453275018702857 Golden State Warriors
1510795156148080641 New Orleans Pelicans
1510795094244438021 Miami Heat
1510793733788344328 San Antonio Spurs
1512334359172460544 Miami Heat
1510807907289518085 Orlando Magic
1506673936263696388 Minnesota Timberwolves
1505346614260551681 Cleveland Cavaliers
1504865043124477952 Utah Jazz
1504580682785435653 Minnesota Timberwolves
1499595915123961857 San Antonio Spurs
1499582209535135773 Miami Heat
1497779389639106563 Miami Heat
1492328714352349194 Miami Heat
1492244447253479425 Miami Heat
1481464244784799744 Miami Heat
1478234507430055943 Toronto Raptors
1514314460068032513 Denver Nuggets
1510718463303688192 Miami Heat
1505577223734059013 Oklahoma City Thunder
1504862414399016960 Detroit Pistons
1504799516624568325 Minnesota Timberwolves
1502789290010583043 Golden State Warriors
1485633033659109377 Miami Heat
1456284206514966536 Denver Nuggets
1338125671118336000 Houston Rockets
1315008640768765953 Dallas Mavericks
1314125876607541248 Sacramento Kings
1312364880914251776 Dallas Mavericks
1311396294645239813 Dallas Mavericks
1310924786424479744 Orlando Magic
1306185129027608578 Chicago Bulls
1305587814617280516 Utah Jazz
1514350242119966728 Sacramento Kings
1514059673326043142 Utah Jazz
1512280563977175040 New York Knicks
1511890531097403392 New York Knicks
1509888854425280513 Portland Trail Blazers
1509687307808432130 Portland Trail Blazers
1508479587398914048 Chicago Bulls
1507578408066330627 Indiana Pacers
1506662681666899971 Oklahoma City Thunder
1506287859493490693 Minnesota Timberwolves
1506097574540947463 Cleveland Cavaliers
1492955252194168839 Oklahoma City Thunder
1483197123046879235 Indiana Pacers
1467439976866533377 Minnesota Timberwolves
1467211338728488964 Houston Rockets
1445486526444441603 Sacramento Kings
1379524193537130500 Toronto Raptors
1513339706876076034 Memphis Grizzlies
1511185802834984962 Houston Rockets
1509721602384085001 Milwaukee Bucks
1509563104925040642 Cleveland Cavaliers
1508998660796952578 Chicago Bulls
1506782193141653506 Chicago Bulls
1506385445323743235 Miami Heat
1506264770504278021 New Orleans Pelicans
1506009658339000325 Houston Rockets
1505671586027913219 Detroit Pistons
1505644241309032453 Dallas Mavericks
1514651988709019656 San Antonio Spurs
1507542434967916548 Cleveland Cavaliers
1503154161797541892 Orlando Magic
1499609983343861761 Miami Heat
1499567387737305102 Miami Heat
1494508135486308353 Miami Heat
1484024689521532936 Miami Heat
1483451115937144834 San Antonio Spurs
1514651457311625225 Utah Jazz
1514445765661405184 Miami Heat
1514419403596701698 Portland Trail Blazers
1514418939094355971 Atlanta Hawks
1514567134936018953 Utah Jazz
1514563485249814532 Toronto Raptors
1514563275752710147 Philadelphia 76ers
1514541500457173001 Utah Jazz
1514540971723218944 Dallas Mavericks
1514528025513189380 Denver Nuggets
1514481844879773698 Utah Jazz
1514432806176370697 Minnesota Timberwolves
1514270388116762630 Minnesota Timberwolves
1514270303840579584 Chicago Bulls
1514203118011047938 Milwaukee Bucks
1514165383531532288 New York Knicks
1514080731927965702 Houston Rockets
1514352725181571074 Houston Rockets
1514266012039974927 Houston Rockets
1514129307219734534 New York Knicks
1513989312165122051 Los Angeles Lakers
1513988461828714498 New York Knicks
1513984053954977796 Utah Jazz
1513982556198289418 Atlanta Hawks
1513976296992350209 Chicago Bulls
1513952919057584134 Brooklyn Nets
1513951817109065729 Utah Jazz
1513693334337998854 Denver Nuggets
1514600620640010255 Minnesota Timberwolves
1514558970463236101 Minnesota Timberwolves
1514207934095540225 Utah Jazz
1512530272692338688 New York Knicks
1510246151676731401 Utah Jazz
1507713693659938825 Utah Jazz
1505458297817739267 Utah Jazz
1503272409633275904 Denver Nuggets
1497922590245109764 Phoenix Suns
1497775020801765376 Utah Jazz
1496696331099856897 Cleveland Cavaliers
1493070189608554502 New Orleans Pelicans
1491147002373341184 Minnesota Timberwolves
1489771921696858116 Utah Jazz
1513328304916369409 Phoenix Suns
1511740195288195076 New Orleans Pelicans
1511309632634966018 Houston Rockets
1510872670480470019 New Orleans Pelicans
1514625618964586500 Denver Nuggets
1514409916961808389 Toronto Raptors
1514409463972872198 Cleveland Cavaliers
1514406622617128961 Milwaukee Bucks
1514402945407799305 Houston Rockets
1514401452508258314 Sacramento Kings
1514388190806822914 Memphis Grizzlies
1514351553028800521 Utah Jazz
1438230275687862275 Utah Jazz
1159505795794526208 Portland Trail Blazers
1135651017675161600 Orlando Magic
1135644736931401733 New York Knicks
1121441257342021632 Minnesota Timberwolves
1074409018033090567 Toronto Raptors
1074408542667456518 Utah Jazz
1074401471293206538 Detroit Pistons
1066585275026030593 Sacramento Kings
1066584536727908352 Dallas Mavericks
1066584302832533505 Minnesota Timberwolves
1514641564311691266 Toronto Raptors
1514057699792605186 San Antonio Spurs
1513351088987987969 Houston Rockets
1511736006659252230 Orlando Magic
1511190849144573954 Portland Trail Blazers
1511190556017266692 Chicago Bulls
1511190323573100545 Golden State Warriors
1509650103925059584 New York Knicks
1507086212573671426 Minnesota Timberwolves
1510335450245910530 New Orleans Pelicans
1503098517807636482 Chicago Bulls
1514646974502420480 Atlanta Hawks
1514646926020554760 Chicago Bulls
1510629218744479744 Washington Wizards
1510344580595597331 New Orleans Pelicans
1501681232329031680 Minnesota Timberwolves
1485089502301458442 San Antonio Spurs
1484657753037627395 San Antonio Spurs
1484379582681677827 San Antonio Spurs
1484379502482395136 San Antonio Spurs
1484294673036460033 Phoenix Suns
1484294648701104131 Chicago Bulls
1514644549867655168 New Orleans Pelicans
1512851931340886019 Minnesota Timberwolves
1512851800050839562 Houston Rockets
1510381749112614912 Memphis Grizzlies
1509568389198532609 Orlando Magic
1507196966312292352 Houston Rockets
1506810400607715333 Milwaukee Bucks
1514653180977885184 New Orleans Pelicans
1514635992611057665 Utah Jazz
1514634594796343296 Minnesota Timberwolves
1514634469453733888 Portland Trail Blazers
1514632364923977734 Portland Trail Blazers
1514631974228754439 Minnesota Timberwolves
1514629726471847936 Minnesota Timberwolves
1514614231718854658 Minnesota Timberwolves
1514614006417625090 Philadelphia 76ers
1514509366460035073 Memphis Grizzlies
1514508975987130379 New York Knicks
1495230472418480131 Chicago Bulls
1487513138975158273 Utah Jazz
1476075534446518273 Sacramento Kings
1475951263984631810 San Antonio Spurs
1463707795614625793 Minnesota Timberwolves
1460838243541434369 Minnesota Timberwolves
1424115319765966853 Minnesota Timberwolves
1423625772854661122 Washington Wizards
1419051889187069955 Portland Trail Blazers
1381031701997105162 Miami Heat
1370019139864190984 Chicago Bulls
1339235046109155331 Minnesota Timberwolves
1337920823290720263 Houston Rockets
1315495750671966208 Cleveland Cavaliers
1514539558783832066 Boston Celtics
1514510414591180802 Orlando Magic
1513194170139226116 Houston Rockets
1344460818126168071 Phoenix Suns
1340365149920739328 Dallas Mavericks
1331417890424229889 Memphis Grizzlies
1235957772174397440 Denver Nuggets
1235957635888877570 Dallas Mavericks
1235005869504557061 Portland Trail Blazers
1189207989124763653 New Orleans Pelicans
1188182428000620549 Detroit Pistons
1514435229024460804 Minnesota Timberwolves
1514434938619445248 Milwaukee Bucks
1514349677222764564 Minnesota Timberwolves
1514334011220451333 Toronto Raptors
1514131604335210496 Minnesota Timberwolves
1514131492510867456 Minnesota Timberwolves
1514124926864838658 Minnesota Timberwolves
1514120712319033353 Minnesota Timberwolves
1514117677094256643 Minnesota Timberwolves
1514109274087116801 Minnesota Timberwolves
1514652330959855616 Washington Wizards
1514408791970054145 New York Knicks
1514125553737281542 Minnesota Timberwolves
1514124747503992837 Minnesota Timberwolves
1514374906871439360 Utah Jazz
1514374672229486600 Denver Nuggets
1514212886322761743 Minnesota Timberwolves
1514103513294516230 Minnesota Timberwolves
1514088087298756616 Houston Rockets
1514087648205455365 Denver Nuggets
1514086792986861569 Oklahoma City Thunder
1514084263729278979 Houston Rockets
1514084024758816768 Houston Rockets
1514027912219013124 Dallas Mavericks
1513980242725060629 Houston Rockets
1513897819433848837 Minnesota Timberwolves
1513590812835258371 Minnesota Timberwolves
1512821388456964099 Minnesota Timberwolves
1512455407301713929 Sacramento Kings
1514331791871873024 Chicago Bulls
1514100411372023809 Minnesota Timberwolves
1514055791447523330 Minnesota Timberwolves
1514054535639343105 Minnesota Timberwolves
1514054025033191425 Minnesota Timberwolves
1513540727720280068 Phoenix Suns
1514638163934859276 Dallas Mavericks
1507184308032872452 San Antonio Spurs
1505594197365116928 Minnesota Timberwolves
1504958177120563203 Utah Jazz
1504499859214241796 San Antonio Spurs
1501069818010779648 Denver Nuggets
1500992607794741250 Minnesota Timberwolves
1491486673368227844 Minnesota Timberwolves
1488006106773430272 Houston Rockets
1482948328639893506 Boston Celtics
1460640211071819778 Los Angeles Clippers
1460639856049201163 Los Angeles Clippers
1440456699467292680 Utah Jazz
1438927222866391049 Minnesota Timberwolves
1514312793075621888 Minnesota Timberwolves
1489506368524812288 Chicago Bulls
1514359927749459968 Houston Rockets
1514356015436808197 Utah Jazz
1514352084128350212 New Orleans Pelicans
1514637650266894336 Houston Rockets
1514626375856144388 New Orleans Pelicans
1514475300700184580 New Orleans Pelicans
1514471937023614978 Sacramento Kings
1514465359348346880 New Orleans Pelicans
1514455140048244740 New Orleans Pelicans
1514441676575719426 New Orleans Pelicans
1514441557163790340 Portland Trail Blazers
1514440229964468226 Houston Rockets
1514426141997678598 New Orleans Pelicans
1514415628127551491 New Orleans Pelicans
1514405460052430855 New Orleans Pelicans
1514653688958099466 Minnesota Timberwolves
1514653609379569669 Portland Trail Blazers
1514652794254336020 Houston Rockets
1514496281393065988 New Orleans Pelicans
1514479103813902337 Denver Nuggets
1514479074126692353 Oklahoma City Thunder
1514477594598465536 New Orleans Pelicans
1514475215652225026 Sacramento Kings
1514466676166651905 New Orleans Pelicans
1514466637067415560 Houston Rockets
1514460488137994244 Toronto Raptors
1514457759835586560 New Orleans Pelicans
1514456802376572929 New Orleans Pelicans
1514644782445993990 Houston Rockets
1514643609664245760 Philadelphia 76ers
1514628756773683211 New Orleans Pelicans
1514621977708965894 Utah Jazz
1514621734334443520 New Orleans Pelicans
1514621434483679232 New Orleans Pelicans
1514582638975242247 Houston Rockets
1514475822417072131 New Orleans Pelicans
1514464310038347779 New Orleans Pelicans
1514464225695043587 New Orleans Pelicans
1514457142304116736 New Orleans Pelicans
1514622901290508290 New Orleans Pelicans
1514619355849494529 Denver Nuggets
1514615714086219780 Denver Nuggets
1514595402045177860 Houston Rockets
1514581639673921541 Houston Rockets
1514454252441198603 New Orleans Pelicans
1514441672825974805 Denver Nuggets
1514434598784188428 New Orleans Pelicans
1514620621145231361 New Orleans Pelicans
1514620082873413637 Minnesota Timberwolves
1514453702945431555 New Orleans Pelicans
1514450903474053120 Houston Rockets
1514449024522280963 Orlando Magic
1514442409500884992 Phoenix Suns
1514440966849052680 New Orleans Pelicans
1514440669850480640 Minnesota Timberwolves
1514439588873486339 Houston Rockets
1514439322514116620 Sacramento Kings
1514438293097697286 Denver Nuggets
1514438109030715403 Denver Nuggets
1514653515783749633 Washington Wizards
1514651647993077768 Houston Rockets
1514217923547746305 Miami Heat
1513704631402172421 Charlotte Hornets
1513314606004977669 Minnesota Timberwolves
1513314201938415616 Los Angeles Clippers
1513236412598046721 Denver Nuggets
1513235954848485390 Oklahoma City Thunder
1512944566755897348 New Orleans Pelicans
1514653697522950152 Cleveland Cavaliers
1514512775669854212 New Orleans Pelicans
1514428248461041664 Utah Jazz
1513980280750620675 Denver Nuggets
1513575276550176777 Milwaukee Bucks
1512832603841343492 Sacramento Kings
1512807983817932802 Phoenix Suns
1512770495636295690 Houston Rockets
1512732374123130883 Utah Jazz
1512686160342040576 Utah Jazz
1512334850690277376 Miami Heat
1514591168507621387 Houston Rockets
1514590735412215812 Oklahoma City Thunder
1514589637666299907 Memphis Grizzlies
1514462144997306368 Utah Jazz
1514458933536387076 Minnesota Timberwolves
1514456068369301506 New Orleans Pelicans
1514356676014526469 New Orleans Pelicans
1514353668149108739 New Orleans Pelicans
1512586649087139842 Orlando Magic
1512586228725600257 Chicago Bulls
1512572603961167880 Portland Trail Blazers
1512571752194453508 New Orleans Pelicans
1514653487577329665 Chicago Bulls
1514597269152342017 Washington Wizards
1514124878537969665 Portland Trail Blazers
1514124676041265157 Utah Jazz
1512800737314713606 Miami Heat
1512800356660568065 New York Knicks
1512793886418219022 New York Knicks
1514583579216515072 Minnesota Timberwolves
1514456756184915968 Atlanta Hawks
1514418401481039872 Minnesota Timberwolves
1514404620327608331 Orlando Magic
1514394992487370764 New York Knicks
1514394796584054789 Houston Rockets
1514336089837875211 Washington Wizards
1514335801840185351 Houston Rockets
1514334578676314117 Orlando Magic
1514069111369834503 Minnesota Timberwolves
1513954950556131338 Phoenix Suns
1513887310366052363 New York Knicks
1513880857236451343 New York Knicks
1513880831483338762 New York Knicks
1513880802634965001 New York Knicks
1514632650178367493 Memphis Grizzlies
1514632243540598795 Minnesota Timberwolves
1514597652666671104 Portland Trail Blazers
1514597134091399169 Utah Jazz
1514592933525303298 Utah Jazz
1514577499472154624 Memphis Grizzlies
1514567963185192970 Denver Nuggets
1514402104588353546 Denver Nuggets
1514400890739990533 Golden State Warriors
1514378437632352257 Utah Jazz
1514367286320189445 Portland Trail Blazers
1513883782495244294 Los Angeles Lakers
1510954548474511362 Los Angeles Lakers
1514510112458620931 Utah Jazz
1514508362058141697 Portland Trail Blazers
1513344036207271942 New York Knicks
1513343910374002688 New York Knicks
1513343842904330241 New York Knicks
1512831431759867907 Memphis Grizzlies
1512393776618221574 Cleveland Cavaliers
1512040773948256257 Golden State Warriors
1511689258284761094 Cleveland Cavaliers
1511345404088045580 Orlando Magic
1510776271076265984 Detroit Pistons
1510776246858362882 Houston Rockets
1514475626530439170 New Orleans Pelicans
1514455843281928192 New Orleans Pelicans
1514451741814648833 Cleveland Cavaliers
1514448060432101381 New York Knicks
1514445533821038595 Phoenix Suns
1514438987045228547 Minnesota Timberwolves
1514437612999565317 Portland Trail Blazers
1514377345137750016 Phoenix Suns
1514376955092684800 Houston Rockets
1514364932543852545 Cleveland Cavaliers
1514364573771395073 Washington Wizards
1514364326462689280 Minnesota Timberwolves
1207043763274731520 Utah Jazz
1178115064156622848 Minnesota Timberwolves
1160222644559589377 Memphis Grizzlies
1094787235940061186 Utah Jazz
1093341201623932928 New York Knicks
1091522701687222277 Chicago Bulls
1083542875571453952 New York Knicks
1075196728226299904 New York Knicks
1073386526401282049 Sacramento Kings
1073343644990652422 Orlando Magic
1070459026134179840 New York Knicks
1067213098581413888 New York Knicks
1067202353865113600 Sacramento Kings
1067202253986193411 Minnesota Timberwolves
1067193100282617856 New York Knicks
1514643332970037248 Utah Jazz
1514116594485628936 Denver Nuggets
1514115943659622402 Utah Jazz
1512955046975217672 Portland Trail Blazers
1512899878724194311 Chicago Bulls
1512899695282167822 Memphis Grizzlies
1512899257375891463 New York Knicks
1512899202157887493 Houston Rockets
1514477491758706696 New York Knicks
1513418817506263044 Los Angeles Clippers
1513370744595824640 Boston Celtics
1513369354242785282 New York Knicks
1513367739540586502 New York Knicks
1511952481240387588 Toronto Raptors
1511347657914081285 Orlando Magic
1514611542750203905 Denver Nuggets
1514611086430900235 San Antonio Spurs
1514611036728410117 Houston Rockets
1499510598668886016 Sacramento Kings
1499510407358291971 Houston Rockets
1496602736296665093 Utah Jazz
1495732136107823109 Phoenix Suns
1494793437970944006 Utah Jazz
1494790325155643395 Minnesota Timberwolves
1483512299491053568 Oklahoma City Thunder
1514624286841090050 Utah Jazz
1514505926748819459 Utah Jazz
1514493961003581448 Miami Heat
1514394717768847365 Oklahoma City Thunder
1514358582753611786 Utah Jazz
1514357714838765568 Utah Jazz
1514355100877262854 Denver Nuggets
1514352852843601921 Houston Rockets
1514352116667723782 Chicago Bulls
1514256557562814476 Utah Jazz
1514255511398535179 Houston Rockets
1514250757234733065 Denver Nuggets
1514280065231691779 Cleveland Cavaliers
1511090799773200393 New Orleans Pelicans
1510953165985923074 Chicago Bulls
1510109248851791872 Chicago Bulls
1509899887856525318 Houston Rockets
1514571491635040256 Toronto Raptors
1514447399007268870 Houston Rockets
1514433214294609922 Denver Nuggets
1514390936775757825 Utah Jazz
1514351556866543621 Orlando Magic
1514342294610186244 Utah Jazz
1514326530176032780 Houston Rockets
1514326001861500928 Denver Nuggets
1514325850832912385 New York Knicks
1514325741483220992 Oklahoma City Thunder
1514325322862313483 Oklahoma City Thunder
1514325232810659847 New Orleans Pelicans
1514325041940471814 Oklahoma City Thunder
1514606872594042884 Portland Trail Blazers
1514289396199002114 New Orleans Pelicans
1514030448422232070 Orlando Magic
1513932385242341378 Minnesota Timberwolves
1513738166284419082 Toronto Raptors
1513645729520050176 Memphis Grizzlies
1513006736382173186 Portland Trail Blazers
1513001784423292931 Washington Wizards
1512854576436695040 Orlando Magic
1512813753628200960 Golden State Warriors
1512556636316962819 Utah Jazz
1512236304053923844 Charlotte Hornets
1514242015927619585 Orlando Magic
1511959201643319304 Philadelphia 76ers
1504578923123904518 Utah Jazz
1500118944610455553 Dallas Mavericks
1499182490719825922 New Orleans Pelicans
1488019361680039937 Oklahoma City Thunder
1487516073410838532 Utah Jazz
1485609808699006985 Denver Nuggets
1482469267488616456 Memphis Grizzlies
1481858742455050242 Phoenix Suns
1480515359841136640 Utah Jazz
1514101036109250561 Minnesota Timberwolves
1514100153422131203 Minnesota Timberwolves
1514099969292226560 Toronto Raptors
1514052713067208708 Los Angeles Clippers
1512959782864535555 Los Angeles Lakers
1510826422344077316 Phoenix Suns
1510057547222372357 Utah Jazz
1510041023224983553 Orlando Magic
1509734763053080577 Oklahoma City Thunder
1509347263658745859 Orlando Magic
1508830874070142983 Denver Nuggets
1508638368317464583 Philadelphia 76ers
1508449666828058626 Utah Jazz
1508223003158622215 Orlando Magic
1508199194129010697 Houston Rockets
1514340690720960527 Sacramento Kings
1514333832727736496 Minnesota Timberwolves
1514005993931354112 Utah Jazz
1514005782194495492 Houston Rockets
1513640928661192710 Houston Rockets
1513337376365584388 Brooklyn Nets
1513330469458358273 Oklahoma City Thunder
1513220494329274372 Phoenix Suns
1512063445365051392 Sacramento Kings
1509885187538268164 Boston Celtics
1509880956202672129 Washington Wizards
1509215476643213316 Cleveland Cavaliers
1508773319046316039 Oklahoma City Thunder
1508771913514033156 Minnesota Timberwolves
1506716479789666316 Memphis Grizzlies
1504473562152767503 Cleveland Cavaliers
1502719534221848578 Utah Jazz
1491326864631418882 Memphis Grizzlies
1486864197136752642 Los Angeles Clippers
1486423356576464899 Chicago Bulls
1483620359354023936 Sacramento Kings
1480955664138747904 Houston Rockets
1465787961148985351 Utah Jazz
1407140073582194689 Houston Rockets
1402690772017635328 New York Knicks
1402690289630732289 Minnesota Timberwolves
1503149066858991621 Miami Heat
1503123035884294155 Chicago Bulls
1488532317891186688 Minnesota Timberwolves
1482177693802274817 Charlotte Hornets
1464754976006230017 Atlanta Hawks
1459238400280649730 Denver Nuggets
1439654720755404805 San Antonio Spurs
1425997718317674503 Chicago Bulls
1420954354912215045 Atlanta Hawks
1420949408603119620 Philadelphia 76ers
1375133571132850181 Charlotte Hornets
1044772462179897351 Minnesota Timberwolves
1035182064402944001 Sacramento Kings
956098796668235776 New York Knicks
923135961910956033 Houston Rockets
923135716548366337 Utah Jazz
923134201247010816 Portland Trail Blazers
898979457935044608 Denver Nuggets
1514628023735267328 Houston Rockets
1514627788795428872 New York Knicks
1514627706553569281 Utah Jazz
1514627588383293448 Denver Nuggets
1514627463732772866 Sacramento Kings
1514627404651765764 Los Angeles Clippers
1514626805583556608 Portland Trail Blazers
1514626428591120394 Houston Rockets
1514626062810071042 Denver Nuggets
1514625992953839618 Atlanta Hawks
1514625936246951944 New Orleans Pelicans
1514625815069265926 Orlando Magic
1514625705488830474 Orlando Magic
1514625515142979589 Sacramento Kings
1514638717679554560 Utah Jazz
1514638177713405953 Phoenix Suns
1514636454118539264 Houston Rockets
1514620281255391232 Boston Celtics
1514610134370045961 Houston Rockets
1514607176215457808 Brooklyn Nets
1514276386378338304 Orlando Magic
1514255430947647493 Boston Celtics
1514254159461163010 New Orleans Pelicans
1514250570751782924 Houston Rockets
1514235323122794497 Charlotte Hornets
1514234833278484489 Portland Trail Blazers
1514232375336656905 Minnesota Timberwolves
1514228310393380869 Chicago Bulls
1514642690184556552 Phoenix Suns
1514590367684993032 Memphis Grizzlies
1514586310706618370 New Orleans Pelicans
1514563749801304077 Phoenix Suns
1514355308189130754 Memphis Grizzlies
1514339072080334855 Minnesota Timberwolves
1514335121251389449 Toronto Raptors
1514335058135601174 Oklahoma City Thunder
1514316348939198477 Phoenix Suns
1514316322259230721 Orlando Magic
1514265761107296260 Washington Wizards
1497032781368541186 Utah Jazz
1410085834645200904 Denver Nuggets
1391529577034493954 Indiana Pacers
1389376224233938949 Orlando Magic
1378612156141289473 New York Knicks
1378197847905026051 Utah Jazz
1378033528642924549 Orlando Magic
1378031788665286656 Minnesota Timberwolves
1326670637134458882 Orlando Magic
1326668694961991680 Orlando Magic
1223536816072142848 Portland Trail Blazers
1222723973156429825 Washington Wizards
1222311280444354563 Orlando Magic
1514353903751639044 New York Knicks
1514100244019040261 Los Angeles Clippers
1514098635205754880 Sacramento Kings
1512838930655293444 San Antonio Spurs
1511750047389700101 Minnesota Timberwolves
1511531675880148995 Houston Rockets
1509684318465110018 Toronto Raptors
1508303113018617856 Houston Rockets
1505904683759677440 Houston Rockets
1514654673399164928 Atlanta Hawks
1514654300391231491 Minnesota Timberwolves
1514646396414087170 Portland Trail Blazers
1514369557418414084 Detroit Pistons
1514369354556657666 Milwaukee Bucks
1514320288309301249 Phoenix Suns
1514245521451499524 Washington Wizards
1514039191256154114 Phoenix Suns
1514039054182064128 Sacramento Kings
1514012123545935873 Brooklyn Nets
1514011620258766850 Houston Rockets
1514007469508411398 Orlando Magic
1514007295599988742 Los Angeles Lakers
1513939103473192970 New Orleans Pelicans
1514654862247702530 Philadelphia 76ers
1514621912021966858 New York Knicks
1514621727866773511 Atlanta Hawks
1514598440172404742 Houston Rockets
1514597836440154112 Memphis Grizzlies
1514597582982496260 Minnesota Timberwolves
1514597524061011970 Miami Heat
1514595897203740672 Washington Wizards
1514595775141007365 Memphis Grizzlies
1513912943666253833 Utah Jazz
1513912284963295238 Houston Rockets
1513891284670369796 Phoenix Suns
1513874102548938767 Denver Nuggets
1513873889885102093 Denver Nuggets
1513873719705456650 Orlando Magic
1510373652495228932 Oklahoma City Thunder
1503884551579439111 Chicago Bulls
1498097223040749570 Detroit Pistons
1482829831163326465 Phoenix Suns
1512656134460608514 Philadelphia 76ers
1510839670749515781 Minnesota Timberwolves
1510131975675420673 Philadelphia 76ers
1509314019676626959 Denver Nuggets
1507566568808583169 Oklahoma City Thunder
1507565125514977280 Sacramento Kings
1505413488516206601 Philadelphia 76ers
1505255739887128576 Denver Nuggets
1505004432366395393 New York Knicks
1504656475385475072 Chicago Bulls
1504648339756920856 Philadelphia 76ers
1503958041170960385 Philadelphia 76ers
1503524785363558410 Philadelphia 76ers
1503522478689341456 Detroit Pistons
1502904176908685313 New York Knicks
1514514448475697154 Houston Rockets
1514413543680061448 Philadelphia 76ers
1514407635134685191 New York Knicks
1514379657721921539 Memphis Grizzlies
1514244791302819842 Utah Jazz
1514105453617242112 Minnesota Timberwolves
1514101646913150978 Minnesota Timberwolves
1514100021536428036 Milwaukee Bucks
1514093311379845126 Cleveland Cavaliers
1514092123016019969 Phoenix Suns
1514088928537624578 Utah Jazz
1514070557087735816 Minnesota Timberwolves
1514607581334974469 Minnesota Timberwolves
1514603658264002562 Milwaukee Bucks
1514601947852013585 Minnesota Timberwolves
1514597134905102336 Houston Rockets
1514453811070439430 New Orleans Pelicans
1514390401234386948 Atlanta Hawks
1514377754959044609 San Antonio Spurs
1514377453833228289 Orlando Magic
1514352685780287493 Houston Rockets
1514654280065593344 Philadelphia 76ers
1514654259286974475 Philadelphia 76ers
1514654246192357378 Philadelphia 76ers
1514654183265214483 Minnesota Timberwolves
1514654171219173393 Atlanta Hawks
1514654132606410752 New Orleans Pelicans
1514654066978136077 Denver Nuggets
1514654056429461507 Orlando Magic
1514654038725304325 New York Knicks
1514654003077869568 Philadelphia 76ers
1514653986799820801 Philadelphia 76ers
1511669330261553156 Boston Celtics
1510798888269238274 Minnesota Timberwolves
1504640761282936836 Houston Rockets
1502428879532736514 Portland Trail Blazers
1501602670557212681 Oklahoma City Thunder
1496695950043234309 Portland Trail Blazers
1494707009198952456 Cleveland Cavaliers
1493060712930942976 Toronto Raptors
1493029882720362498 Philadelphia 76ers
1492674403229908996 New Orleans Pelicans
1514009159565467649 Orlando Magic
1513850187114033158 Phoenix Suns
1512901255471026185 Atlanta Hawks
1512262901482016770 Houston Rockets
1511791698086662147 Phoenix Suns
1511788937265795075 Denver Nuggets
1511179632485277705 Milwaukee Bucks
1511120047435091973 Phoenix Suns
1509652205376315396 Oklahoma City Thunder
1507932643199012866 Houston Rockets
1507309427107549188 Sacramento Kings
1507193920039620612 Phoenix Suns
1494302132677320708 Oklahoma City Thunder
1487269178079944711 Orlando Magic
1487267674853810200 Phoenix Suns
1486379454729531393 Washington Wizards
1486307294556176388 Philadelphia 76ers
1481101819514437636 Denver Nuggets
1480380037710979075 Denver Nuggets
1477011100117999624 Charlotte Hornets
1472989867755941895 Minnesota Timberwolves
1470886743129968641 Houston Rockets
1461299818526031875 Utah Jazz
1460674703274749961 New Orleans Pelicans
1460674685205717003 Oklahoma City Thunder
1514654529966383117 Atlanta Hawks
1514407335036219392 Chicago Bulls
1514390410952540166 Memphis Grizzlies
1514357599080120320 Dallas Mavericks
1514345071277010944 Portland Trail Blazers
1514338734245920768 Miami Heat
1513671422198964226 Utah Jazz
1513671320319406082 Sacramento Kings
1513220757706326016 Dallas Mavericks
1513185596444844032 Phoenix Suns
1512917279205257218 Houston Rockets
1512572457776943104 Chicago Bulls
1512251466341240834 Sacramento Kings
1512153496111370268 Houston Rockets
1512033468695265282 Milwaukee Bucks
1511803448030740483 Phoenix Suns
1511803177003204608 Phoenix Suns
1511747367782924288 Phoenix Suns
1511726053231714306 Minnesota Timberwolves
1511724934086627337 Chicago Bulls
1510485060830392320 Dallas Mavericks
1510468613819445256 New York Knicks
1510035535925952514 Phoenix Suns
1514578810833936388 Phoenix Suns
1514436839733669890 Houston Rockets
1514327352913940483 Los Angeles Clippers
1514038204000833549 New Orleans Pelicans
1514023585244930055 Portland Trail Blazers
1514021485781868547 Philadelphia 76ers
1513605320538562571 Phoenix Suns
1513381482257166341 Memphis Grizzlies
1512900428006051841 Phoenix Suns
1512325733040930816 Atlanta Hawks
1512200866945773572 Minnesota Timberwolves
1511804356638785539 Houston Rockets
1511757288431927306 Denver Nuggets
1514648035657064474 Houston Rockets
1514642615945236482 Dallas Mavericks
1514640537017458699 Phoenix Suns
1514448635429228544 Phoenix Suns
1514423145200979970 Orlando Magic
1514414854437703680 New York Knicks
1514357678805446658 Phoenix Suns
1514356287412178946 Phoenix Suns
1514333758547116032 New Orleans Pelicans
1514312337028644869 Phoenix Suns
1514267733818441728 Minnesota Timberwolves
1514238962667204609 Houston Rockets
1514215840027095040 San Antonio Spurs
1514215706543329285 Denver Nuggets
1514215557788172290 New York Knicks
1514653390210408449 Phoenix Suns
1514652339180740611 Phoenix Suns
1514652223686385668 New York Knicks
1514645372898975762 Phoenix Suns
1513521959274889216 Phoenix Suns
1512414114588463110 Phoenix Suns
1511590521587712003 Chicago Bulls
1509400700932935681 Memphis Grizzlies
1508760872524476417 Phoenix Suns
1508535696880926721 Houston Rockets
1507464451519234052 San Antonio Spurs
1507217434855428097 Chicago Bulls
1506432736159961088 New York Knicks
1506405189896445954 Phoenix Suns
1514647492016627714 Houston Rockets
1514428230396227588 Denver Nuggets
1514427348766101506 Utah Jazz
1514415164275269632 Utah Jazz
1514414691656871945 Houston Rockets
1514645076852416513 Cleveland Cavaliers
1514644809234849793 New Orleans Pelicans
1514644290852450308 Los Angeles Lakers
1514643914556203008 Oklahoma City Thunder
1514643792984371200 Portland Trail Blazers
1514350690100867075 Miami Heat
1514350521070469121 Los Angeles Clippers
1514309790855417856 Utah Jazz
1514309775328100352 Utah Jazz
1514309753937096710 New York Knicks
1514309716482015232 Minnesota Timberwolves
1514309640523161606 Memphis Grizzlies
1514307941976838145 Houston Rockets
1514307875836874756 Houston Rockets
1514603309516034053 Houston Rockets
1514349942587883520 Denver Nuggets
1514309037667479553 Toronto Raptors
1514299522930802689 Orlando Magic
1514250267373432832 Denver Nuggets
1513941209802149888 Washington Wizards
1513937681335521281 Cleveland Cavaliers
1513937484194856964 New York Knicks
1513935104329990150 Los Angeles Clippers
1513934235551223812 Portland Trail Blazers
1513920812637515778 Utah Jazz
1513918205785374722 Washington Wizards
1513710579139026946 Denver Nuggets
1513641490328653824 Houston Rockets
1514628043108761602 Portland Trail Blazers
1514627908521930753 Houston Rockets
1514627451548319749 Denver Nuggets
1514627399496962053 New York Knicks
1514627391821340679 Houston Rockets
1514627311668281347 Houston Rockets
1514547920099581952 Portland Trail Blazers
1514547869902061569 Portland Trail Blazers
1514547830966439939 New Orleans Pelicans
1514547809852219395 Houston Rockets
1514547583607357442 Indiana Pacers
1513018594015080448 Houston Rockets
1512885787422978050 Denver Nuggets
1511863474581741568 Orlando Magic
1508947662371840001 Utah Jazz
1508449383620120576 Houston Rockets
1506816588766334976 Sacramento Kings
1488270539114221574 Denver Nuggets
1487933379962044417 Portland Trail Blazers
1487140321657978880 Houston Rockets
1487131750136713216 Houston Rockets
1485735278211842049 Portland Trail Blazers
1485734909792514051 Denver Nuggets
1478589463018147841 San Antonio Spurs
1465535814385868808 Denver Nuggets
1492378133353295872 Denver Nuggets
1491665148502708226 Golden State Warriors
1489914760543961088 Memphis Grizzlies
1484872134895669250 Toronto Raptors
1484120450443534338 Toronto Raptors
1509895239103885330 Charlotte Hornets
1482575353512140802 Atlanta Hawks
1482480246867832834 Oklahoma City Thunder
1473407960378482694 Charlotte Hornets
1467938792564736007 Milwaukee Bucks
1462540902027591689 Houston Rockets
1461884608790859780 Minnesota Timberwolves
1461427570965041158 Denver Nuggets
1461207400581525511 Utah Jazz
1461157443656945666 New York Knicks
1460394713123598336 Dallas Mavericks
1458994910267273217 Phoenix Suns
1458621590145576963 Boston Celtics
1512952251567902720 Portland Trail Blazers
1512951403802619905 Sacramento Kings
1511304655929704449 New York Knicks
1507338380111409155 Portland Trail Blazers
1500826949559545856 Portland Trail Blazers
1499723007425540098 Portland Trail Blazers
1499658777087275010 Minnesota Timberwolves
1499556642387480582 Portland Trail Blazers
1499556396798738433 Denver Nuggets
1499009458369748994 Portland Trail Blazers
1497921350207369217 Portland Trail Blazers
1497489637207470085 Portland Trail Blazers
1496652065912750080 Sacramento Kings
1513155052013293574 Indiana Pacers
1514456896811454466 Minnesota Timberwolves
1514275818993815554 New York Knicks
1514274630495879170 Orlando Magic
1514265678018191360 Phoenix Suns
1514265515258171394 Sacramento Kings
1514056970516549641 Sacramento Kings
1514040448762978312 Minnesota Timberwolves
1513738067659558913 Sacramento Kings
1511574329091186693 Charlotte Hornets
1506384205940330496 New Orleans Pelicans
1504905428404121603 Sacramento Kings
1504823481157922816 Houston Rockets
1504640896708489219 Sacramento Kings
1503875551144022017 Utah Jazz
1503455389492252672 Oklahoma City Thunder
1503403456664539136 Sacramento Kings
1503390355479138305 Los Angeles Lakers
1503208037107965953 Houston Rockets
1503148746984419330 Sacramento Kings
1502709206616469508 Houston Rockets
1514638076748120064 Denver Nuggets
1514637919071653893 Los Angeles Clippers
1514628544047230976 Orlando Magic
1514624386581798912 Charlotte Hornets
1514623919302787072 Sacramento Kings
1514623182971740162 Charlotte Hornets
1514622019845128193 Milwaukee Bucks
1514619805974036482 Sacramento Kings
1514619669671727109 Sacramento Kings
1514620552878575617 Sacramento Kings
1514620456539607056 Sacramento Kings
1513035393876209664 Sacramento Kings
1513034980833718274 Chicago Bulls
1513034043872276480 Sacramento Kings
1513033443696787457 New Orleans Pelicans
1513033305590882307 Houston Rockets
1513522599816433665 Sacramento Kings
1509855499935649801 Minnesota Timberwolves
1509422004046163968 Toronto Raptors
1506996450240000000 Denver Nuggets
1506051021985832961 Sacramento Kings
1505538194938335234 Houston Rockets
1514601727085129730 Chicago Bulls
1514577224439316483 Houston Rockets
1514549053262303232 Denver Nuggets
1514537301627396098 Denver Nuggets
1514526845458612228 New York Knicks
1514454902659239938 Denver Nuggets
1514435630776074240 Sacramento Kings
1514226160636690439 Toronto Raptors
1514192564525568004 Sacramento Kings
1514192067366334464 Houston Rockets
1514158704652079113 Houston Rockets
1514597646811475971 Denver Nuggets
1514273241602400256 Sacramento Kings
1514272957870321665 Sacramento Kings
1514026608331472898 Utah Jazz
1513933973839298566 Phoenix Suns
1513885157610110984 Sacramento Kings
1513670813400150021 Sacramento Kings
1513642398982750222 New York Knicks
1513505633336709127 Houston Rockets
1513324443996762112 Toronto Raptors
1513255046598770698 New York Knicks
1512935596091707403 New York Knicks
1512898382607618067 Sacramento Kings
1514223993678544900 Oklahoma City Thunder
1514107576257982465 New York Knicks
1514104266239070210 Minnesota Timberwolves
1514103542759374851 Orlando Magic
1514098610946056192 Minnesota Timberwolves
1513886758538260491 Denver Nuggets
1513658267880210436 Sacramento Kings
1513511106110664704 Houston Rockets
1513324767847149568 New Orleans Pelicans
1513286527492624387 Toronto Raptors
1513148763027607554 Houston Rockets
1512062047348875264 Denver Nuggets
1514591092293136386 Sacramento Kings
1514457284448907271 Orlando Magic
1514224028344410112 Portland Trail Blazers
1514198698875502593 Utah Jazz
1514198615173963778 Sacramento Kings
1513833253295509507 Sacramento Kings
1513821435911110662 Sacramento Kings
1513780219538477057 Sacramento Kings
1513779928508268546 Sacramento Kings
1512475418766544900 Boston Celtics
1512238276547162125 Utah Jazz
1512126254258008073 Indiana Pacers
1485835404385427456 Utah Jazz
1485097391049125889 San Antonio Spurs
1485063745512558596 San Antonio Spurs
1485063698947391489 San Antonio Spurs
1484969462839365634 Phoenix Suns
1484969389879222274 San Antonio Spurs
1484969369960648708 San Antonio Spurs
1484712193610366978 Toronto Raptors
1484712163881201664 Indiana Pacers
1484708586911674380 San Antonio Spurs
1484708479227121668 San Antonio Spurs
1512220845481078787 Portland Trail Blazers
1512156441100132359 New Orleans Pelicans
1511814485513846786 Toronto Raptors
1511545411139522563 San Antonio Spurs
1511527093863165956 Phoenix Suns
1507562807570702339 Sacramento Kings
1506037315978002432 Cleveland Cavaliers
1502062899656896528 Chicago Bulls
1500309980431405060 Portland Trail Blazers
1493021151198654467 Cleveland Cavaliers
1492708694219448322 Denver Nuggets
1490858009014448129 Houston Rockets
1489741938744037382 New York Knicks
1484265133048270851 San Antonio Spurs
1483261835113635842 Milwaukee Bucks
1514654669163098114 Washington Wizards
1514654594126970882 Portland Trail Blazers
1514654418842824705 San Antonio Spurs
1514654261300592640 Atlanta Hawks
1514653827932495874 Charlotte Hornets
1514653378986782724 New Orleans Pelicans
1514652392356454401 Atlanta Hawks
1514651992878108678 Washington Wizards
1514654391592173571 Memphis Grizzlies
1514464708748840960 Orlando Magic
1514463586797723648 Denver Nuggets
1514459737512984576 Los Angeles Clippers
1514322086017257476 New York Knicks
1514306971880636417 Minnesota Timberwolves
1514102303816654856 Houston Rockets
1514101937154707462 Charlotte Hornets
1513307129620406275 Golden State Warriors
1514654121046982662 Utah Jazz
1514651826053955590 Indiana Pacers
1508630842100301824 San Antonio Spurs
1508601591175299079 Portland Trail Blazers
1508595480892256263 Houston Rockets
1508443656579072003 New York Knicks
1508279401875714050 Philadelphia 76ers
1508276770423853060 San Antonio Spurs
1508276147204808708 Utah Jazz
1500642337222971396 Indiana Pacers
1499465701094039559 Minnesota Timberwolves
1499464629571010568 Portland Trail Blazers
1513626982470373397 Orlando Magic
1511190216907837442 Memphis Grizzlies
1510410420850462724 New York Knicks
1509696346831339524 Sacramento Kings
1505245237370929157 Denver Nuggets
1505243742227374086 Orlando Magic
1503777860040994825 Utah Jazz
1503201713150472193 Dallas Mavericks
1514654227729199106 Houston Rockets
1508621017035513857 Detroit Pistons
1508616864607387652 Utah Jazz
1485450785513250818 Dallas Mavericks
1485448688751325184 Minnesota Timberwolves
1484600634552852484 Detroit Pistons
1482883782243930115 San Antonio Spurs
1482863762453508097 San Antonio Spurs
1481493019073392640 Minnesota Timberwolves
1481252549210607619 Washington Wizards
1479547160970543123 San Antonio Spurs
1479546916186771456 San Antonio Spurs
1478792408846544909 San Antonio Spurs
1471219265638477828 San Antonio Spurs
1471219059219959819 San Antonio Spurs
1471218996884160524 San Antonio Spurs
1468645929800675331 San Antonio Spurs
1484260609197756421 San Antonio Spurs
1484009858135474180 San Antonio Spurs
1461554171279249408 Sacramento Kings
1436407375095910403 Los Angeles Clippers
1435654125421748224 Utah Jazz
1399115753513799680 Houston Rockets
1365127401466777605 Denver Nuggets
1360727491145576454 San Antonio Spurs
1509955253613088770 Brooklyn Nets
1509350954491158537 Memphis Grizzlies
1509350832629813248 Denver Nuggets
1507752924264509449 Phoenix Suns
1506592705610412042 Minnesota Timberwolves
1503511146761895937 Detroit Pistons
1503371866941100033 Sacramento Kings
1503223709095579650 New Orleans Pelicans
1503220297289318401 San Antonio Spurs
1512632046744702981 Minnesota Timberwolves
1511668842401087492 Orlando Magic
1508413977897979912 Cleveland Cavaliers
1506922071393280002 Utah Jazz
1504586581067407366 Portland Trail Blazers
1504544353745780738 Dallas Mavericks
1503783600206012418 Houston Rockets
1500163004133953541 Utah Jazz
1498642025805230085 Utah Jazz
1497432054363041795 San Antonio Spurs
1514625306950311938 Sacramento Kings
1491067399247998978 Denver Nuggets
1488334366690492418 Houston Rockets
1484209463242498066 San Antonio Spurs
1480629081326727176 Toronto Raptors
1479551936718327815 New Orleans Pelicans
1479508198818291712 Oklahoma City Thunder
1477379849765498881 Utah Jazz
1462670899992309763 Chicago Bulls
1456664010288402446 Cleveland Cavaliers
1455225565003272197 Minnesota Timberwolves
1452511746732838917 Minnesota Timberwolves
1451393655709782024 Utah Jazz
1514653134685196296 Houston Rockets
1514652195010011142 Utah Jazz
1514651868655464452 New Orleans Pelicans
1514651845075308545 Houston Rockets
1514650763376664587 Sacramento Kings
1514650609915465728 Oklahoma City Thunder
1514650340049698817 Utah Jazz
1514642625630019586 Sacramento Kings
1514367007243784199 Utah Jazz
1514366690741698561 Oklahoma City Thunder
1514366341121294341 Denver Nuggets
1514366239094808584 Minnesota Timberwolves
1514628050671091721 Denver Nuggets
1514082391006056453 Denver Nuggets
1513839186574467073 Portland Trail Blazers
1513679180470366208 Houston Rockets
1513589269348167682 Philadelphia 76ers
1513211346472558594 Phoenix Suns
1512974743057666058 Orlando Magic
1512974030416007177 Phoenix Suns
1512973911163613192 New Orleans Pelicans
1512934162331844613 Phoenix Suns
1512024990606053379 Detroit Pistons
1511446760249602060 Dallas Mavericks
1508369092331327489 Utah Jazz
1508367716595515393 Miami Heat
1508331438906785792 Boston Celtics
1506042279529754630 Washington Wizards
1505834952587460611 Toronto Raptors
1504706743275864101 Sacramento Kings
1504696281897517058 Minnesota Timberwolves
1503793040229548033 Washington Wizards
1501086268607893506 Sacramento Kings
1514266188175613954 Minnesota Timberwolves
1514261698143784960 Milwaukee Bucks
1514025219173797888 Philadelphia 76ers
1513706796229275649 Houston Rockets
1513704559973183495 Utah Jazz
1513699171089453058 Minnesota Timberwolves
1513697666840018944 Denver Nuggets
1513697196658634757 Denver Nuggets
1513661394360676352 Charlotte Hornets
1513654662196563972 Minnesota Timberwolves
1513607784620769282 Portland Trail Blazers
1513567346362916864 Minnesota Timberwolves
1484539610202001412 Toronto Raptors
1484519666370420737 San Antonio Spurs
1484518590258814976 Toronto Raptors
1484518462034694159 Toronto Raptors
1484239982709641221 San Antonio Spurs
1483907742158962692 Toronto Raptors
1483866381611319296 Los Angeles Clippers
1483444452370886659 Toronto Raptors
1483444395059949578 San Antonio Spurs
1483444379008307204 Toronto Raptors
1483431314384908290 Toronto Raptors
1482094708524474368 Toronto Raptors
1482063243086647297 Sacramento Kings
1514653895892557833 Oklahoma City Thunder
1514395268556414976 Minnesota Timberwolves
1514395127925682176 Denver Nuggets
1514394172324732930 Houston Rockets
1513974629643309059 Utah Jazz
1513974542607151107 Houston Rockets
1513972082983510019 Orlando Magic
1513653714480996354 Denver Nuggets
1513653685909442562 Houston Rockets
1513266238738386945 Los Angeles Lakers
1513207894371622924 Minnesota Timberwolves
1513207296851066880 Houston Rockets
1508416960530460677 Detroit Pistons
1350308043863502848 Chicago Bulls
1340697912888717313 Detroit Pistons
1287100612031713280 New York Knicks
1286888856818716672 Portland Trail Blazers
1259870210238152707 New Orleans Pelicans
1162001868186357760 Utah Jazz
1161981007232491520 Utah Jazz
1143027042654543874 Utah Jazz
700703928510496769 Denver Nuggets
648968703737004032 Houston Rockets
602510809307160577 Utah Jazz
579302955498790913 Miami Heat
577645576436613120 Utah Jazz
576420957881044992 Utah Jazz
1514279059043147777 Utah Jazz
1513947733005987840 Denver Nuggets
1512126584576041041 Milwaukee Bucks
1511723447902035970 Denver Nuggets
1511378780199268359 Utah Jazz
1511122566789828615 New York Knicks
1509904181150171146 Utah Jazz
1509692645139910665 Houston Rockets
1509373404251574274 New York Knicks
1508542683089817600 Minnesota Timberwolves
1508519783532150785 Denver Nuggets
1508504043378798594 Houston Rockets
1510704521969745921 San Antonio Spurs
1483994237964533760 Toronto Raptors
1483184728001765376 San Antonio Spurs
1481781887748083713 Utah Jazz
1481722391814291456 San Antonio Spurs
1481722375959760898 San Antonio Spurs
1481404662506950657 San Antonio Spurs
1514356490441617410 Cleveland Cavaliers
1514364570478948354 Chicago Bulls
1514303430986149891 Sacramento Kings
1513218319620354056 Denver Nuggets
1511936180501168131 Memphis Grizzlies
1511821235340021763 Portland Trail Blazers
1511716866003066880 Miami Heat
1510659172844523520 Denver Nuggets
1509814159604518913 Portland Trail Blazers
1509051148228997122 Oklahoma City Thunder
1507046128184958982 New York Knicks
1506082572656254978 Portland Trail Blazers
1505574903403098112 Utah Jazz
1505008022598291460 Utah Jazz
1504115177414807560 Minnesota Timberwolves
1514354278617411584 Denver Nuggets
1509722134066700288 Utah Jazz
1509719795477921796 Utah Jazz
1501080806894096384 Utah Jazz
1491263935366201346 Utah Jazz
1491263713885966338 Utah Jazz
1420498579110514692 Utah Jazz
1403861705692614656 Utah Jazz
1393375491713765376 Denver Nuggets
1381486295973720065 Charlotte Hornets
1377708948527046659 Minnesota Timberwolves
1377704563193483265 Houston Rockets
1377658339799146496 Utah Jazz
1370189050343157762 Minnesota Timberwolves
1513680818752741383 Utah Jazz
1513331206749753344 Houston Rockets
1512643044679376901 Philadelphia 76ers
1512141121194905609 Dallas Mavericks
1506633058203672580 Chicago Bulls
1509900050947878918 Phoenix Suns
1506398686170939397 Toronto Raptors
1514621316363554822 Denver Nuggets
1514435977179136003 New York Knicks
1514083804549242884 Denver Nuggets
1513990372812201984 Minnesota Timberwolves
1513990152384770049 Minnesota Timberwolves
1513989736230121472 Cleveland Cavaliers
1513928529133539329 Houston Rockets
1513730327834882051 Minnesota Timberwolves
1514497402551648256 Minnesota Timberwolves
1513955563603906567 Orlando Magic
1511834909740044291 New Orleans Pelicans
1511690620036956165 Atlanta Hawks
1507373955769896969 Utah Jazz
1507010444015284226 Houston Rockets
1506928577123700744 Atlanta Hawks
1506288639340429332 Houston Rockets
1500805131058794499 Utah Jazz
1496411768427585536 New Orleans Pelicans
1494621152232280064 New Orleans Pelicans
1514657276757430279 Washington Wizards
1514656966102208523 Washington Wizards
1514656859063742466 Denver Nuggets
1514000335483908104 New York Knicks
1513576656874704901 Brooklyn Nets
1511834275578007554 Orlando Magic
1514654521250795527 Phoenix Suns
1514654258406305794 Houston Rockets
1514654086536253443 Orlando Magic
1514646557328609286 Chicago Bulls
1514644499452018697 Phoenix Suns
1514644456062033921 Sacramento Kings
1514644394766483463 Dallas Mavericks
1514644362340282380 Oklahoma City Thunder
1514644332061593604 Phoenix Suns
1514643096578965511 Houston Rockets
1514643058658357255 Orlando Magic
1514643048076042246 New York Knicks
1514180891492466693 Los Angeles Clippers
1514180211046236161 Portland Trail Blazers
1514180071690588162 Brooklyn Nets
1514180054913327109 Los Angeles Clippers
1513987326057361419 Dallas Mavericks
1513987302342770697 Phoenix Suns
1513824196899528704 Orlando Magic
1513824130772180992 Washington Wizards
1513795476990177285 Phoenix Suns
1513795461349613570 Washington Wizards
1513795447663513600 Washington Wizards
1513795422686429185 Indiana Pacers
1514567321221668865 San Antonio Spurs
1514437414642716673 Milwaukee Bucks
1514410165667307528 Denver Nuggets
1514409574912114696 Minnesota Timberwolves
1514381393073221632 Denver Nuggets
1514207692923064325 Memphis Grizzlies
1514207439331147776 Washington Wizards
1514101602755481602 Denver Nuggets
1514093566930341888 Minnesota Timberwolves
1514038683334332424 Utah Jazz
1512078639336022027 Utah Jazz
1511391066678874113 Sacramento Kings
1511162801984884751 Cleveland Cavaliers
1509557658495377417 San Antonio Spurs
1507394560422551554 Oklahoma City Thunder
1485052487233163268 Toronto Raptors
1485052457193512971 Toronto Raptors
1485050979846438919 Toronto Raptors
1476621395241152520 Chicago Bulls
1457935483598786560 Denver Nuggets
1454581776446377985 Memphis Grizzlies
1454167034124804103 Orlando Magic
1449761603851849730 Houston Rockets
1438689758486614019 Boston Celtics
1434696586886623232 Houston Rockets
1429853300351021059 Orlando Magic
1426928025384390656 Indiana Pacers
1426918551462588417 Detroit Pistons
1426917817056698378 Washington Wizards
1425842987481935875 San Antonio Spurs
1514454859789094920 New Orleans Pelicans
1514434076433915905 Detroit Pistons
1514377164770193410 Washington Wizards
1514256658494631944 Washington Wizards
1514235559560032267 Washington Wizards
1513964792414883853 Boston Celtics
1513964749951746060 Washington Wizards
1513877250382483461 Portland Trail Blazers
1513876982601297924 Houston Rockets
1513680259455012864 Phoenix Suns
1513612576298516483 Dallas Mavericks
1513581680426160132 Dallas Mavericks
1513556469165314057 Denver Nuggets
1513551422025048072 Minnesota Timberwolves
1513550927365607425 Memphis Grizzlies
1513529778539798530 Houston Rockets
1513524370718797828 New Orleans Pelicans
1493969534356709376 Denver Nuggets
1493057898427174912 Toronto Raptors
